
AVRASM ver. 2.1.30  D:\AVR\ltavr\k44\List\t.asm Mon Jan 11 15:20:54 2016

                 
                 
                 ;CodeVisionAVR C Compiler V2.05.0 Professional
                 ;(C) Copyright 1998-2010 Pavel Haiduc, HP InfoTech s.r.l.
                 ;http://www.hpinfotech.com
                 
                 ;Chip type                : ATmega16
                 ;Program type             : Application
                 ;Clock frequency          : 16.000000 MHz
                 ;Memory model             : Small
                 ;Optimize for             : Size
                 ;(s)printf features       : int, width
                 ;(s)scanf features        : int, width
                 ;External RAM size        : 0
                 ;Data Stack size          : 256 byte(s)
                 ;Heap size                : 0 byte(s)
                 ;Promote 'char' to 'int'  : Yes
                 ;'char' is unsigned       : Yes
                 ;8 bit enums              : Yes
                 ;global 'const' stored in FLASH: No
                 ;Enhanced core instructions    : On
                 ;Smart register allocation     : On
                 ;Automatic register allocation : On
                 
                 	#pragma AVRPART ADMIN PART_NAME ATmega16
                 	#pragma AVRPART MEMORY PROG_FLASH 16384
                 	#pragma AVRPART MEMORY EEPROM 512
                 	#pragma AVRPART MEMORY INT_SRAM SIZE 1119
                 	#pragma AVRPART MEMORY INT_SRAM START_ADDR 0x60
                 
                 	#define CALL_SUPPORTED 1
                 
                 	.LISTMAC
                 	.EQU UDRE=0x5
                 	.EQU RXC=0x7
                 	.EQU USR=0xB
                 	.EQU UDR=0xC
                 	.EQU SPSR=0xE
                 	.EQU SPDR=0xF
                 	.EQU EERE=0x0
                 	.EQU EEWE=0x1
                 	.EQU EEMWE=0x2
                 	.EQU EECR=0x1C
                 	.EQU EEDR=0x1D
                 	.EQU EEARL=0x1E
                 	.EQU EEARH=0x1F
                 	.EQU WDTCR=0x21
                 	.EQU MCUCR=0x35
                 	.EQU GICR=0x3B
                 	.EQU SPL=0x3D
                 	.EQU SPH=0x3E
                 	.EQU SREG=0x3F
                 
                 	.DEF R0X0=R0
                 	.DEF R0X1=R1
                 	.DEF R0X2=R2
                 	.DEF R0X3=R3
                 	.DEF R0X4=R4
                 	.DEF R0X5=R5
                 	.DEF R0X6=R6
                 	.DEF R0X7=R7
                 	.DEF R0X8=R8
                 	.DEF R0X9=R9
                 	.DEF R0XA=R10
                 	.DEF R0XB=R11
                 	.DEF R0XC=R12
                 	.DEF R0XD=R13
                 	.DEF R0XE=R14
                 	.DEF R0XF=R15
                 	.DEF R0X10=R16
                 	.DEF R0X11=R17
                 	.DEF R0X12=R18
                 	.DEF R0X13=R19
                 	.DEF R0X14=R20
                 	.DEF R0X15=R21
                 	.DEF R0X16=R22
                 	.DEF R0X17=R23
                 	.DEF R0X18=R24
                 	.DEF R0X19=R25
                 	.DEF R0X1A=R26
                 	.DEF R0X1B=R27
                 	.DEF R0X1C=R28
                 	.DEF R0X1D=R29
                 	.DEF R0X1E=R30
                 	.DEF R0X1F=R31
                 
                 	.EQU __SRAM_START=0x0060
                 	.EQU __SRAM_END=0x045F
                 	.EQU __DSTACK_SIZE=0x0100
                 	.EQU __HEAP_SIZE=0x0000
                 	.EQU __CLEAR_SRAM_SIZE=__SRAM_END-__SRAM_START+1
                 
                 	.MACRO __CPD1N
                 	CPI  R30,LOW(@0)
                 	LDI  R26,HIGH(@0)
                 	CPC  R31,R26
                 	LDI  R26,BYTE3(@0)
                 	CPC  R22,R26
                 	LDI  R26,BYTE4(@0)
                 	CPC  R23,R26
                 	.ENDM
                 
                 	.MACRO __CPD2N
                 	CPI  R26,LOW(@0)
                 	LDI  R30,HIGH(@0)
                 	CPC  R27,R30
                 	LDI  R30,BYTE3(@0)
                 	CPC  R24,R30
                 	LDI  R30,BYTE4(@0)
                 	CPC  R25,R30
                 	.ENDM
                 
                 	.MACRO __CPWRR
                 	CP   R@0,R@2
                 	CPC  R@1,R@3
                 	.ENDM
                 
                 	.MACRO __CPWRN
                 	CPI  R@0,LOW(@2)
                 	LDI  R30,HIGH(@2)
                 	CPC  R@1,R30
                 	.ENDM
                 
                 	.MACRO __ADDB1MN
                 	SUBI R30,LOW(-@0-(@1))
                 	.ENDM
                 
                 	.MACRO __ADDB2MN
                 	SUBI R26,LOW(-@0-(@1))
                 	.ENDM
                 
                 	.MACRO __ADDW1MN
                 	SUBI R30,LOW(-@0-(@1))
                 	SBCI R31,HIGH(-@0-(@1))
                 	.ENDM
                 
                 	.MACRO __ADDW2MN
                 	SUBI R26,LOW(-@0-(@1))
                 	SBCI R27,HIGH(-@0-(@1))
                 	.ENDM
                 
                 	.MACRO __ADDW1FN
                 	SUBI R30,LOW(-2*@0-(@1))
                 	SBCI R31,HIGH(-2*@0-(@1))
                 	.ENDM
                 
                 	.MACRO __ADDD1FN
                 	SUBI R30,LOW(-2*@0-(@1))
                 	SBCI R31,HIGH(-2*@0-(@1))
                 	SBCI R22,BYTE3(-2*@0-(@1))
                 	.ENDM
                 
                 	.MACRO __ADDD1N
                 	SUBI R30,LOW(-@0)
                 	SBCI R31,HIGH(-@0)
                 	SBCI R22,BYTE3(-@0)
                 	SBCI R23,BYTE4(-@0)
                 	.ENDM
                 
                 	.MACRO __ADDD2N
                 	SUBI R26,LOW(-@0)
                 	SBCI R27,HIGH(-@0)
                 	SBCI R24,BYTE3(-@0)
                 	SBCI R25,BYTE4(-@0)
                 	.ENDM
                 
                 	.MACRO __SUBD1N
                 	SUBI R30,LOW(@0)
                 	SBCI R31,HIGH(@0)
                 	SBCI R22,BYTE3(@0)
                 	SBCI R23,BYTE4(@0)
                 	.ENDM
                 
                 	.MACRO __SUBD2N
                 	SUBI R26,LOW(@0)
                 	SBCI R27,HIGH(@0)
                 	SBCI R24,BYTE3(@0)
                 	SBCI R25,BYTE4(@0)
                 	.ENDM
                 
                 	.MACRO __ANDBMNN
                 	LDS  R30,@0+(@1)
                 	ANDI R30,LOW(@2)
                 	STS  @0+(@1),R30
                 	.ENDM
                 
                 	.MACRO __ANDWMNN
                 	LDS  R30,@0+(@1)
                 	ANDI R30,LOW(@2)
                 	STS  @0+(@1),R30
                 	LDS  R30,@0+(@1)+1
                 	ANDI R30,HIGH(@2)
                 	STS  @0+(@1)+1,R30
                 	.ENDM
                 
                 	.MACRO __ANDD1N
                 	ANDI R30,LOW(@0)
                 	ANDI R31,HIGH(@0)
                 	ANDI R22,BYTE3(@0)
                 	ANDI R23,BYTE4(@0)
                 	.ENDM
                 
                 	.MACRO __ANDD2N
                 	ANDI R26,LOW(@0)
                 	ANDI R27,HIGH(@0)
                 	ANDI R24,BYTE3(@0)
                 	ANDI R25,BYTE4(@0)
                 	.ENDM
                 
                 	.MACRO __ORBMNN
                 	LDS  R30,@0+(@1)
                 	ORI  R30,LOW(@2)
                 	STS  @0+(@1),R30
                 	.ENDM
                 
                 	.MACRO __ORWMNN
                 	LDS  R30,@0+(@1)
                 	ORI  R30,LOW(@2)
                 	STS  @0+(@1),R30
                 	LDS  R30,@0+(@1)+1
                 	ORI  R30,HIGH(@2)
                 	STS  @0+(@1)+1,R30
                 	.ENDM
                 
                 	.MACRO __ORD1N
                 	ORI  R30,LOW(@0)
                 	ORI  R31,HIGH(@0)
                 	ORI  R22,BYTE3(@0)
                 	ORI  R23,BYTE4(@0)
                 	.ENDM
                 
                 	.MACRO __ORD2N
                 	ORI  R26,LOW(@0)
                 	ORI  R27,HIGH(@0)
                 	ORI  R24,BYTE3(@0)
                 	ORI  R25,BYTE4(@0)
                 	.ENDM
                 
                 	.MACRO __DELAY_USB
                 	LDI  R24,LOW(@0)
                 __DELAY_USB_LOOP:
                 	DEC  R24
                 	BRNE __DELAY_USB_LOOP
                 	.ENDM
                 
                 	.MACRO __DELAY_USW
                 	LDI  R24,LOW(@0)
                 	LDI  R25,HIGH(@0)
                 __DELAY_USW_LOOP:
                 	SBIW R24,1
                 	BRNE __DELAY_USW_LOOP
                 	.ENDM
                 
                 	.MACRO __GETD1S
                 	LDD  R30,Y+@0
                 	LDD  R31,Y+@0+1
                 	LDD  R22,Y+@0+2
                 	LDD  R23,Y+@0+3
                 	.ENDM
                 
                 	.MACRO __GETD2S
                 	LDD  R26,Y+@0
                 	LDD  R27,Y+@0+1
                 	LDD  R24,Y+@0+2
                 	LDD  R25,Y+@0+3
                 	.ENDM
                 
                 	.MACRO __PUTD1S
                 	STD  Y+@0,R30
                 	STD  Y+@0+1,R31
                 	STD  Y+@0+2,R22
                 	STD  Y+@0+3,R23
                 	.ENDM
                 
                 	.MACRO __PUTD2S
                 	STD  Y+@0,R26
                 	STD  Y+@0+1,R27
                 	STD  Y+@0+2,R24
                 	STD  Y+@0+3,R25
                 	.ENDM
                 
                 	.MACRO __PUTDZ2
                 	STD  Z+@0,R26
                 	STD  Z+@0+1,R27
                 	STD  Z+@0+2,R24
                 	STD  Z+@0+3,R25
                 	.ENDM
                 
                 	.MACRO __CLRD1S
                 	STD  Y+@0,R30
                 	STD  Y+@0+1,R30
                 	STD  Y+@0+2,R30
                 	STD  Y+@0+3,R30
                 	.ENDM
                 
                 	.MACRO __POINTB1MN
                 	LDI  R30,LOW(@0+(@1))
                 	.ENDM
                 
                 	.MACRO __POINTW1MN
                 	LDI  R30,LOW(@0+(@1))
                 	LDI  R31,HIGH(@0+(@1))
                 	.ENDM
                 
                 	.MACRO __POINTD1M
                 	LDI  R30,LOW(@0)
                 	LDI  R31,HIGH(@0)
                 	LDI  R22,BYTE3(@0)
                 	LDI  R23,BYTE4(@0)
                 	.ENDM
                 
                 	.MACRO __POINTW1FN
                 	LDI  R30,LOW(2*@0+(@1))
                 	LDI  R31,HIGH(2*@0+(@1))
                 	.ENDM
                 
                 	.MACRO __POINTD1FN
                 	LDI  R30,LOW(2*@0+(@1))
                 	LDI  R31,HIGH(2*@0+(@1))
                 	LDI  R22,BYTE3(2*@0+(@1))
                 	LDI  R23,BYTE4(2*@0+(@1))
                 	.ENDM
                 
                 	.MACRO __POINTB2MN
                 	LDI  R26,LOW(@0+(@1))
                 	.ENDM
                 
                 	.MACRO __POINTW2MN
                 	LDI  R26,LOW(@0+(@1))
                 	LDI  R27,HIGH(@0+(@1))
                 	.ENDM
                 
                 	.MACRO __POINTBRM
                 	LDI  R@0,LOW(@1)
                 	.ENDM
                 
                 	.MACRO __POINTWRM
                 	LDI  R@0,LOW(@2)
                 	LDI  R@1,HIGH(@2)
                 	.ENDM
                 
                 	.MACRO __POINTBRMN
                 	LDI  R@0,LOW(@1+(@2))
                 	.ENDM
                 
                 	.MACRO __POINTWRMN
                 	LDI  R@0,LOW(@2+(@3))
                 	LDI  R@1,HIGH(@2+(@3))
                 	.ENDM
                 
                 	.MACRO __POINTWRFN
                 	LDI  R@0,LOW(@2*2+(@3))
                 	LDI  R@1,HIGH(@2*2+(@3))
                 	.ENDM
                 
                 	.MACRO __GETD1N
                 	LDI  R30,LOW(@0)
                 	LDI  R31,HIGH(@0)
                 	LDI  R22,BYTE3(@0)
                 	LDI  R23,BYTE4(@0)
                 	.ENDM
                 
                 	.MACRO __GETD2N
                 	LDI  R26,LOW(@0)
                 	LDI  R27,HIGH(@0)
                 	LDI  R24,BYTE3(@0)
                 	LDI  R25,BYTE4(@0)
                 	.ENDM
                 
                 	.MACRO __GETB1MN
                 	LDS  R30,@0+(@1)
                 	.ENDM
                 
                 	.MACRO __GETB1HMN
                 	LDS  R31,@0+(@1)
                 	.ENDM
                 
                 	.MACRO __GETW1MN
                 	LDS  R30,@0+(@1)
                 	LDS  R31,@0+(@1)+1
                 	.ENDM
                 
                 	.MACRO __GETD1MN
                 	LDS  R30,@0+(@1)
                 	LDS  R31,@0+(@1)+1
                 	LDS  R22,@0+(@1)+2
                 	LDS  R23,@0+(@1)+3
                 	.ENDM
                 
                 	.MACRO __GETBRMN
                 	LDS  R@0,@1+(@2)
                 	.ENDM
                 
                 	.MACRO __GETWRMN
                 	LDS  R@0,@2+(@3)
                 	LDS  R@1,@2+(@3)+1
                 	.ENDM
                 
                 	.MACRO __GETWRZ
                 	LDD  R@0,Z+@2
                 	LDD  R@1,Z+@2+1
                 	.ENDM
                 
                 	.MACRO __GETD2Z
                 	LDD  R26,Z+@0
                 	LDD  R27,Z+@0+1
                 	LDD  R24,Z+@0+2
                 	LDD  R25,Z+@0+3
                 	.ENDM
                 
                 	.MACRO __GETB2MN
                 	LDS  R26,@0+(@1)
                 	.ENDM
                 
                 	.MACRO __GETW2MN
                 	LDS  R26,@0+(@1)
                 	LDS  R27,@0+(@1)+1
                 	.ENDM
                 
                 	.MACRO __GETD2MN
                 	LDS  R26,@0+(@1)
                 	LDS  R27,@0+(@1)+1
                 	LDS  R24,@0+(@1)+2
                 	LDS  R25,@0+(@1)+3
                 	.ENDM
                 
                 	.MACRO __PUTB1MN
                 	STS  @0+(@1),R30
                 	.ENDM
                 
                 	.MACRO __PUTW1MN
                 	STS  @0+(@1),R30
                 	STS  @0+(@1)+1,R31
                 	.ENDM
                 
                 	.MACRO __PUTD1MN
                 	STS  @0+(@1),R30
                 	STS  @0+(@1)+1,R31
                 	STS  @0+(@1)+2,R22
                 	STS  @0+(@1)+3,R23
                 	.ENDM
                 
                 	.MACRO __PUTB1EN
                 	LDI  R26,LOW(@0+(@1))
                 	LDI  R27,HIGH(@0+(@1))
                 	CALL __EEPROMWRB
                 	.ENDM
                 
                 	.MACRO __PUTW1EN
                 	LDI  R26,LOW(@0+(@1))
                 	LDI  R27,HIGH(@0+(@1))
                 	CALL __EEPROMWRW
                 	.ENDM
                 
                 	.MACRO __PUTD1EN
                 	LDI  R26,LOW(@0+(@1))
                 	LDI  R27,HIGH(@0+(@1))
                 	CALL __EEPROMWRD
                 	.ENDM
                 
                 	.MACRO __PUTBR0MN
                 	STS  @0+(@1),R0
                 	.ENDM
                 
                 	.MACRO __PUTBMRN
                 	STS  @0+(@1),R@2
                 	.ENDM
                 
                 	.MACRO __PUTWMRN
                 	STS  @0+(@1),R@2
                 	STS  @0+(@1)+1,R@3
                 	.ENDM
                 
                 	.MACRO __PUTBZR
                 	STD  Z+@1,R@0
                 	.ENDM
                 
                 	.MACRO __PUTWZR
                 	STD  Z+@2,R@0
                 	STD  Z+@2+1,R@1
                 	.ENDM
                 
                 	.MACRO __GETW1R
                 	MOV  R30,R@0
                 	MOV  R31,R@1
                 	.ENDM
                 
                 	.MACRO __GETW2R
                 	MOV  R26,R@0
                 	MOV  R27,R@1
                 	.ENDM
                 
                 	.MACRO __GETWRN
                 	LDI  R@0,LOW(@2)
                 	LDI  R@1,HIGH(@2)
                 	.ENDM
                 
                 	.MACRO __PUTW1R
                 	MOV  R@0,R30
                 	MOV  R@1,R31
                 	.ENDM
                 
                 	.MACRO __PUTW2R
                 	MOV  R@0,R26
                 	MOV  R@1,R27
                 	.ENDM
                 
                 	.MACRO __ADDWRN
                 	SUBI R@0,LOW(-@2)
                 	SBCI R@1,HIGH(-@2)
                 	.ENDM
                 
                 	.MACRO __ADDWRR
                 	ADD  R@0,R@2
                 	ADC  R@1,R@3
                 	.ENDM
                 
                 	.MACRO __SUBWRN
                 	SUBI R@0,LOW(@2)
                 	SBCI R@1,HIGH(@2)
                 	.ENDM
                 
                 	.MACRO __SUBWRR
                 	SUB  R@0,R@2
                 	SBC  R@1,R@3
                 	.ENDM
                 
                 	.MACRO __ANDWRN
                 	ANDI R@0,LOW(@2)
                 	ANDI R@1,HIGH(@2)
                 	.ENDM
                 
                 	.MACRO __ANDWRR
                 	AND  R@0,R@2
                 	AND  R@1,R@3
                 	.ENDM
                 
                 	.MACRO __ORWRN
                 	ORI  R@0,LOW(@2)
                 	ORI  R@1,HIGH(@2)
                 	.ENDM
                 
                 	.MACRO __ORWRR
                 	OR   R@0,R@2
                 	OR   R@1,R@3
                 	.ENDM
                 
                 	.MACRO __EORWRR
                 	EOR  R@0,R@2
                 	EOR  R@1,R@3
                 	.ENDM
                 
                 	.MACRO __GETWRS
                 	LDD  R@0,Y+@2
                 	LDD  R@1,Y+@2+1
                 	.ENDM
                 
                 	.MACRO __PUTBSR
                 	STD  Y+@1,R@0
                 	.ENDM
                 
                 	.MACRO __PUTWSR
                 	STD  Y+@2,R@0
                 	STD  Y+@2+1,R@1
                 	.ENDM
                 
                 	.MACRO __MOVEWRR
                 	MOV  R@0,R@2
                 	MOV  R@1,R@3
                 	.ENDM
                 
                 	.MACRO __INWR
                 	IN   R@0,@2
                 	IN   R@1,@2+1
                 	.ENDM
                 
                 	.MACRO __OUTWR
                 	OUT  @2+1,R@1
                 	OUT  @2,R@0
                 	.ENDM
                 
                 	.MACRO __CALL1MN
                 	LDS  R30,@0+(@1)
                 	LDS  R31,@0+(@1)+1
                 	ICALL
                 	.ENDM
                 
                 	.MACRO __CALL1FN
                 	LDI  R30,LOW(2*@0+(@1))
                 	LDI  R31,HIGH(2*@0+(@1))
                 	CALL __GETW1PF
                 	ICALL
                 	.ENDM
                 
                 	.MACRO __CALL2EN
                 	LDI  R26,LOW(@0+(@1))
                 	LDI  R27,HIGH(@0+(@1))
                 	CALL __EEPROMRDW
                 	ICALL
                 	.ENDM
                 
                 	.MACRO __GETW1STACK
                 	IN   R26,SPL
                 	IN   R27,SPH
                 	ADIW R26,@0+1
                 	LD   R30,X+
                 	LD   R31,X
                 	.ENDM
                 
                 	.MACRO __GETD1STACK
                 	IN   R26,SPL
                 	IN   R27,SPH
                 	ADIW R26,@0+1
                 	LD   R30,X+
                 	LD   R31,X+
                 	LD   R22,X
                 	.ENDM
                 
                 	.MACRO __NBST
                 	BST  R@0,@1
                 	IN   R30,SREG
                 	LDI  R31,0x40
                 	EOR  R30,R31
                 	OUT  SREG,R30
                 	.ENDM
                 
                 
                 	.MACRO __PUTB1SN
                 	LDD  R26,Y+@0
                 	LDD  R27,Y+@0+1
                 	SUBI R26,LOW(-@1)
                 	SBCI R27,HIGH(-@1)
                 	ST   X,R30
                 	.ENDM
                 
                 	.MACRO __PUTW1SN
                 	LDD  R26,Y+@0
                 	LDD  R27,Y+@0+1
                 	SUBI R26,LOW(-@1)
                 	SBCI R27,HIGH(-@1)
                 	ST   X+,R30
                 	ST   X,R31
                 	.ENDM
                 
                 	.MACRO __PUTD1SN
                 	LDD  R26,Y+@0
                 	LDD  R27,Y+@0+1
                 	SUBI R26,LOW(-@1)
                 	SBCI R27,HIGH(-@1)
                 	CALL __PUTDP1
                 	.ENDM
                 
                 	.MACRO __PUTB1SNS
                 	LDD  R26,Y+@0
                 	LDD  R27,Y+@0+1
                 	ADIW R26,@1
                 	ST   X,R30
                 	.ENDM
                 
                 	.MACRO __PUTW1SNS
                 	LDD  R26,Y+@0
                 	LDD  R27,Y+@0+1
                 	ADIW R26,@1
                 	ST   X+,R30
                 	ST   X,R31
                 	.ENDM
                 
                 	.MACRO __PUTD1SNS
                 	LDD  R26,Y+@0
                 	LDD  R27,Y+@0+1
                 	ADIW R26,@1
                 	CALL __PUTDP1
                 	.ENDM
                 
                 	.MACRO __PUTB1PMN
                 	LDS  R26,@0
                 	LDS  R27,@0+1
                 	SUBI R26,LOW(-@1)
                 	SBCI R27,HIGH(-@1)
                 	ST   X,R30
                 	.ENDM
                 
                 	.MACRO __PUTW1PMN
                 	LDS  R26,@0
                 	LDS  R27,@0+1
                 	SUBI R26,LOW(-@1)
                 	SBCI R27,HIGH(-@1)
                 	ST   X+,R30
                 	ST   X,R31
                 	.ENDM
                 
                 	.MACRO __PUTD1PMN
                 	LDS  R26,@0
                 	LDS  R27,@0+1
                 	SUBI R26,LOW(-@1)
                 	SBCI R27,HIGH(-@1)
                 	CALL __PUTDP1
                 	.ENDM
                 
                 	.MACRO __PUTB1PMNS
                 	LDS  R26,@0
                 	LDS  R27,@0+1
                 	ADIW R26,@1
                 	ST   X,R30
                 	.ENDM
                 
                 	.MACRO __PUTW1PMNS
                 	LDS  R26,@0
                 	LDS  R27,@0+1
                 	ADIW R26,@1
                 	ST   X+,R30
                 	ST   X,R31
                 	.ENDM
                 
                 	.MACRO __PUTD1PMNS
                 	LDS  R26,@0
                 	LDS  R27,@0+1
                 	ADIW R26,@1
                 	CALL __PUTDP1
                 	.ENDM
                 
                 	.MACRO __PUTB1RN
                 	MOVW R26,R@0
                 	SUBI R26,LOW(-@1)
                 	SBCI R27,HIGH(-@1)
                 	ST   X,R30
                 	.ENDM
                 
                 	.MACRO __PUTW1RN
                 	MOVW R26,R@0
                 	SUBI R26,LOW(-@1)
                 	SBCI R27,HIGH(-@1)
                 	ST   X+,R30
                 	ST   X,R31
                 	.ENDM
                 
                 	.MACRO __PUTD1RN
                 	MOVW R26,R@0
                 	SUBI R26,LOW(-@1)
                 	SBCI R27,HIGH(-@1)
                 	CALL __PUTDP1
                 	.ENDM
                 
                 	.MACRO __PUTB1RNS
                 	MOVW R26,R@0
                 	ADIW R26,@1
                 	ST   X,R30
                 	.ENDM
                 
                 	.MACRO __PUTW1RNS
                 	MOVW R26,R@0
                 	ADIW R26,@1
                 	ST   X+,R30
                 	ST   X,R31
                 	.ENDM
                 
                 	.MACRO __PUTD1RNS
                 	MOVW R26,R@0
                 	ADIW R26,@1
                 	CALL __PUTDP1
                 	.ENDM
                 
                 	.MACRO __PUTB1RON
                 	MOV  R26,R@0
                 	MOV  R27,R@1
                 	SUBI R26,LOW(-@2)
                 	SBCI R27,HIGH(-@2)
                 	ST   X,R30
                 	.ENDM
                 
                 	.MACRO __PUTW1RON
                 	MOV  R26,R@0
                 	MOV  R27,R@1
                 	SUBI R26,LOW(-@2)
                 	SBCI R27,HIGH(-@2)
                 	ST   X+,R30
                 	ST   X,R31
                 	.ENDM
                 
                 	.MACRO __PUTD1RON
                 	MOV  R26,R@0
                 	MOV  R27,R@1
                 	SUBI R26,LOW(-@2)
                 	SBCI R27,HIGH(-@2)
                 	CALL __PUTDP1
                 	.ENDM
                 
                 	.MACRO __PUTB1RONS
                 	MOV  R26,R@0
                 	MOV  R27,R@1
                 	ADIW R26,@2
                 	ST   X,R30
                 	.ENDM
                 
                 	.MACRO __PUTW1RONS
                 	MOV  R26,R@0
                 	MOV  R27,R@1
                 	ADIW R26,@2
                 	ST   X+,R30
                 	ST   X,R31
                 	.ENDM
                 
                 	.MACRO __PUTD1RONS
                 	MOV  R26,R@0
                 	MOV  R27,R@1
                 	ADIW R26,@2
                 	CALL __PUTDP1
                 	.ENDM
                 
                 
                 	.MACRO __GETB1SX
                 	MOVW R30,R28
                 	SUBI R30,LOW(-@0)
                 	SBCI R31,HIGH(-@0)
                 	LD   R30,Z
                 	.ENDM
                 
                 	.MACRO __GETB1HSX
                 	MOVW R30,R28
                 	SUBI R30,LOW(-@0)
                 	SBCI R31,HIGH(-@0)
                 	LD   R31,Z
                 	.ENDM
                 
                 	.MACRO __GETW1SX
                 	MOVW R30,R28
                 	SUBI R30,LOW(-@0)
                 	SBCI R31,HIGH(-@0)
                 	LD   R0,Z+
                 	LD   R31,Z
                 	MOV  R30,R0
                 	.ENDM
                 
                 	.MACRO __GETD1SX
                 	MOVW R30,R28
                 	SUBI R30,LOW(-@0)
                 	SBCI R31,HIGH(-@0)
                 	LD   R0,Z+
                 	LD   R1,Z+
                 	LD   R22,Z+
                 	LD   R23,Z
                 	MOVW R30,R0
                 	.ENDM
                 
                 	.MACRO __GETB2SX
                 	MOVW R26,R28
                 	SUBI R26,LOW(-@0)
                 	SBCI R27,HIGH(-@0)
                 	LD   R26,X
                 	.ENDM
                 
                 	.MACRO __GETW2SX
                 	MOVW R26,R28
                 	SUBI R26,LOW(-@0)
                 	SBCI R27,HIGH(-@0)
                 	LD   R0,X+
                 	LD   R27,X
                 	MOV  R26,R0
                 	.ENDM
                 
                 	.MACRO __GETD2SX
                 	MOVW R26,R28
                 	SUBI R26,LOW(-@0)
                 	SBCI R27,HIGH(-@0)
                 	LD   R0,X+
                 	LD   R1,X+
                 	LD   R24,X+
                 	LD   R25,X
                 	MOVW R26,R0
                 	.ENDM
                 
                 	.MACRO __GETBRSX
                 	MOVW R30,R28
                 	SUBI R30,LOW(-@1)
                 	SBCI R31,HIGH(-@1)
                 	LD   R@0,Z
                 	.ENDM
                 
                 	.MACRO __GETWRSX
                 	MOVW R30,R28
                 	SUBI R30,LOW(-@2)
                 	SBCI R31,HIGH(-@2)
                 	LD   R@0,Z+
                 	LD   R@1,Z
                 	.ENDM
                 
                 	.MACRO __GETBRSX2
                 	MOVW R26,R28
                 	SUBI R26,LOW(-@1)
                 	SBCI R27,HIGH(-@1)
                 	LD   R@0,X
                 	.ENDM
                 
                 	.MACRO __GETWRSX2
                 	MOVW R26,R28
                 	SUBI R26,LOW(-@2)
                 	SBCI R27,HIGH(-@2)
                 	LD   R@0,X+
                 	LD   R@1,X
                 	.ENDM
                 
                 	.MACRO __LSLW8SX
                 	MOVW R30,R28
                 	SUBI R30,LOW(-@0)
                 	SBCI R31,HIGH(-@0)
                 	LD   R31,Z
                 	CLR  R30
                 	.ENDM
                 
                 	.MACRO __PUTB1SX
                 	MOVW R26,R28
                 	SUBI R26,LOW(-@0)
                 	SBCI R27,HIGH(-@0)
                 	ST   X,R30
                 	.ENDM
                 
                 	.MACRO __PUTW1SX
                 	MOVW R26,R28
                 	SUBI R26,LOW(-@0)
                 	SBCI R27,HIGH(-@0)
                 	ST   X+,R30
                 	ST   X,R31
                 	.ENDM
                 
                 	.MACRO __PUTD1SX
                 	MOVW R26,R28
                 	SUBI R26,LOW(-@0)
                 	SBCI R27,HIGH(-@0)
                 	ST   X+,R30
                 	ST   X+,R31
                 	ST   X+,R22
                 	ST   X,R23
                 	.ENDM
                 
                 	.MACRO __CLRW1SX
                 	MOVW R26,R28
                 	SUBI R26,LOW(-@0)
                 	SBCI R27,HIGH(-@0)
                 	ST   X+,R30
                 	ST   X,R30
                 	.ENDM
                 
                 	.MACRO __CLRD1SX
                 	MOVW R26,R28
                 	SUBI R26,LOW(-@0)
                 	SBCI R27,HIGH(-@0)
                 	ST   X+,R30
                 	ST   X+,R30
                 	ST   X+,R30
                 	ST   X,R30
                 	.ENDM
                 
                 	.MACRO __PUTB2SX
                 	MOVW R30,R28
                 	SUBI R30,LOW(-@0)
                 	SBCI R31,HIGH(-@0)
                 	ST   Z,R26
                 	.ENDM
                 
                 	.MACRO __PUTW2SX
                 	MOVW R30,R28
                 	SUBI R30,LOW(-@0)
                 	SBCI R31,HIGH(-@0)
                 	ST   Z+,R26
                 	ST   Z,R27
                 	.ENDM
                 
                 	.MACRO __PUTD2SX
                 	MOVW R30,R28
                 	SUBI R30,LOW(-@0)
                 	SBCI R31,HIGH(-@0)
                 	ST   Z+,R26
                 	ST   Z+,R27
                 	ST   Z+,R24
                 	ST   Z,R25
                 	.ENDM
                 
                 	.MACRO __PUTBSRX
                 	MOVW R30,R28
                 	SUBI R30,LOW(-@1)
                 	SBCI R31,HIGH(-@1)
                 	ST   Z,R@0
                 	.ENDM
                 
                 	.MACRO __PUTWSRX
                 	MOVW R30,R28
                 	SUBI R30,LOW(-@2)
                 	SBCI R31,HIGH(-@2)
                 	ST   Z+,R@0
                 	ST   Z,R@1
                 	.ENDM
                 
                 	.MACRO __PUTB1SNX
                 	MOVW R26,R28
                 	SUBI R26,LOW(-@0)
                 	SBCI R27,HIGH(-@0)
                 	LD   R0,X+
                 	LD   R27,X
                 	MOV  R26,R0
                 	SUBI R26,LOW(-@1)
                 	SBCI R27,HIGH(-@1)
                 	ST   X,R30
                 	.ENDM
                 
                 	.MACRO __PUTW1SNX
                 	MOVW R26,R28
                 	SUBI R26,LOW(-@0)
                 	SBCI R27,HIGH(-@0)
                 	LD   R0,X+
                 	LD   R27,X
                 	MOV  R26,R0
                 	SUBI R26,LOW(-@1)
                 	SBCI R27,HIGH(-@1)
                 	ST   X+,R30
                 	ST   X,R31
                 	.ENDM
                 
                 	.MACRO __PUTD1SNX
                 	MOVW R26,R28
                 	SUBI R26,LOW(-@0)
                 	SBCI R27,HIGH(-@0)
                 	LD   R0,X+
                 	LD   R27,X
                 	MOV  R26,R0
                 	SUBI R26,LOW(-@1)
                 	SBCI R27,HIGH(-@1)
                 	ST   X+,R30
                 	ST   X+,R31
                 	ST   X+,R22
                 	ST   X,R23
                 	.ENDM
                 
                 	.MACRO __MULBRR
                 	MULS R@0,R@1
                 	MOVW R30,R0
                 	.ENDM
                 
                 	.MACRO __MULBRRU
                 	MUL  R@0,R@1
                 	MOVW R30,R0
                 	.ENDM
                 
                 	.MACRO __MULBRR0
                 	MULS R@0,R@1
                 	.ENDM
                 
                 	.MACRO __MULBRRU0
                 	MUL  R@0,R@1
                 	.ENDM
                 
                 	.MACRO __MULBNWRU
                 	LDI  R26,@2
                 	MUL  R26,R@0
                 	MOVW R30,R0
                 	MUL  R26,R@1
                 	ADD  R31,R0
                 	.ENDM
                 
                 	.CSEG
                 	.ORG 0x00
                 
                 ;START OF CODE MARKER
                 __START_OF_CODE:
                 
                 ;INTERRUPT VECTORS
000000 940c 003e 	JMP  __RESET
000002 940c 0000 	JMP  0x00
000004 940c 0000 	JMP  0x00
000006 940c 0000 	JMP  0x00
000008 940c 0000 	JMP  0x00
00000a 940c 0000 	JMP  0x00
00000c 940c 0000 	JMP  0x00
00000e 940c 0000 	JMP  0x00
000010 940c 0000 	JMP  0x00
000012 940c 0000 	JMP  0x00
000014 940c 0000 	JMP  0x00
000016 940c 0000 	JMP  0x00
000018 940c 0000 	JMP  0x00
00001a 940c 0000 	JMP  0x00
00001c 940c 0000 	JMP  0x00
00001e 940c 0000 	JMP  0x00
000020 940c 0000 	JMP  0x00
000022 940c 0000 	JMP  0x00
000024 940c 0000 	JMP  0x00
000026 940c 0000 	JMP  0x00
000028 940c 0000 	JMP  0x00
                 
                 _0x3:
00002a 063f
00002b 4f5b
00002c 6d66
00002d 077d      	.DB  0x3F,0x6,0x5B,0x4F,0x66,0x6D,0x7D,0x7
00002e 6f7f      	.DB  0x7F,0x6F
                 _0x4:
00002f 0201
000030 0403
000031 0605
000032 0807      	.DB  0x1,0x2,0x3,0x4,0x5,0x6,0x7,0x8
000033 0009
000034 0201
000035 0403
000036 0605      	.DB  0x9,0x0,0x1,0x2,0x3,0x4,0x5,0x6
                 
                 __GLOBAL_INI_TBL:
000037 000a      	.DW  0x0A
000038 0160      	.DW  _led_7_G000
000039 0054      	.DW  _0x3*2
                 
00003a 0010      	.DW  0x10
00003b 016e      	.DW  _key_G000
00003c 005e      	.DW  _0x4*2
                 
                 _0xFFFFFFFF:
00003d 0000      	.DW  0
                 
                 __RESET:
00003e 94f8      	CLI
00003f 27ee      	CLR  R30
000040 bbec      	OUT  EECR,R30
                 
                 ;INTERRUPT VECTORS ARE PLACED
                 ;AT THE START OF FLASH
000041 e0f1      	LDI  R31,1
000042 bffb      	OUT  GICR,R31
000043 bfeb      	OUT  GICR,R30
000044 bfe5      	OUT  MCUCR,R30
                 
                 ;DISABLE WATCHDOG
000045 e1f8      	LDI  R31,0x18
000046 bdf1      	OUT  WDTCR,R31
000047 bde1      	OUT  WDTCR,R30
                 
                 ;CLEAR R2-R14
000048 e08d      	LDI  R24,(14-2)+1
000049 e0a2      	LDI  R26,2
00004a 27bb      	CLR  R27
                 __CLEAR_REG:
00004b 93ed      	ST   X+,R30
00004c 958a      	DEC  R24
00004d f7e9      	BRNE __CLEAR_REG
                 
                 ;CLEAR SRAM
00004e e080      	LDI  R24,LOW(__CLEAR_SRAM_SIZE)
00004f e094      	LDI  R25,HIGH(__CLEAR_SRAM_SIZE)
000050 e6a0      	LDI  R26,__SRAM_START
                 __CLEAR_SRAM:
000051 93ed      	ST   X+,R30
000052 9701      	SBIW R24,1
000053 f7e9      	BRNE __CLEAR_SRAM
                 
                 ;GLOBAL VARIABLES INITIALIZATION
000054 e6ee      	LDI  R30,LOW(__GLOBAL_INI_TBL*2)
000055 e0f0      	LDI  R31,HIGH(__GLOBAL_INI_TBL*2)
                 __GLOBAL_INI_NEXT:
000056 9185      	LPM  R24,Z+
000057 9195      	LPM  R25,Z+
000058 9700      	SBIW R24,0
000059 f061      	BREQ __GLOBAL_INI_END
00005a 91a5      	LPM  R26,Z+
00005b 91b5      	LPM  R27,Z+
00005c 9005      	LPM  R0,Z+
00005d 9015      	LPM  R1,Z+
00005e 01bf      	MOVW R22,R30
00005f 01f0      	MOVW R30,R0
                 __GLOBAL_INI_LOOP:
000060 9005      	LPM  R0,Z+
000061 920d      	ST   X+,R0
000062 9701      	SBIW R24,1
000063 f7e1      	BRNE __GLOBAL_INI_LOOP
000064 01fb      	MOVW R30,R22
000065 cff0      	RJMP __GLOBAL_INI_NEXT
                 __GLOBAL_INI_END:
                 
                 ;HARDWARE STACK POINTER INITIALIZATION
000066 e5ef      	LDI  R30,LOW(__SRAM_END-__HEAP_SIZE)
000067 bfed      	OUT  SPL,R30
000068 e0e4      	LDI  R30,HIGH(__SRAM_END-__HEAP_SIZE)
000069 bfee      	OUT  SPH,R30
                 
                 ;DATA STACK POINTER INITIALIZATION
00006a e6c0      	LDI  R28,LOW(__SRAM_START+__DSTACK_SIZE)
00006b e0d1      	LDI  R29,HIGH(__SRAM_START+__DSTACK_SIZE)
                 
00006c 940c 00eb 	JMP  _main
                 
                 	.ESEG
                 	.ORG 0
                 
                 	.DSEG
                 	.ORG 0x160
                 
                 	.CSEG
                 ;/*****************************************************
                 ;This program was produced by the
                 ;CodeWizardAVR V2.05.0 Professional
                 ;Automatic Program Generator
                 ;© Copyright 1998-2010 Pavel Haiduc, HP InfoTech s.r.l.
                 ;http://www.hpinfotech.com
                 ;
                 ;Project :
                 ;Version :
                 ;Date    : 9/26/2015
                 ;Author  : NeVaDa
                 ;Company :
                 ;Comments:
                 ;
                 ;
                 ;Chip type               : ATmega16
                 ;Program type            : Application
                 ;AVR Core Clock frequency: 16.000000 MHz
                 ;Memory model            : Small
                 ;External RAM size       : 0
                 ;Data Stack size         : 256
                 ;*****************************************************/
                 ;
                 ;#include <mega16.h>
                 	#ifndef __SLEEP_DEFINED__
                 	#define __SLEEP_DEFINED__
                 	.EQU __se_bit=0x40
                 	.EQU __sm_mask=0xB0
                 	.EQU __sm_powerdown=0x20
                 	.EQU __sm_powersave=0x30
                 	.EQU __sm_standby=0xA0
                 	.EQU __sm_ext_standby=0xB0
                 	.EQU __sm_adc_noise_red=0x10
                 	.SET power_ctrl_reg=mcucr
                 	#endif
                 ;#include <delay.h>
                 ;// Declare your global variables here
                 ;static unsigned char led_7[10]={0b00111111,0b00000110,0b01011011,0b01001111,0b01100110,0b01101101,0b01111101,0b00000111,0b01111111,0b01101111};
                 
                 	.DSEG
                 ;unsigned char hien[4]={0,0,0,0};
                 ;
                 ;static unsigned char key[4][4]={{1,2,3,4},
                 ;                                {5,6,7,8},
                 ;                                {9,0,1,2},
                 ;                                {3,4,5,6}};
                 ;void quetled(void)
                 ; 0000 0023  {
                 
                 	.CSEG
                 _quetled:
                 ; 0000 0024   int j;
                 ; 0000 0025   int x=0b00000111;
                 ; 0000 0026   for(j=0;j<4;j++)
00006e 940e 015b 	CALL __SAVELOCR4
                 ;	j -> R16,R17
                 ;	x -> R18,R19
                +
000070 e027     +LDI R18 , LOW ( 7 )
000071 e030     +LDI R19 , HIGH ( 7 )
                 	__GETWRN 18,19,7
                +
000072 e000     +LDI R16 , LOW ( 0 )
000073 e010     +LDI R17 , HIGH ( 0 )
                 	__GETWRN 16,17,0
                 _0x6:
                +
000074 3004     +CPI R16 , LOW ( 4 )
000075 e0e0     +LDI R30 , HIGH ( 4 )
000076 071e     +CPC R17 , R30
                 	__CPWRN 16,17,4
000077 f4a4      	BRGE _0x7
                 ; 0000 0027   {
                 ; 0000 0028    PORTC=0xFF;
000078 efef      	LDI  R30,LOW(255)
000079 bbe5      	OUT  0x15,R30
                 ; 0000 0029    PORTC=x;
00007a bb25      	OUT  0x15,R18
                 ; 0000 002A    PORTA=hien[j];
00007b e6aa      	LDI  R26,LOW(_hien)
00007c e0b1      	LDI  R27,HIGH(_hien)
00007d 0fa0      	ADD  R26,R16
00007e 1fb1      	ADC  R27,R17
00007f 91ec      	LD   R30,X
000080 bbeb      	OUT  0x1B,R30
                 ; 0000 002B    delay_ms(1);
000081 e0e1      	LDI  R30,LOW(1)
000082 e0f0      	LDI  R31,HIGH(1)
000083 d0b9      	RCALL SUBOPT_0x0
                 ; 0000 002C    x=(x>>1)+0b00001000;
000084 01f9      	MOVW R30,R18
000085 95f5      	ASR  R31
000086 95e7      	ROR  R30
000087 9638      	ADIW R30,8
000088 019f      	MOVW R18,R30
                 ; 0000 002D   }
                +
000089 5f0f     +SUBI R16 , LOW ( - 1 )
00008a 4f1f     +SBCI R17 , HIGH ( - 1 )
                 	__ADDWRN 16,17,1
00008b cfe8      	RJMP _0x6
                 _0x7:
                 ; 0000 002E  }
00008c 940e 0160 	CALL __LOADLOCR4
00008e 9624      	ADIW R28,4
00008f 9508      	RET
                 ;
                 ;
                 ;unsigned int quet_phim(void){
                 ; 0000 0031 unsigned int quet_phim(void){
                 _quet_phim:
                 ; 0000 0032 
                 ; 0000 0033     int a[4]={0b11111110,0b11111101,0b11111011,0b11110111};
                 ; 0000 0034     int dong;
                 ; 0000 0035 
                 ; 0000 0036     PORTD=0b11111111;
000090 9728      	SBIW R28,8
000091 efee      	LDI  R30,LOW(254)
000092 83e8      	ST   Y,R30
000093 e0e0      	LDI  R30,LOW(0)
000094 83e9      	STD  Y+1,R30
000095 efed      	LDI  R30,LOW(253)
000096 83ea      	STD  Y+2,R30
000097 e0e0      	LDI  R30,LOW(0)
000098 83eb      	STD  Y+3,R30
000099 efeb      	LDI  R30,LOW(251)
00009a 83ec      	STD  Y+4,R30
00009b e0e0      	LDI  R30,LOW(0)
00009c 83ed      	STD  Y+5,R30
00009d efe7      	LDI  R30,LOW(247)
00009e 83ee      	STD  Y+6,R30
00009f e0e0      	LDI  R30,LOW(0)
0000a0 83ef      	STD  Y+7,R30
0000a1 931a      	ST   -Y,R17
0000a2 930a      	ST   -Y,R16
                 ;	a -> Y+2
                 ;	dong -> R16,R17
0000a3 efef      	LDI  R30,LOW(255)
0000a4 bbe2      	OUT  0x12,R30
                 ; 0000 0037     for(dong=0;dong<4;dong++){
                +
0000a5 e000     +LDI R16 , LOW ( 0 )
0000a6 e010     +LDI R17 , HIGH ( 0 )
                 	__GETWRN 16,17,0
                 _0x9:
                +
0000a7 3004     +CPI R16 , LOW ( 4 )
0000a8 e0e0     +LDI R30 , HIGH ( 4 )
0000a9 071e     +CPC R17 , R30
                 	__CPWRN 16,17,4
0000aa f014      	BRLT PC+3
0000ab 940c 00e5 	JMP _0xA
                 ; 0000 0038     PORTD=a[dong];
0000ad 01f8      	MOVW R30,R16
0000ae 01de      	MOVW R26,R28
0000af 9612      	ADIW R26,2
0000b0 0fee      	LSL  R30
0000b1 1fff      	ROL  R31
0000b2 0fae      	ADD  R26,R30
0000b3 1fbf      	ADC  R27,R31
0000b4 91ec      	LD   R30,X
0000b5 bbe2      	OUT  0x12,R30
                 ; 0000 0039 
                 ; 0000 003A     if(PIND.4==0){
0000b6 9984      	SBIC 0x10,4
0000b7 c009      	RJMP _0xB
                 ; 0000 003B     delay_ms(5);
0000b8 d088      	RCALL SUBOPT_0x1
                 ; 0000 003C     if(PIND.4==0){
0000b9 9984      	SBIC 0x10,4
0000ba c006      	RJMP _0xC
                 ; 0000 003D     return key[dong][0];
0000bb d088      	RCALL SUBOPT_0x2
0000bc 0fae      	ADD  R26,R30
0000bd 1fbf      	ADC  R27,R31
0000be 91ec      	LD   R30,X
0000bf e0f0      	LDI  R31,0
0000c0 c026      	RJMP _0x2000001
                 ; 0000 003E     }
                 ; 0000 003F     }
                 _0xC:
                 ; 0000 0040     if(PIND.5==0){
                 _0xB:
0000c1 9985      	SBIC 0x10,5
0000c2 c009      	RJMP _0xD
                 ; 0000 0041     delay_ms(5);
0000c3 d07d      	RCALL SUBOPT_0x1
                 ; 0000 0042     if(PIND.5==0){
0000c4 9985      	SBIC 0x10,5
0000c5 c006      	RJMP _0xE
                 ; 0000 0043     return key[dong][1];
0000c6 d07d      	RCALL SUBOPT_0x2
0000c7 0fea      	ADD  R30,R26
0000c8 1ffb      	ADC  R31,R27
0000c9 81e1      	LDD  R30,Z+1
0000ca e0f0      	LDI  R31,0
0000cb c01b      	RJMP _0x2000001
                 ; 0000 0044     }
                 ; 0000 0045     }
                 _0xE:
                 ; 0000 0046     if(PIND.6==0){
                 _0xD:
0000cc 9986      	SBIC 0x10,6
0000cd c009      	RJMP _0xF
                 ; 0000 0047     delay_ms(5);
0000ce d072      	RCALL SUBOPT_0x1
                 ; 0000 0048     if(PIND.6==0){
0000cf 9986      	SBIC 0x10,6
0000d0 c006      	RJMP _0x10
                 ; 0000 0049     return key[dong][2];
0000d1 d072      	RCALL SUBOPT_0x2
0000d2 0fea      	ADD  R30,R26
0000d3 1ffb      	ADC  R31,R27
0000d4 81e2      	LDD  R30,Z+2
0000d5 e0f0      	LDI  R31,0
0000d6 c010      	RJMP _0x2000001
                 ; 0000 004A     }
                 ; 0000 004B     }
                 _0x10:
                 ; 0000 004C     if(PIND.7==0){
                 _0xF:
0000d7 9987      	SBIC 0x10,7
0000d8 c009      	RJMP _0x11
                 ; 0000 004D     delay_ms(5);
0000d9 d067      	RCALL SUBOPT_0x1
                 ; 0000 004E     if(PIND.7==0){
0000da 9987      	SBIC 0x10,7
0000db c006      	RJMP _0x12
                 ; 0000 004F     return key[dong][3];
0000dc d067      	RCALL SUBOPT_0x2
0000dd 0fea      	ADD  R30,R26
0000de 1ffb      	ADC  R31,R27
0000df 81e3      	LDD  R30,Z+3
0000e0 e0f0      	LDI  R31,0
0000e1 c005      	RJMP _0x2000001
                 ; 0000 0050     }
                 ; 0000 0051     }
                 _0x12:
                 ; 0000 0052 }
                 _0x11:
                +
0000e2 5f0f     +SUBI R16 , LOW ( - 1 )
0000e3 4f1f     +SBCI R17 , HIGH ( - 1 )
                 	__ADDWRN 16,17,1
0000e4 cfc2      	RJMP _0x9
                 _0xA:
                 ; 0000 0053 
                 ; 0000 0054 return 0;
0000e5 e0e0      	LDI  R30,LOW(0)
0000e6 e0f0      	LDI  R31,HIGH(0)
                 _0x2000001:
0000e7 8119      	LDD  R17,Y+1
0000e8 8108      	LDD  R16,Y+0
0000e9 962a      	ADIW R28,10
0000ea 9508      	RET
                 ; 0000 0055 }
                 ;void main(void)
                 ; 0000 0057 {
                 _main:
                 ; 0000 0058 // Declare your local variables here
                 ; 0000 0059 
                 ; 0000 005A // Input/Output Ports initialization
                 ; 0000 005B // Port A initialization
                 ; 0000 005C // Func7=In Func6=In Func5=In Func4=In Func3=In Func2=In Func1=In Func0=In
                 ; 0000 005D // State7=T State6=T State5=T State4=T State3=T State2=T State1=T State0=T
                 ; 0000 005E PORTA=0xFF;
0000eb efef      	LDI  R30,LOW(255)
0000ec bbeb      	OUT  0x1B,R30
                 ; 0000 005F DDRA=0xFF;
0000ed bbea      	OUT  0x1A,R30
                 ; 0000 0060 
                 ; 0000 0061 // Port B initialization
                 ; 0000 0062 // Func7=In Func6=In Func5=In Func4=In Func3=In Func2=In Func1=In Func0=In
                 ; 0000 0063 // State7=T State6=T State5=T State4=T State3=T State2=T State1=T State0=T
                 ; 0000 0064 PORTB=0x00;
0000ee e0e0      	LDI  R30,LOW(0)
0000ef bbe8      	OUT  0x18,R30
                 ; 0000 0065 DDRB=0x00;
0000f0 bbe7      	OUT  0x17,R30
                 ; 0000 0066 
                 ; 0000 0067 // Port C initialization
                 ; 0000 0068 // Func7=In Func6=In Func5=In Func4=In Func3=In Func2=In Func1=In Func0=In
                 ; 0000 0069 // State7=T State6=T State5=T State4=T State3=T State2=T State1=T State0=T
                 ; 0000 006A PORTC=0b00001111;
0000f1 e0ef      	LDI  R30,LOW(15)
0000f2 bbe5      	OUT  0x15,R30
                 ; 0000 006B DDRC=0b00001111;
0000f3 bbe4      	OUT  0x14,R30
                 ; 0000 006C 
                 ; 0000 006D // Port D initialization
                 ; 0000 006E // Func7=In Func6=In Func5=In Func4=In Func3=In Func2=In Func1=In Func0=In
                 ; 0000 006F // State7=T State6=T State5=T State4=T State3=T State2=T State1=T State0=T
                 ; 0000 0070 PORTD=0xFF;
0000f4 efef      	LDI  R30,LOW(255)
0000f5 bbe2      	OUT  0x12,R30
                 ; 0000 0071 DDRD=0b00001111;
0000f6 e0ef      	LDI  R30,LOW(15)
0000f7 bbe1      	OUT  0x11,R30
                 ; 0000 0072 
                 ; 0000 0073 // Timer/Counter 0 initialization
                 ; 0000 0074 // Clock source: System Clock
                 ; 0000 0075 // Clock value: Timer 0 Stopped
                 ; 0000 0076 // Mode: Normal top=0xFF
                 ; 0000 0077 // OC0 output: Disconnected
                 ; 0000 0078 TCCR0=0x00;
0000f8 e0e0      	LDI  R30,LOW(0)
0000f9 bfe3      	OUT  0x33,R30
                 ; 0000 0079 TCNT0=0x00;
0000fa bfe2      	OUT  0x32,R30
                 ; 0000 007A OCR0=0x00;
0000fb bfec      	OUT  0x3C,R30
                 ; 0000 007B 
                 ; 0000 007C // Timer/Counter 1 initialization
                 ; 0000 007D // Clock source: System Clock
                 ; 0000 007E // Clock value: Timer1 Stopped
                 ; 0000 007F // Mode: Normal top=0xFFFF
                 ; 0000 0080 // OC1A output: Discon.
                 ; 0000 0081 // OC1B output: Discon.
                 ; 0000 0082 // Noise Canceler: Off
                 ; 0000 0083 // Input Capture on Falling Edge
                 ; 0000 0084 // Timer1 Overflow Interrupt: Off
                 ; 0000 0085 // Input Capture Interrupt: Off
                 ; 0000 0086 // Compare A Match Interrupt: Off
                 ; 0000 0087 // Compare B Match Interrupt: Off
                 ; 0000 0088 TCCR1A=0x00;
0000fc bdef      	OUT  0x2F,R30
                 ; 0000 0089 TCCR1B=0x00;
0000fd bdee      	OUT  0x2E,R30
                 ; 0000 008A TCNT1H=0x00;
0000fe bded      	OUT  0x2D,R30
                 ; 0000 008B TCNT1L=0x00;
0000ff bdec      	OUT  0x2C,R30
                 ; 0000 008C ICR1H=0x00;
000100 bde7      	OUT  0x27,R30
                 ; 0000 008D ICR1L=0x00;
000101 bde6      	OUT  0x26,R30
                 ; 0000 008E OCR1AH=0x00;
000102 bdeb      	OUT  0x2B,R30
                 ; 0000 008F OCR1AL=0x00;
000103 bdea      	OUT  0x2A,R30
                 ; 0000 0090 OCR1BH=0x00;
000104 bde9      	OUT  0x29,R30
                 ; 0000 0091 OCR1BL=0x00;
000105 bde8      	OUT  0x28,R30
                 ; 0000 0092 
                 ; 0000 0093 // Timer/Counter 2 initialization
                 ; 0000 0094 // Clock source: System Clock
                 ; 0000 0095 // Clock value: Timer2 Stopped
                 ; 0000 0096 // Mode: Normal top=0xFF
                 ; 0000 0097 // OC2 output: Disconnected
                 ; 0000 0098 ASSR=0x00;
000106 bde2      	OUT  0x22,R30
                 ; 0000 0099 TCCR2=0x00;
000107 bde5      	OUT  0x25,R30
                 ; 0000 009A TCNT2=0x00;
000108 bde4      	OUT  0x24,R30
                 ; 0000 009B OCR2=0x00;
000109 bde3      	OUT  0x23,R30
                 ; 0000 009C 
                 ; 0000 009D // External Interrupt(s) initialization
                 ; 0000 009E // INT0: Off
                 ; 0000 009F // INT1: Off
                 ; 0000 00A0 // INT2: Off
                 ; 0000 00A1 MCUCR=0x00;
00010a bfe5      	OUT  0x35,R30
                 ; 0000 00A2 MCUCSR=0x00;
00010b bfe4      	OUT  0x34,R30
                 ; 0000 00A3 
                 ; 0000 00A4 // Timer(s)/Counter(s) Interrupt(s) initialization
                 ; 0000 00A5 TIMSK=0x00;
00010c bfe9      	OUT  0x39,R30
                 ; 0000 00A6 
                 ; 0000 00A7 // USART initialization
                 ; 0000 00A8 // USART disabled
                 ; 0000 00A9 UCSRB=0x00;
00010d b9ea      	OUT  0xA,R30
                 ; 0000 00AA 
                 ; 0000 00AB // Analog Comparator initialization
                 ; 0000 00AC // Analog Comparator: Off
                 ; 0000 00AD // Analog Comparator Input Capture by Timer/Counter 1: Off
                 ; 0000 00AE ACSR=0x80;
00010e e8e0      	LDI  R30,LOW(128)
00010f b9e8      	OUT  0x8,R30
                 ; 0000 00AF SFIOR=0x00;
000110 e0e0      	LDI  R30,LOW(0)
000111 bfe0      	OUT  0x30,R30
                 ; 0000 00B0 
                 ; 0000 00B1 // ADC initialization
                 ; 0000 00B2 // ADC disabled
                 ; 0000 00B3 ADCSRA=0x00;
000112 b9e6      	OUT  0x6,R30
                 ; 0000 00B4 
                 ; 0000 00B5 // SPI initialization
                 ; 0000 00B6 // SPI disabled
                 ; 0000 00B7 SPCR=0x00;
000113 b9ed      	OUT  0xD,R30
                 ; 0000 00B8 
                 ; 0000 00B9 // TWI initialization
                 ; 0000 00BA // TWI disabled
                 ; 0000 00BB TWCR=0x00;
000114 bfe6      	OUT  0x36,R30
                 ; 0000 00BC 
                 ; 0000 00BD while (1)
                 _0x13:
                 ; 0000 00BE       {
                 ; 0000 00BF       // Place your code here
                 ; 0000 00C0        int x;
                 ; 0000 00C1        int key;
                 ; 0000 00C2 
                 ; 0000 00C3        //key= quet_phim();
                 ; 0000 00C4         quetled();
000115 9724      	SBIW R28,4
                 ;	x -> Y+2
                 ;	key -> Y+0
000116 df57      	RCALL _quetled
                 ; 0000 00C5        if(key)
000117 81e8      	LD   R30,Y
000118 81f9      	LDD  R31,Y+1
000119 9730      	SBIW R30,0
00011a f0f1      	BREQ _0x16
                 ; 0000 00C6        {
                 ; 0000 00C7         for(x=0;x<3;x++)
00011b e0e0      	LDI  R30,LOW(0)
00011c 83ea      	STD  Y+2,R30
00011d 83eb      	STD  Y+2+1,R30
                 _0x18:
00011e 81aa      	LDD  R26,Y+2
00011f 81bb      	LDD  R27,Y+2+1
000120 9713      	SBIW R26,3
000121 f484      	BRGE _0x19
                 ; 0000 00C8         hien[x]=hien[x+1];
000122 81aa      	LDD  R26,Y+2
000123 81bb      	LDD  R27,Y+2+1
000124 59a6      	SUBI R26,LOW(-_hien)
000125 4fbe      	SBCI R27,HIGH(-_hien)
000126 81ea      	LDD  R30,Y+2
000127 81fb      	LDD  R31,Y+2+1
                +
000128 59e5     +SUBI R30 , LOW ( - _hien - ( 1 ) )
000129 4ffe     +SBCI R31 , HIGH ( - _hien - ( 1 ) )
                 	__ADDW1MN _hien,1
00012a 81e0      	LD   R30,Z
00012b 93ec      	ST   X,R30
00012c 81ea      	LDD  R30,Y+2
00012d 81fb      	LDD  R31,Y+2+1
00012e 9631      	ADIW R30,1
00012f 83ea      	STD  Y+2,R30
000130 83fb      	STD  Y+2+1,R31
000131 cfec      	RJMP _0x18
                 _0x19:
                 ; 0000 00C9 hien[3]=led_7[key];
000132 81e8      	LD   R30,Y
000133 81f9      	LDD  R31,Y+1
000134 5ae0      	SUBI R30,LOW(-_led_7_G000)
000135 4ffe      	SBCI R31,HIGH(-_led_7_G000)
000136 81e0      	LD   R30,Z
                +
000137 93e0 016d+STS _hien + ( 3 ) , R30
                 	__PUTB1MN _hien,3
                 ; 0000 00CA 
                 ; 0000 00CB        }
                 ; 0000 00CC        // quetled();
                 ; 0000 00CD         quet_phim();
                 _0x16:
000139 df56      	RCALL _quet_phim
                 ; 0000 00CE       }
00013a 9624      	ADIW R28,4
00013b cfd9      	RJMP _0x13
                 ; 0000 00CF }
                 _0x1A:
00013c cfff      	RJMP _0x1A
                 
                 	.DSEG
                 _led_7_G000:
000160           	.BYTE 0xA
                 _hien:
00016a           	.BYTE 0x4
                 _key_G000:
00016e           	.BYTE 0x10
                 
                 	.CSEG
                 ;OPTIMIZER ADDED SUBROUTINE, CALLED 5 TIMES, CODE SIZE REDUCTION:5 WORDS
                 SUBOPT_0x0:
00013d 93fa      	ST   -Y,R31
00013e 93ea      	ST   -Y,R30
00013f 940c 014a 	JMP  _delay_ms
                 
                 ;OPTIMIZER ADDED SUBROUTINE, CALLED 4 TIMES, CODE SIZE REDUCTION:3 WORDS
                 SUBOPT_0x1:
000141 e0e5      	LDI  R30,LOW(5)
000142 e0f0      	LDI  R31,HIGH(5)
000143 cff9      	RJMP SUBOPT_0x0
                 
                 ;OPTIMIZER ADDED SUBROUTINE, CALLED 4 TIMES, CODE SIZE REDUCTION:6 WORDS
                 SUBOPT_0x2:
000144 01f8      	MOVW R30,R16
000145 e6ae      	LDI  R26,LOW(_key_G000)
000146 e0b1      	LDI  R27,HIGH(_key_G000)
000147 940e 0156 	CALL __LSLW2
000149 9508      	RET
                 
                 
                 	.CSEG
                 _delay_ms:
00014a 91e9      	ld   r30,y+
00014b 91f9      	ld   r31,y+
00014c 9630      	adiw r30,0
00014d f039      	breq __delay_ms1
                 __delay_ms0:
                +
00014e ea80     +LDI R24 , LOW ( 0xFA0 )
00014f e09f     +LDI R25 , HIGH ( 0xFA0 )
                +__DELAY_USW_LOOP :
000150 9701     +SBIW R24 , 1
000151 f7f1     +BRNE __DELAY_USW_LOOP
                 	__DELAY_USW 0xFA0
000152 95a8      	wdr
000153 9731      	sbiw r30,1
000154 f7c9      	brne __delay_ms0
                 __delay_ms1:
000155 9508      	ret
                 
                 __LSLW2:
000156 0fee      	LSL  R30
000157 1fff      	ROL  R31
000158 0fee      	LSL  R30
000159 1fff      	ROL  R31
00015a 9508      	RET
                 
                 __SAVELOCR4:
00015b 933a      	ST   -Y,R19
                 __SAVELOCR3:
00015c 932a      	ST   -Y,R18
                 __SAVELOCR2:
00015d 931a      	ST   -Y,R17
00015e 930a      	ST   -Y,R16
00015f 9508      	RET
                 
                 __LOADLOCR4:
000160 813b      	LDD  R19,Y+3
                 __LOADLOCR3:
000161 812a      	LDD  R18,Y+2
                 __LOADLOCR2:
000162 8119      	LDD  R17,Y+1
000163 8108      	LD   R16,Y
000164 9508      	RET
                 
                 ;END OF CODE MARKER
                 __END_OF_CODE:


RESOURCE USE INFORMATION
------------------------

Notice:
The register and instruction counts are symbol table hit counts,
and hence implicitly used resources are not counted, eg, the
'lpm' instruction without operands implicitly uses r0 and z,
none of which are counted.

x,y,z are separate entities in the symbol table and are
counted separately from r26..r31 here.

.dseg memory usage only counts static data declared with .byte

ATmega16 register use summary:
r0 :   4 r1 :   1 r2 :   0 r3 :   0 r4 :   0 r5 :   0 r6 :   0 r7 :   0 
r8 :   0 r9 :   0 r10:   0 r11:   0 r12:   0 r13:   0 r14:   0 r15:   0 
r16:  13 r17:  11 r18:   6 r19:   3 r20:   0 r21:   0 r22:   2 r23:   0 
r24:   9 r25:   3 r26:  17 r27:  13 r28:   7 r29:   1 r30: 126 r31:  30 
x  :   7 y  :  40 z  :  12 
Registers used: 18 out of 35 (51.4%)

ATmega16 instruction use summary:
.lds  :   0 .lds.l:   0 .sts  :   0 .sts.l:   0 adc   :   6 add   :   6 
adiw  :   7 and   :   0 andi  :   0 asr   :   1 bclr  :   0 bld   :   0 
brbc  :   0 brbs  :   0 brcc  :   0 brcs  :   0 break :   0 breq  :   3 
brge  :   2 brhc  :   0 brhs  :   0 brid  :   0 brie  :   0 brlo  :   0 
brlt  :   1 brmi  :   0 brne  :   5 brpl  :   0 brsh  :   0 brtc  :   0 
brts  :   0 brvc  :   0 brvs  :   0 bset  :   0 bst   :   0 call  :   3 
cbi   :   0 cbr   :   0 clc   :   0 clh   :   0 cli   :   1 cln   :   0 
clr   :   2 cls   :   0 clt   :   0 clv   :   0 clz   :   0 com   :   0 
cp    :   0 cpc   :   2 cpi   :   2 cpse  :   0 dec   :   1 des   :   0 
eor   :   0 fmul  :   0 fmuls :   0 fmulsu:   0 icall :   0 ijmp  :   0 
in    :   0 inc   :   0 jmp   :  24 ld    :  10 ldd   :  18 ldi   :  56 
lds   :   0 lpm   :   7 lsl   :   3 lsr   :   0 mov   :   0 movw  :   8 
mul   :   0 muls  :   0 mulsu :   0 neg   :   0 nop   :   0 or    :   0 
ori   :   0 out   :  47 pop   :   0 push  :   0 rcall :  11 ret   :   7 
reti  :   0 rjmp  :  19 rol   :   3 ror   :   1 sbc   :   0 sbci  :   5 
sbi   :   0 sbic  :   8 sbis  :   0 sbiw  :   9 sbr   :   0 sbrc  :   0 
sbrs  :   0 sec   :   0 seh   :   0 sei   :   0 sen   :   0 ser   :   0 
ses   :   0 set   :   0 sev   :   0 sez   :   0 sleep :   0 spm   :   0 
st    :  13 std   :  11 sts   :   1 sub   :   0 subi  :   5 swap  :   0 
tst   :   0 wdr   :   1 
Instructions used: 35 out of 116 (30.2%)

ATmega16 memory use summary [bytes]:
Segment   Begin    End      Code   Data   Used    Size   Use%
---------------------------------------------------------------
[.cseg] 0x000000 0x0002ca    674     40    714   16384   4.4%
[.dseg] 0x000060 0x00017e      0     30     30    1119   2.7%
[.eseg] 0x000000 0x000000      0      0      0     512   0.0%

Assembly complete, 0 errors, 0 warnings
