
AVRASM ver. 2.1.30  D:\AVR\ltavr\k22\List\t.asm Wed Jan 13 01:06:59 2016

                 
                 
                 ;CodeVisionAVR C Compiler V2.05.0 Professional
                 ;(C) Copyright 1998-2010 Pavel Haiduc, HP InfoTech s.r.l.
                 ;http://www.hpinfotech.com
                 
                 ;Chip type                : ATmega16
                 ;Program type             : Application
                 ;Clock frequency          : 16.000000 MHz
                 ;Memory model             : Small
                 ;Optimize for             : Size
                 ;(s)printf features       : int, width
                 ;(s)scanf features        : int, width
                 ;External RAM size        : 0
                 ;Data Stack size          : 256 byte(s)
                 ;Heap size                : 0 byte(s)
                 ;Promote 'char' to 'int'  : Yes
                 ;'char' is unsigned       : Yes
                 ;8 bit enums              : Yes
                 ;global 'const' stored in FLASH: No
                 ;Enhanced core instructions    : On
                 ;Smart register allocation     : On
                 ;Automatic register allocation : On
                 
                 	#pragma AVRPART ADMIN PART_NAME ATmega16
                 	#pragma AVRPART MEMORY PROG_FLASH 16384
                 	#pragma AVRPART MEMORY EEPROM 512
                 	#pragma AVRPART MEMORY INT_SRAM SIZE 1119
                 	#pragma AVRPART MEMORY INT_SRAM START_ADDR 0x60
                 
                 	#define CALL_SUPPORTED 1
                 
                 	.LISTMAC
                 	.EQU UDRE=0x5
                 	.EQU RXC=0x7
                 	.EQU USR=0xB
                 	.EQU UDR=0xC
                 	.EQU SPSR=0xE
                 	.EQU SPDR=0xF
                 	.EQU EERE=0x0
                 	.EQU EEWE=0x1
                 	.EQU EEMWE=0x2
                 	.EQU EECR=0x1C
                 	.EQU EEDR=0x1D
                 	.EQU EEARL=0x1E
                 	.EQU EEARH=0x1F
                 	.EQU WDTCR=0x21
                 	.EQU MCUCR=0x35
                 	.EQU GICR=0x3B
                 	.EQU SPL=0x3D
                 	.EQU SPH=0x3E
                 	.EQU SREG=0x3F
                 
                 	.DEF R0X0=R0
                 	.DEF R0X1=R1
                 	.DEF R0X2=R2
                 	.DEF R0X3=R3
                 	.DEF R0X4=R4
                 	.DEF R0X5=R5
                 	.DEF R0X6=R6
                 	.DEF R0X7=R7
                 	.DEF R0X8=R8
                 	.DEF R0X9=R9
                 	.DEF R0XA=R10
                 	.DEF R0XB=R11
                 	.DEF R0XC=R12
                 	.DEF R0XD=R13
                 	.DEF R0XE=R14
                 	.DEF R0XF=R15
                 	.DEF R0X10=R16
                 	.DEF R0X11=R17
                 	.DEF R0X12=R18
                 	.DEF R0X13=R19
                 	.DEF R0X14=R20
                 	.DEF R0X15=R21
                 	.DEF R0X16=R22
                 	.DEF R0X17=R23
                 	.DEF R0X18=R24
                 	.DEF R0X19=R25
                 	.DEF R0X1A=R26
                 	.DEF R0X1B=R27
                 	.DEF R0X1C=R28
                 	.DEF R0X1D=R29
                 	.DEF R0X1E=R30
                 	.DEF R0X1F=R31
                 
                 	.EQU __SRAM_START=0x0060
                 	.EQU __SRAM_END=0x045F
                 	.EQU __DSTACK_SIZE=0x0100
                 	.EQU __HEAP_SIZE=0x0000
                 	.EQU __CLEAR_SRAM_SIZE=__SRAM_END-__SRAM_START+1
                 
                 	.MACRO __CPD1N
                 	CPI  R30,LOW(@0)
                 	LDI  R26,HIGH(@0)
                 	CPC  R31,R26
                 	LDI  R26,BYTE3(@0)
                 	CPC  R22,R26
                 	LDI  R26,BYTE4(@0)
                 	CPC  R23,R26
                 	.ENDM
                 
                 	.MACRO __CPD2N
                 	CPI  R26,LOW(@0)
                 	LDI  R30,HIGH(@0)
                 	CPC  R27,R30
                 	LDI  R30,BYTE3(@0)
                 	CPC  R24,R30
                 	LDI  R30,BYTE4(@0)
                 	CPC  R25,R30
                 	.ENDM
                 
                 	.MACRO __CPWRR
                 	CP   R@0,R@2
                 	CPC  R@1,R@3
                 	.ENDM
                 
                 	.MACRO __CPWRN
                 	CPI  R@0,LOW(@2)
                 	LDI  R30,HIGH(@2)
                 	CPC  R@1,R30
                 	.ENDM
                 
                 	.MACRO __ADDB1MN
                 	SUBI R30,LOW(-@0-(@1))
                 	.ENDM
                 
                 	.MACRO __ADDB2MN
                 	SUBI R26,LOW(-@0-(@1))
                 	.ENDM
                 
                 	.MACRO __ADDW1MN
                 	SUBI R30,LOW(-@0-(@1))
                 	SBCI R31,HIGH(-@0-(@1))
                 	.ENDM
                 
                 	.MACRO __ADDW2MN
                 	SUBI R26,LOW(-@0-(@1))
                 	SBCI R27,HIGH(-@0-(@1))
                 	.ENDM
                 
                 	.MACRO __ADDW1FN
                 	SUBI R30,LOW(-2*@0-(@1))
                 	SBCI R31,HIGH(-2*@0-(@1))
                 	.ENDM
                 
                 	.MACRO __ADDD1FN
                 	SUBI R30,LOW(-2*@0-(@1))
                 	SBCI R31,HIGH(-2*@0-(@1))
                 	SBCI R22,BYTE3(-2*@0-(@1))
                 	.ENDM
                 
                 	.MACRO __ADDD1N
                 	SUBI R30,LOW(-@0)
                 	SBCI R31,HIGH(-@0)
                 	SBCI R22,BYTE3(-@0)
                 	SBCI R23,BYTE4(-@0)
                 	.ENDM
                 
                 	.MACRO __ADDD2N
                 	SUBI R26,LOW(-@0)
                 	SBCI R27,HIGH(-@0)
                 	SBCI R24,BYTE3(-@0)
                 	SBCI R25,BYTE4(-@0)
                 	.ENDM
                 
                 	.MACRO __SUBD1N
                 	SUBI R30,LOW(@0)
                 	SBCI R31,HIGH(@0)
                 	SBCI R22,BYTE3(@0)
                 	SBCI R23,BYTE4(@0)
                 	.ENDM
                 
                 	.MACRO __SUBD2N
                 	SUBI R26,LOW(@0)
                 	SBCI R27,HIGH(@0)
                 	SBCI R24,BYTE3(@0)
                 	SBCI R25,BYTE4(@0)
                 	.ENDM
                 
                 	.MACRO __ANDBMNN
                 	LDS  R30,@0+(@1)
                 	ANDI R30,LOW(@2)
                 	STS  @0+(@1),R30
                 	.ENDM
                 
                 	.MACRO __ANDWMNN
                 	LDS  R30,@0+(@1)
                 	ANDI R30,LOW(@2)
                 	STS  @0+(@1),R30
                 	LDS  R30,@0+(@1)+1
                 	ANDI R30,HIGH(@2)
                 	STS  @0+(@1)+1,R30
                 	.ENDM
                 
                 	.MACRO __ANDD1N
                 	ANDI R30,LOW(@0)
                 	ANDI R31,HIGH(@0)
                 	ANDI R22,BYTE3(@0)
                 	ANDI R23,BYTE4(@0)
                 	.ENDM
                 
                 	.MACRO __ANDD2N
                 	ANDI R26,LOW(@0)
                 	ANDI R27,HIGH(@0)
                 	ANDI R24,BYTE3(@0)
                 	ANDI R25,BYTE4(@0)
                 	.ENDM
                 
                 	.MACRO __ORBMNN
                 	LDS  R30,@0+(@1)
                 	ORI  R30,LOW(@2)
                 	STS  @0+(@1),R30
                 	.ENDM
                 
                 	.MACRO __ORWMNN
                 	LDS  R30,@0+(@1)
                 	ORI  R30,LOW(@2)
                 	STS  @0+(@1),R30
                 	LDS  R30,@0+(@1)+1
                 	ORI  R30,HIGH(@2)
                 	STS  @0+(@1)+1,R30
                 	.ENDM
                 
                 	.MACRO __ORD1N
                 	ORI  R30,LOW(@0)
                 	ORI  R31,HIGH(@0)
                 	ORI  R22,BYTE3(@0)
                 	ORI  R23,BYTE4(@0)
                 	.ENDM
                 
                 	.MACRO __ORD2N
                 	ORI  R26,LOW(@0)
                 	ORI  R27,HIGH(@0)
                 	ORI  R24,BYTE3(@0)
                 	ORI  R25,BYTE4(@0)
                 	.ENDM
                 
                 	.MACRO __DELAY_USB
                 	LDI  R24,LOW(@0)
                 __DELAY_USB_LOOP:
                 	DEC  R24
                 	BRNE __DELAY_USB_LOOP
                 	.ENDM
                 
                 	.MACRO __DELAY_USW
                 	LDI  R24,LOW(@0)
                 	LDI  R25,HIGH(@0)
                 __DELAY_USW_LOOP:
                 	SBIW R24,1
                 	BRNE __DELAY_USW_LOOP
                 	.ENDM
                 
                 	.MACRO __GETD1S
                 	LDD  R30,Y+@0
                 	LDD  R31,Y+@0+1
                 	LDD  R22,Y+@0+2
                 	LDD  R23,Y+@0+3
                 	.ENDM
                 
                 	.MACRO __GETD2S
                 	LDD  R26,Y+@0
                 	LDD  R27,Y+@0+1
                 	LDD  R24,Y+@0+2
                 	LDD  R25,Y+@0+3
                 	.ENDM
                 
                 	.MACRO __PUTD1S
                 	STD  Y+@0,R30
                 	STD  Y+@0+1,R31
                 	STD  Y+@0+2,R22
                 	STD  Y+@0+3,R23
                 	.ENDM
                 
                 	.MACRO __PUTD2S
                 	STD  Y+@0,R26
                 	STD  Y+@0+1,R27
                 	STD  Y+@0+2,R24
                 	STD  Y+@0+3,R25
                 	.ENDM
                 
                 	.MACRO __PUTDZ2
                 	STD  Z+@0,R26
                 	STD  Z+@0+1,R27
                 	STD  Z+@0+2,R24
                 	STD  Z+@0+3,R25
                 	.ENDM
                 
                 	.MACRO __CLRD1S
                 	STD  Y+@0,R30
                 	STD  Y+@0+1,R30
                 	STD  Y+@0+2,R30
                 	STD  Y+@0+3,R30
                 	.ENDM
                 
                 	.MACRO __POINTB1MN
                 	LDI  R30,LOW(@0+(@1))
                 	.ENDM
                 
                 	.MACRO __POINTW1MN
                 	LDI  R30,LOW(@0+(@1))
                 	LDI  R31,HIGH(@0+(@1))
                 	.ENDM
                 
                 	.MACRO __POINTD1M
                 	LDI  R30,LOW(@0)
                 	LDI  R31,HIGH(@0)
                 	LDI  R22,BYTE3(@0)
                 	LDI  R23,BYTE4(@0)
                 	.ENDM
                 
                 	.MACRO __POINTW1FN
                 	LDI  R30,LOW(2*@0+(@1))
                 	LDI  R31,HIGH(2*@0+(@1))
                 	.ENDM
                 
                 	.MACRO __POINTD1FN
                 	LDI  R30,LOW(2*@0+(@1))
                 	LDI  R31,HIGH(2*@0+(@1))
                 	LDI  R22,BYTE3(2*@0+(@1))
                 	LDI  R23,BYTE4(2*@0+(@1))
                 	.ENDM
                 
                 	.MACRO __POINTB2MN
                 	LDI  R26,LOW(@0+(@1))
                 	.ENDM
                 
                 	.MACRO __POINTW2MN
                 	LDI  R26,LOW(@0+(@1))
                 	LDI  R27,HIGH(@0+(@1))
                 	.ENDM
                 
                 	.MACRO __POINTBRM
                 	LDI  R@0,LOW(@1)
                 	.ENDM
                 
                 	.MACRO __POINTWRM
                 	LDI  R@0,LOW(@2)
                 	LDI  R@1,HIGH(@2)
                 	.ENDM
                 
                 	.MACRO __POINTBRMN
                 	LDI  R@0,LOW(@1+(@2))
                 	.ENDM
                 
                 	.MACRO __POINTWRMN
                 	LDI  R@0,LOW(@2+(@3))
                 	LDI  R@1,HIGH(@2+(@3))
                 	.ENDM
                 
                 	.MACRO __POINTWRFN
                 	LDI  R@0,LOW(@2*2+(@3))
                 	LDI  R@1,HIGH(@2*2+(@3))
                 	.ENDM
                 
                 	.MACRO __GETD1N
                 	LDI  R30,LOW(@0)
                 	LDI  R31,HIGH(@0)
                 	LDI  R22,BYTE3(@0)
                 	LDI  R23,BYTE4(@0)
                 	.ENDM
                 
                 	.MACRO __GETD2N
                 	LDI  R26,LOW(@0)
                 	LDI  R27,HIGH(@0)
                 	LDI  R24,BYTE3(@0)
                 	LDI  R25,BYTE4(@0)
                 	.ENDM
                 
                 	.MACRO __GETB1MN
                 	LDS  R30,@0+(@1)
                 	.ENDM
                 
                 	.MACRO __GETB1HMN
                 	LDS  R31,@0+(@1)
                 	.ENDM
                 
                 	.MACRO __GETW1MN
                 	LDS  R30,@0+(@1)
                 	LDS  R31,@0+(@1)+1
                 	.ENDM
                 
                 	.MACRO __GETD1MN
                 	LDS  R30,@0+(@1)
                 	LDS  R31,@0+(@1)+1
                 	LDS  R22,@0+(@1)+2
                 	LDS  R23,@0+(@1)+3
                 	.ENDM
                 
                 	.MACRO __GETBRMN
                 	LDS  R@0,@1+(@2)
                 	.ENDM
                 
                 	.MACRO __GETWRMN
                 	LDS  R@0,@2+(@3)
                 	LDS  R@1,@2+(@3)+1
                 	.ENDM
                 
                 	.MACRO __GETWRZ
                 	LDD  R@0,Z+@2
                 	LDD  R@1,Z+@2+1
                 	.ENDM
                 
                 	.MACRO __GETD2Z
                 	LDD  R26,Z+@0
                 	LDD  R27,Z+@0+1
                 	LDD  R24,Z+@0+2
                 	LDD  R25,Z+@0+3
                 	.ENDM
                 
                 	.MACRO __GETB2MN
                 	LDS  R26,@0+(@1)
                 	.ENDM
                 
                 	.MACRO __GETW2MN
                 	LDS  R26,@0+(@1)
                 	LDS  R27,@0+(@1)+1
                 	.ENDM
                 
                 	.MACRO __GETD2MN
                 	LDS  R26,@0+(@1)
                 	LDS  R27,@0+(@1)+1
                 	LDS  R24,@0+(@1)+2
                 	LDS  R25,@0+(@1)+3
                 	.ENDM
                 
                 	.MACRO __PUTB1MN
                 	STS  @0+(@1),R30
                 	.ENDM
                 
                 	.MACRO __PUTW1MN
                 	STS  @0+(@1),R30
                 	STS  @0+(@1)+1,R31
                 	.ENDM
                 
                 	.MACRO __PUTD1MN
                 	STS  @0+(@1),R30
                 	STS  @0+(@1)+1,R31
                 	STS  @0+(@1)+2,R22
                 	STS  @0+(@1)+3,R23
                 	.ENDM
                 
                 	.MACRO __PUTB1EN
                 	LDI  R26,LOW(@0+(@1))
                 	LDI  R27,HIGH(@0+(@1))
                 	CALL __EEPROMWRB
                 	.ENDM
                 
                 	.MACRO __PUTW1EN
                 	LDI  R26,LOW(@0+(@1))
                 	LDI  R27,HIGH(@0+(@1))
                 	CALL __EEPROMWRW
                 	.ENDM
                 
                 	.MACRO __PUTD1EN
                 	LDI  R26,LOW(@0+(@1))
                 	LDI  R27,HIGH(@0+(@1))
                 	CALL __EEPROMWRD
                 	.ENDM
                 
                 	.MACRO __PUTBR0MN
                 	STS  @0+(@1),R0
                 	.ENDM
                 
                 	.MACRO __PUTBMRN
                 	STS  @0+(@1),R@2
                 	.ENDM
                 
                 	.MACRO __PUTWMRN
                 	STS  @0+(@1),R@2
                 	STS  @0+(@1)+1,R@3
                 	.ENDM
                 
                 	.MACRO __PUTBZR
                 	STD  Z+@1,R@0
                 	.ENDM
                 
                 	.MACRO __PUTWZR
                 	STD  Z+@2,R@0
                 	STD  Z+@2+1,R@1
                 	.ENDM
                 
                 	.MACRO __GETW1R
                 	MOV  R30,R@0
                 	MOV  R31,R@1
                 	.ENDM
                 
                 	.MACRO __GETW2R
                 	MOV  R26,R@0
                 	MOV  R27,R@1
                 	.ENDM
                 
                 	.MACRO __GETWRN
                 	LDI  R@0,LOW(@2)
                 	LDI  R@1,HIGH(@2)
                 	.ENDM
                 
                 	.MACRO __PUTW1R
                 	MOV  R@0,R30
                 	MOV  R@1,R31
                 	.ENDM
                 
                 	.MACRO __PUTW2R
                 	MOV  R@0,R26
                 	MOV  R@1,R27
                 	.ENDM
                 
                 	.MACRO __ADDWRN
                 	SUBI R@0,LOW(-@2)
                 	SBCI R@1,HIGH(-@2)
                 	.ENDM
                 
                 	.MACRO __ADDWRR
                 	ADD  R@0,R@2
                 	ADC  R@1,R@3
                 	.ENDM
                 
                 	.MACRO __SUBWRN
                 	SUBI R@0,LOW(@2)
                 	SBCI R@1,HIGH(@2)
                 	.ENDM
                 
                 	.MACRO __SUBWRR
                 	SUB  R@0,R@2
                 	SBC  R@1,R@3
                 	.ENDM
                 
                 	.MACRO __ANDWRN
                 	ANDI R@0,LOW(@2)
                 	ANDI R@1,HIGH(@2)
                 	.ENDM
                 
                 	.MACRO __ANDWRR
                 	AND  R@0,R@2
                 	AND  R@1,R@3
                 	.ENDM
                 
                 	.MACRO __ORWRN
                 	ORI  R@0,LOW(@2)
                 	ORI  R@1,HIGH(@2)
                 	.ENDM
                 
                 	.MACRO __ORWRR
                 	OR   R@0,R@2
                 	OR   R@1,R@3
                 	.ENDM
                 
                 	.MACRO __EORWRR
                 	EOR  R@0,R@2
                 	EOR  R@1,R@3
                 	.ENDM
                 
                 	.MACRO __GETWRS
                 	LDD  R@0,Y+@2
                 	LDD  R@1,Y+@2+1
                 	.ENDM
                 
                 	.MACRO __PUTBSR
                 	STD  Y+@1,R@0
                 	.ENDM
                 
                 	.MACRO __PUTWSR
                 	STD  Y+@2,R@0
                 	STD  Y+@2+1,R@1
                 	.ENDM
                 
                 	.MACRO __MOVEWRR
                 	MOV  R@0,R@2
                 	MOV  R@1,R@3
                 	.ENDM
                 
                 	.MACRO __INWR
                 	IN   R@0,@2
                 	IN   R@1,@2+1
                 	.ENDM
                 
                 	.MACRO __OUTWR
                 	OUT  @2+1,R@1
                 	OUT  @2,R@0
                 	.ENDM
                 
                 	.MACRO __CALL1MN
                 	LDS  R30,@0+(@1)
                 	LDS  R31,@0+(@1)+1
                 	ICALL
                 	.ENDM
                 
                 	.MACRO __CALL1FN
                 	LDI  R30,LOW(2*@0+(@1))
                 	LDI  R31,HIGH(2*@0+(@1))
                 	CALL __GETW1PF
                 	ICALL
                 	.ENDM
                 
                 	.MACRO __CALL2EN
                 	LDI  R26,LOW(@0+(@1))
                 	LDI  R27,HIGH(@0+(@1))
                 	CALL __EEPROMRDW
                 	ICALL
                 	.ENDM
                 
                 	.MACRO __GETW1STACK
                 	IN   R26,SPL
                 	IN   R27,SPH
                 	ADIW R26,@0+1
                 	LD   R30,X+
                 	LD   R31,X
                 	.ENDM
                 
                 	.MACRO __GETD1STACK
                 	IN   R26,SPL
                 	IN   R27,SPH
                 	ADIW R26,@0+1
                 	LD   R30,X+
                 	LD   R31,X+
                 	LD   R22,X
                 	.ENDM
                 
                 	.MACRO __NBST
                 	BST  R@0,@1
                 	IN   R30,SREG
                 	LDI  R31,0x40
                 	EOR  R30,R31
                 	OUT  SREG,R30
                 	.ENDM
                 
                 
                 	.MACRO __PUTB1SN
                 	LDD  R26,Y+@0
                 	LDD  R27,Y+@0+1
                 	SUBI R26,LOW(-@1)
                 	SBCI R27,HIGH(-@1)
                 	ST   X,R30
                 	.ENDM
                 
                 	.MACRO __PUTW1SN
                 	LDD  R26,Y+@0
                 	LDD  R27,Y+@0+1
                 	SUBI R26,LOW(-@1)
                 	SBCI R27,HIGH(-@1)
                 	ST   X+,R30
                 	ST   X,R31
                 	.ENDM
                 
                 	.MACRO __PUTD1SN
                 	LDD  R26,Y+@0
                 	LDD  R27,Y+@0+1
                 	SUBI R26,LOW(-@1)
                 	SBCI R27,HIGH(-@1)
                 	CALL __PUTDP1
                 	.ENDM
                 
                 	.MACRO __PUTB1SNS
                 	LDD  R26,Y+@0
                 	LDD  R27,Y+@0+1
                 	ADIW R26,@1
                 	ST   X,R30
                 	.ENDM
                 
                 	.MACRO __PUTW1SNS
                 	LDD  R26,Y+@0
                 	LDD  R27,Y+@0+1
                 	ADIW R26,@1
                 	ST   X+,R30
                 	ST   X,R31
                 	.ENDM
                 
                 	.MACRO __PUTD1SNS
                 	LDD  R26,Y+@0
                 	LDD  R27,Y+@0+1
                 	ADIW R26,@1
                 	CALL __PUTDP1
                 	.ENDM
                 
                 	.MACRO __PUTB1PMN
                 	LDS  R26,@0
                 	LDS  R27,@0+1
                 	SUBI R26,LOW(-@1)
                 	SBCI R27,HIGH(-@1)
                 	ST   X,R30
                 	.ENDM
                 
                 	.MACRO __PUTW1PMN
                 	LDS  R26,@0
                 	LDS  R27,@0+1
                 	SUBI R26,LOW(-@1)
                 	SBCI R27,HIGH(-@1)
                 	ST   X+,R30
                 	ST   X,R31
                 	.ENDM
                 
                 	.MACRO __PUTD1PMN
                 	LDS  R26,@0
                 	LDS  R27,@0+1
                 	SUBI R26,LOW(-@1)
                 	SBCI R27,HIGH(-@1)
                 	CALL __PUTDP1
                 	.ENDM
                 
                 	.MACRO __PUTB1PMNS
                 	LDS  R26,@0
                 	LDS  R27,@0+1
                 	ADIW R26,@1
                 	ST   X,R30
                 	.ENDM
                 
                 	.MACRO __PUTW1PMNS
                 	LDS  R26,@0
                 	LDS  R27,@0+1
                 	ADIW R26,@1
                 	ST   X+,R30
                 	ST   X,R31
                 	.ENDM
                 
                 	.MACRO __PUTD1PMNS
                 	LDS  R26,@0
                 	LDS  R27,@0+1
                 	ADIW R26,@1
                 	CALL __PUTDP1
                 	.ENDM
                 
                 	.MACRO __PUTB1RN
                 	MOVW R26,R@0
                 	SUBI R26,LOW(-@1)
                 	SBCI R27,HIGH(-@1)
                 	ST   X,R30
                 	.ENDM
                 
                 	.MACRO __PUTW1RN
                 	MOVW R26,R@0
                 	SUBI R26,LOW(-@1)
                 	SBCI R27,HIGH(-@1)
                 	ST   X+,R30
                 	ST   X,R31
                 	.ENDM
                 
                 	.MACRO __PUTD1RN
                 	MOVW R26,R@0
                 	SUBI R26,LOW(-@1)
                 	SBCI R27,HIGH(-@1)
                 	CALL __PUTDP1
                 	.ENDM
                 
                 	.MACRO __PUTB1RNS
                 	MOVW R26,R@0
                 	ADIW R26,@1
                 	ST   X,R30
                 	.ENDM
                 
                 	.MACRO __PUTW1RNS
                 	MOVW R26,R@0
                 	ADIW R26,@1
                 	ST   X+,R30
                 	ST   X,R31
                 	.ENDM
                 
                 	.MACRO __PUTD1RNS
                 	MOVW R26,R@0
                 	ADIW R26,@1
                 	CALL __PUTDP1
                 	.ENDM
                 
                 	.MACRO __PUTB1RON
                 	MOV  R26,R@0
                 	MOV  R27,R@1
                 	SUBI R26,LOW(-@2)
                 	SBCI R27,HIGH(-@2)
                 	ST   X,R30
                 	.ENDM
                 
                 	.MACRO __PUTW1RON
                 	MOV  R26,R@0
                 	MOV  R27,R@1
                 	SUBI R26,LOW(-@2)
                 	SBCI R27,HIGH(-@2)
                 	ST   X+,R30
                 	ST   X,R31
                 	.ENDM
                 
                 	.MACRO __PUTD1RON
                 	MOV  R26,R@0
                 	MOV  R27,R@1
                 	SUBI R26,LOW(-@2)
                 	SBCI R27,HIGH(-@2)
                 	CALL __PUTDP1
                 	.ENDM
                 
                 	.MACRO __PUTB1RONS
                 	MOV  R26,R@0
                 	MOV  R27,R@1
                 	ADIW R26,@2
                 	ST   X,R30
                 	.ENDM
                 
                 	.MACRO __PUTW1RONS
                 	MOV  R26,R@0
                 	MOV  R27,R@1
                 	ADIW R26,@2
                 	ST   X+,R30
                 	ST   X,R31
                 	.ENDM
                 
                 	.MACRO __PUTD1RONS
                 	MOV  R26,R@0
                 	MOV  R27,R@1
                 	ADIW R26,@2
                 	CALL __PUTDP1
                 	.ENDM
                 
                 
                 	.MACRO __GETB1SX
                 	MOVW R30,R28
                 	SUBI R30,LOW(-@0)
                 	SBCI R31,HIGH(-@0)
                 	LD   R30,Z
                 	.ENDM
                 
                 	.MACRO __GETB1HSX
                 	MOVW R30,R28
                 	SUBI R30,LOW(-@0)
                 	SBCI R31,HIGH(-@0)
                 	LD   R31,Z
                 	.ENDM
                 
                 	.MACRO __GETW1SX
                 	MOVW R30,R28
                 	SUBI R30,LOW(-@0)
                 	SBCI R31,HIGH(-@0)
                 	LD   R0,Z+
                 	LD   R31,Z
                 	MOV  R30,R0
                 	.ENDM
                 
                 	.MACRO __GETD1SX
                 	MOVW R30,R28
                 	SUBI R30,LOW(-@0)
                 	SBCI R31,HIGH(-@0)
                 	LD   R0,Z+
                 	LD   R1,Z+
                 	LD   R22,Z+
                 	LD   R23,Z
                 	MOVW R30,R0
                 	.ENDM
                 
                 	.MACRO __GETB2SX
                 	MOVW R26,R28
                 	SUBI R26,LOW(-@0)
                 	SBCI R27,HIGH(-@0)
                 	LD   R26,X
                 	.ENDM
                 
                 	.MACRO __GETW2SX
                 	MOVW R26,R28
                 	SUBI R26,LOW(-@0)
                 	SBCI R27,HIGH(-@0)
                 	LD   R0,X+
                 	LD   R27,X
                 	MOV  R26,R0
                 	.ENDM
                 
                 	.MACRO __GETD2SX
                 	MOVW R26,R28
                 	SUBI R26,LOW(-@0)
                 	SBCI R27,HIGH(-@0)
                 	LD   R0,X+
                 	LD   R1,X+
                 	LD   R24,X+
                 	LD   R25,X
                 	MOVW R26,R0
                 	.ENDM
                 
                 	.MACRO __GETBRSX
                 	MOVW R30,R28
                 	SUBI R30,LOW(-@1)
                 	SBCI R31,HIGH(-@1)
                 	LD   R@0,Z
                 	.ENDM
                 
                 	.MACRO __GETWRSX
                 	MOVW R30,R28
                 	SUBI R30,LOW(-@2)
                 	SBCI R31,HIGH(-@2)
                 	LD   R@0,Z+
                 	LD   R@1,Z
                 	.ENDM
                 
                 	.MACRO __GETBRSX2
                 	MOVW R26,R28
                 	SUBI R26,LOW(-@1)
                 	SBCI R27,HIGH(-@1)
                 	LD   R@0,X
                 	.ENDM
                 
                 	.MACRO __GETWRSX2
                 	MOVW R26,R28
                 	SUBI R26,LOW(-@2)
                 	SBCI R27,HIGH(-@2)
                 	LD   R@0,X+
                 	LD   R@1,X
                 	.ENDM
                 
                 	.MACRO __LSLW8SX
                 	MOVW R30,R28
                 	SUBI R30,LOW(-@0)
                 	SBCI R31,HIGH(-@0)
                 	LD   R31,Z
                 	CLR  R30
                 	.ENDM
                 
                 	.MACRO __PUTB1SX
                 	MOVW R26,R28
                 	SUBI R26,LOW(-@0)
                 	SBCI R27,HIGH(-@0)
                 	ST   X,R30
                 	.ENDM
                 
                 	.MACRO __PUTW1SX
                 	MOVW R26,R28
                 	SUBI R26,LOW(-@0)
                 	SBCI R27,HIGH(-@0)
                 	ST   X+,R30
                 	ST   X,R31
                 	.ENDM
                 
                 	.MACRO __PUTD1SX
                 	MOVW R26,R28
                 	SUBI R26,LOW(-@0)
                 	SBCI R27,HIGH(-@0)
                 	ST   X+,R30
                 	ST   X+,R31
                 	ST   X+,R22
                 	ST   X,R23
                 	.ENDM
                 
                 	.MACRO __CLRW1SX
                 	MOVW R26,R28
                 	SUBI R26,LOW(-@0)
                 	SBCI R27,HIGH(-@0)
                 	ST   X+,R30
                 	ST   X,R30
                 	.ENDM
                 
                 	.MACRO __CLRD1SX
                 	MOVW R26,R28
                 	SUBI R26,LOW(-@0)
                 	SBCI R27,HIGH(-@0)
                 	ST   X+,R30
                 	ST   X+,R30
                 	ST   X+,R30
                 	ST   X,R30
                 	.ENDM
                 
                 	.MACRO __PUTB2SX
                 	MOVW R30,R28
                 	SUBI R30,LOW(-@0)
                 	SBCI R31,HIGH(-@0)
                 	ST   Z,R26
                 	.ENDM
                 
                 	.MACRO __PUTW2SX
                 	MOVW R30,R28
                 	SUBI R30,LOW(-@0)
                 	SBCI R31,HIGH(-@0)
                 	ST   Z+,R26
                 	ST   Z,R27
                 	.ENDM
                 
                 	.MACRO __PUTD2SX
                 	MOVW R30,R28
                 	SUBI R30,LOW(-@0)
                 	SBCI R31,HIGH(-@0)
                 	ST   Z+,R26
                 	ST   Z+,R27
                 	ST   Z+,R24
                 	ST   Z,R25
                 	.ENDM
                 
                 	.MACRO __PUTBSRX
                 	MOVW R30,R28
                 	SUBI R30,LOW(-@1)
                 	SBCI R31,HIGH(-@1)
                 	ST   Z,R@0
                 	.ENDM
                 
                 	.MACRO __PUTWSRX
                 	MOVW R30,R28
                 	SUBI R30,LOW(-@2)
                 	SBCI R31,HIGH(-@2)
                 	ST   Z+,R@0
                 	ST   Z,R@1
                 	.ENDM
                 
                 	.MACRO __PUTB1SNX
                 	MOVW R26,R28
                 	SUBI R26,LOW(-@0)
                 	SBCI R27,HIGH(-@0)
                 	LD   R0,X+
                 	LD   R27,X
                 	MOV  R26,R0
                 	SUBI R26,LOW(-@1)
                 	SBCI R27,HIGH(-@1)
                 	ST   X,R30
                 	.ENDM
                 
                 	.MACRO __PUTW1SNX
                 	MOVW R26,R28
                 	SUBI R26,LOW(-@0)
                 	SBCI R27,HIGH(-@0)
                 	LD   R0,X+
                 	LD   R27,X
                 	MOV  R26,R0
                 	SUBI R26,LOW(-@1)
                 	SBCI R27,HIGH(-@1)
                 	ST   X+,R30
                 	ST   X,R31
                 	.ENDM
                 
                 	.MACRO __PUTD1SNX
                 	MOVW R26,R28
                 	SUBI R26,LOW(-@0)
                 	SBCI R27,HIGH(-@0)
                 	LD   R0,X+
                 	LD   R27,X
                 	MOV  R26,R0
                 	SUBI R26,LOW(-@1)
                 	SBCI R27,HIGH(-@1)
                 	ST   X+,R30
                 	ST   X+,R31
                 	ST   X+,R22
                 	ST   X,R23
                 	.ENDM
                 
                 	.MACRO __MULBRR
                 	MULS R@0,R@1
                 	MOVW R30,R0
                 	.ENDM
                 
                 	.MACRO __MULBRRU
                 	MUL  R@0,R@1
                 	MOVW R30,R0
                 	.ENDM
                 
                 	.MACRO __MULBRR0
                 	MULS R@0,R@1
                 	.ENDM
                 
                 	.MACRO __MULBRRU0
                 	MUL  R@0,R@1
                 	.ENDM
                 
                 	.MACRO __MULBNWRU
                 	LDI  R26,@2
                 	MUL  R26,R@0
                 	MOVW R30,R0
                 	MUL  R26,R@1
                 	ADD  R31,R0
                 	.ENDM
                 
                 	.CSEG
                 	.ORG 0x00
                 
                 ;START OF CODE MARKER
                 __START_OF_CODE:
                 
                 ;INTERRUPT VECTORS
000000 940c 0036 	JMP  __RESET
000002 940c 0000 	JMP  0x00
000004 940c 0000 	JMP  0x00
000006 940c 0000 	JMP  0x00
000008 940c 0000 	JMP  0x00
00000a 940c 0000 	JMP  0x00
00000c 940c 0000 	JMP  0x00
00000e 940c 0000 	JMP  0x00
000010 940c 0000 	JMP  0x00
000012 940c 0000 	JMP  0x00
000014 940c 0000 	JMP  0x00
000016 940c 0000 	JMP  0x00
000018 940c 0000 	JMP  0x00
00001a 940c 0000 	JMP  0x00
00001c 940c 0000 	JMP  0x00
00001e 940c 0000 	JMP  0x00
000020 940c 0000 	JMP  0x00
000022 940c 0000 	JMP  0x00
000024 940c 0000 	JMP  0x00
000026 940c 0000 	JMP  0x00
000028 940c 0000 	JMP  0x00
                 
                 _0x3:
00002a 067e
00002b 4f6d
00002c 5b17
00002d 0e7b      	.DB  0x7E,0x6,0x6D,0x4F,0x17,0x5B,0x7B,0xE
00002e 6d06
00002f 174f
000030 6d06
000031 174f      	.DB  0x6,0x6D,0x4F,0x17,0x6,0x6D,0x4F,0x17
                 
                 __GLOBAL_INI_TBL:
000032 0010      	.DW  0x10
000033 0168      	.DW  _KEY_4x4_G000
000034 0054      	.DW  _0x3*2
                 
                 _0xFFFFFFFF:
000035 0000      	.DW  0
                 
                 __RESET:
000036 94f8      	CLI
000037 27ee      	CLR  R30
000038 bbec      	OUT  EECR,R30
                 
                 ;INTERRUPT VECTORS ARE PLACED
                 ;AT THE START OF FLASH
000039 e0f1      	LDI  R31,1
00003a bffb      	OUT  GICR,R31
00003b bfeb      	OUT  GICR,R30
00003c bfe5      	OUT  MCUCR,R30
                 
                 ;DISABLE WATCHDOG
00003d e1f8      	LDI  R31,0x18
00003e bdf1      	OUT  WDTCR,R31
00003f bde1      	OUT  WDTCR,R30
                 
                 ;CLEAR R2-R14
000040 e08d      	LDI  R24,(14-2)+1
000041 e0a2      	LDI  R26,2
000042 27bb      	CLR  R27
                 __CLEAR_REG:
000043 93ed      	ST   X+,R30
000044 958a      	DEC  R24
000045 f7e9      	BRNE __CLEAR_REG
                 
                 ;CLEAR SRAM
000046 e080      	LDI  R24,LOW(__CLEAR_SRAM_SIZE)
000047 e094      	LDI  R25,HIGH(__CLEAR_SRAM_SIZE)
000048 e6a0      	LDI  R26,__SRAM_START
                 __CLEAR_SRAM:
000049 93ed      	ST   X+,R30
00004a 9701      	SBIW R24,1
00004b f7e9      	BRNE __CLEAR_SRAM
                 
                 ;GLOBAL VARIABLES INITIALIZATION
00004c e6e4      	LDI  R30,LOW(__GLOBAL_INI_TBL*2)
00004d e0f0      	LDI  R31,HIGH(__GLOBAL_INI_TBL*2)
                 __GLOBAL_INI_NEXT:
00004e 9185      	LPM  R24,Z+
00004f 9195      	LPM  R25,Z+
000050 9700      	SBIW R24,0
000051 f061      	BREQ __GLOBAL_INI_END
000052 91a5      	LPM  R26,Z+
000053 91b5      	LPM  R27,Z+
000054 9005      	LPM  R0,Z+
000055 9015      	LPM  R1,Z+
000056 01bf      	MOVW R22,R30
000057 01f0      	MOVW R30,R0
                 __GLOBAL_INI_LOOP:
000058 9005      	LPM  R0,Z+
000059 920d      	ST   X+,R0
00005a 9701      	SBIW R24,1
00005b f7e1      	BRNE __GLOBAL_INI_LOOP
00005c 01fb      	MOVW R30,R22
00005d cff0      	RJMP __GLOBAL_INI_NEXT
                 __GLOBAL_INI_END:
                 
                 ;HARDWARE STACK POINTER INITIALIZATION
00005e e5ef      	LDI  R30,LOW(__SRAM_END-__HEAP_SIZE)
00005f bfed      	OUT  SPL,R30
000060 e0e4      	LDI  R30,HIGH(__SRAM_END-__HEAP_SIZE)
000061 bfee      	OUT  SPH,R30
                 
                 ;DATA STACK POINTER INITIALIZATION
000062 e6c0      	LDI  R28,LOW(__SRAM_START+__DSTACK_SIZE)
000063 e0d1      	LDI  R29,HIGH(__SRAM_START+__DSTACK_SIZE)
                 
000064 940c 00f7 	JMP  _main
                 
                 	.ESEG
                 	.ORG 0
                 
                 	.DSEG
                 	.ORG 0x160
                 
                 	.CSEG
                 ;/*****************************************************
                 ;This program was produced by the
                 ;CodeWizardAVR V2.05.0 Professional
                 ;Automatic Program Generator
                 ;© Copyright 1998-2010 Pavel Haiduc, HP InfoTech s.r.l.
                 ;http://www.hpinfotech.com
                 ;
                 ;Project :
                 ;Version :
                 ;Date    : 9/15/2015
                 ;Author  : NeVaDa
                 ;Company :
                 ;Comments:
                 ;
                 ;
                 ;Chip type               : ATmega16
                 ;Program type            : Application
                 ;AVR Core Clock frequency: 16.000000 MHz
                 ;Memory model            : Small
                 ;External RAM size       : 0
                 ;Data Stack size         : 256
                 ;*****************************************************/
                 ;
                 ;#include <mega16.h>
                 	#ifndef __SLEEP_DEFINED__
                 	#define __SLEEP_DEFINED__
                 	.EQU __se_bit=0x40
                 	.EQU __sm_mask=0xB0
                 	.EQU __sm_powerdown=0x20
                 	.EQU __sm_powersave=0x30
                 	.EQU __sm_standby=0xA0
                 	.EQU __sm_ext_standby=0xB0
                 	.EQU __sm_adc_noise_red=0x10
                 	.SET power_ctrl_reg=mcucr
                 	#endif
                 ;#include <delay.h>
                 ;
                 ;#define KEY4x4_COL1 PIND.4
                 ;#define KEY4x4_COL2 PIND.5
                 ;#define KEY4x4_COL3 PIND.6
                 ;#define KEY4x4_COL4 PIND.7
                 ;
                 ;#define KEY4x4_ROW1 PORTD.3
                 ;#define KEY4x4_ROW2 PORTD.2
                 ;#define KEY4x4_ROW3 PORTD.1
                 ;#define KEY4x4_ROW4 PORTD.0
                 ;
                 ;
                 ;volatile unsigned int hien[4]={0,0,0,0};
                 ;static unsigned char KEY_4x4[4][4]={0b01111110,0b00000110,0b01101101,0b01001111,
                 ;                                    0b00010111,0b01011011,0b01111011,0b00001110,
                 ;                                    0b00000110,0b01101101,0b01001111,0b00010111,
                 ;                                    0b00000110,0b01101101,0b01001111,0b00010111,};
                 
                 	.DSEG
                 ;
                 ;void quetled(void)
                 ; 0000 002D  {
                 
                 	.CSEG
                 _quetled:
                 ; 0000 002E   int j;
                 ; 0000 002F   int x=0b00000111;
                 ; 0000 0030   for(j=0;j<4;j++)
000066 940e 016e 	CALL __SAVELOCR4
                 ;	j -> R16,R17
                 ;	x -> R18,R19
                +
000068 e027     +LDI R18 , LOW ( 7 )
000069 e030     +LDI R19 , HIGH ( 7 )
                 	__GETWRN 18,19,7
                +
00006a e000     +LDI R16 , LOW ( 0 )
00006b e010     +LDI R17 , HIGH ( 0 )
                 	__GETWRN 16,17,0
                 _0x5:
                +
00006c 3004     +CPI R16 , LOW ( 4 )
00006d e0e0     +LDI R30 , HIGH ( 4 )
00006e 071e     +CPC R17 , R30
                 	__CPWRN 16,17,4
00006f f4d4      	BRGE _0x6
                 ; 0000 0031   {
                 ; 0000 0032    PORTC=0xFF;
000070 efef      	LDI  R30,LOW(255)
000071 bbe5      	OUT  0x15,R30
                 ; 0000 0033    PORTC=x;
000072 bb25      	OUT  0x15,R18
                 ; 0000 0034    PORTA=hien[j];
000073 01f8      	MOVW R30,R16
000074 e6a0      	LDI  R26,LOW(_hien)
000075 e0b1      	LDI  R27,HIGH(_hien)
000076 0fee      	LSL  R30
000077 1fff      	ROL  R31
000078 0fae      	ADD  R26,R30
000079 1fbf      	ADC  R27,R31
00007a 91ec      	LD   R30,X
00007b bbeb      	OUT  0x1B,R30
                 ; 0000 0035    delay_ms(1);
00007c e0e1      	LDI  R30,LOW(1)
00007d e0f0      	LDI  R31,HIGH(1)
00007e 93fa      	ST   -Y,R31
00007f 93ea      	ST   -Y,R30
000080 940e 0159 	CALL _delay_ms
                 ; 0000 0036    x=(x>>1)+0b00001000;
000082 01f9      	MOVW R30,R18
000083 95f5      	ASR  R31
000084 95e7      	ROR  R30
000085 9638      	ADIW R30,8
000086 019f      	MOVW R18,R30
                 ; 0000 0037   }
                +
000087 5f0f     +SUBI R16 , LOW ( - 1 )
000088 4f1f     +SBCI R17 , HIGH ( - 1 )
                 	__ADDWRN 16,17,1
000089 cfe2      	RJMP _0x5
                 _0x6:
                 ; 0000 0038  }
00008a 940e 0173 	CALL __LOADLOCR4
00008c 9624      	ADIW R28,4
00008d 9508      	RET
                 ;
                 ;unsigned char KEY4x4_Ispush(void){
                 ; 0000 003A unsigned char KEY4x4_Ispush(void){
                 _KEY4x4_Ispush:
                 ; 0000 003B if((KEY4x4_COL1==0)||(KEY4x4_COL2==0)||(KEY4x4_COL3==0)||(KEY4x4_COL4==0))
00008e e0a0      	LDI  R26,0
00008f 9984      	SBIC 0x10,4
000090 e0a1      	LDI  R26,1
000091 30a0      	CPI  R26,LOW(0x0)
000092 f079      	BREQ _0x8
000093 e0a0      	LDI  R26,0
000094 9985      	SBIC 0x10,5
000095 e0a1      	LDI  R26,1
000096 30a0      	CPI  R26,LOW(0x0)
000097 f051      	BREQ _0x8
000098 e0a0      	LDI  R26,0
000099 9986      	SBIC 0x10,6
00009a e0a1      	LDI  R26,1
00009b 30a0      	CPI  R26,LOW(0x0)
00009c f029      	BREQ _0x8
00009d e0a0      	LDI  R26,0
00009e 9987      	SBIC 0x10,7
00009f e0a1      	LDI  R26,1
0000a0 30a0      	CPI  R26,LOW(0x0)
0000a1 f411      	BRNE _0x7
                 _0x8:
                 ; 0000 003C return 1;
0000a2 e0e1      	LDI  R30,LOW(1)
0000a3 9508      	RET
                 ; 0000 003D else return 0;
                 _0x7:
0000a4 e0e0      	LDI  R30,LOW(0)
0000a5 9508      	RET
                 ; 0000 003E }
0000a6 9508      	RET
                 ;void KEY4x4_checkROW(unsigned char i){
                 ; 0000 003F void KEY4x4_checkROW(unsigned char i){
                 _KEY4x4_checkROW:
                 ; 0000 0040 KEY4x4_ROW1 =KEY4x4_ROW2 =KEY4x4_ROW3 =KEY4x4_ROW4 =1;
                 ;	i -> Y+0
0000a7 9a90      	SBI  0x12,0
0000a8 9a91      	SBI  0x12,1
0000a9 9a92      	SBI  0x12,2
0000aa 9a93      	SBI  0x12,3
                 ; 0000 0041 if(i==0){
0000ab 81e8      	LD   R30,Y
0000ac 30e0      	CPI  R30,0
0000ad f411      	BRNE _0x13
                 ; 0000 0042     KEY4x4_ROW1=0;
0000ae 9893      	CBI  0x12,3
                 ; 0000 0043 }
                 ; 0000 0044 else if(i==1){
0000af c00e      	RJMP _0x16
                 _0x13:
0000b0 81a8      	LD   R26,Y
0000b1 30a1      	CPI  R26,LOW(0x1)
0000b2 f411      	BRNE _0x17
                 ; 0000 0045     KEY4x4_ROW2=0;
0000b3 9892      	CBI  0x12,2
                 ; 0000 0046 }
                 ; 0000 0047 else if(i==2){
0000b4 c009      	RJMP _0x1A
                 _0x17:
0000b5 81a8      	LD   R26,Y
0000b6 30a2      	CPI  R26,LOW(0x2)
0000b7 f411      	BRNE _0x1B
                 ; 0000 0048     KEY4x4_ROW3=0;
0000b8 9891      	CBI  0x12,1
                 ; 0000 0049 }
                 ; 0000 004A else if(i==3){
0000b9 c004      	RJMP _0x1E
                 _0x1B:
0000ba 81a8      	LD   R26,Y
0000bb 30a3      	CPI  R26,LOW(0x3)
0000bc f409      	BRNE _0x1F
                 ; 0000 004B     KEY4x4_ROW4=0;
0000bd 9890      	CBI  0x12,0
                 ; 0000 004C }
                 ; 0000 004D }
                 _0x1F:
                 _0x1E:
                 _0x1A:
                 _0x16:
0000be 9621      	ADIW R28,1
0000bf 9508      	RET
                 ;unsigned char KEY4x4_Getkey(void){
                 ; 0000 004E unsigned char KEY4x4_Getkey(void){
                 _KEY4x4_Getkey:
                 ; 0000 004F unsigned char i;
                 ; 0000 0050 KEY4x4_ROW1=0;
0000c0 931a      	ST   -Y,R17
                 ;	i -> R17
0000c1 9893      	CBI  0x12,3
                 ; 0000 0051 KEY4x4_ROW2=0;
0000c2 9892      	CBI  0x12,2
                 ; 0000 0052 KEY4x4_ROW3=0;
0000c3 9891      	CBI  0x12,1
                 ; 0000 0053 KEY4x4_ROW4=0;
0000c4 9890      	CBI  0x12,0
                 ; 0000 0054 if(KEY4x4_Ispush()){
0000c5 dfc8      	RCALL _KEY4x4_Ispush
0000c6 30e0      	CPI  R30,0
0000c7 f161      	BREQ _0x2A
                 ; 0000 0055 delay_ms(5);
0000c8 e0e5      	LDI  R30,LOW(5)
0000c9 e0f0      	LDI  R31,HIGH(5)
0000ca 93fa      	ST   -Y,R31
0000cb 93ea      	ST   -Y,R30
0000cc 940e 0159 	CALL _delay_ms
                 ; 0000 0056 if(KEY4x4_Ispush()){
0000ce dfbf      	RCALL _KEY4x4_Ispush
0000cf 30e0      	CPI  R30,0
0000d0 f119      	BREQ _0x2B
                 ; 0000 0057 for(i=0;i<4;i++){
0000d1 e010      	LDI  R17,LOW(0)
                 _0x2D:
0000d2 3014      	CPI  R17,4
0000d3 f500      	BRSH _0x2E
                 ; 0000 0058 KEY4x4_checkROW(i);
0000d4 931a      	ST   -Y,R17
0000d5 dfd1      	RCALL _KEY4x4_checkROW
                 ; 0000 0059 if(KEY4x4_COL1==0)  return KEY_4x4[i][0];
0000d6 9984      	SBIC 0x10,4
0000d7 c005      	RJMP _0x2F
0000d8 d079      	RCALL SUBOPT_0x0
0000d9 0fae      	ADD  R26,R30
0000da 1fbf      	ADC  R27,R31
0000db 91ec      	LD   R30,X
0000dc c018      	RJMP _0x2000001
                 ; 0000 005A if(KEY4x4_COL2==0)  return KEY_4x4[i][1];
                 _0x2F:
0000dd 9985      	SBIC 0x10,5
0000de c005      	RJMP _0x30
0000df d072      	RCALL SUBOPT_0x0
0000e0 0fea      	ADD  R30,R26
0000e1 1ffb      	ADC  R31,R27
0000e2 81e1      	LDD  R30,Z+1
0000e3 c011      	RJMP _0x2000001
                 ; 0000 005B if(KEY4x4_COL3==0)  return KEY_4x4[i][2];
                 _0x30:
0000e4 9986      	SBIC 0x10,6
0000e5 c005      	RJMP _0x31
0000e6 d06b      	RCALL SUBOPT_0x0
0000e7 0fea      	ADD  R30,R26
0000e8 1ffb      	ADC  R31,R27
0000e9 81e2      	LDD  R30,Z+2
0000ea c00a      	RJMP _0x2000001
                 ; 0000 005C if(KEY4x4_COL4==0)  return KEY_4x4[i][3];
                 _0x31:
0000eb 9987      	SBIC 0x10,7
0000ec c005      	RJMP _0x32
0000ed d064      	RCALL SUBOPT_0x0
0000ee 0fea      	ADD  R30,R26
0000ef 1ffb      	ADC  R31,R27
0000f0 81e3      	LDD  R30,Z+3
0000f1 c003      	RJMP _0x2000001
                 ; 0000 005D }
                 _0x32:
0000f2 5f1f      	SUBI R17,-1
0000f3 cfde      	RJMP _0x2D
                 _0x2E:
                 ; 0000 005E }
                 ; 0000 005F }
                 _0x2B:
                 ; 0000 0060 return 0;
                 _0x2A:
0000f4 e0e0      	LDI  R30,LOW(0)
                 _0x2000001:
0000f5 9119      	LD   R17,Y+
0000f6 9508      	RET
                 ; 0000 0061 }
                 ;void main(void)
                 ; 0000 0063 {
                 _main:
                 ; 0000 0064 char key;
                 ; 0000 0065 // Declare your local variables here
                 ; 0000 0066 
                 ; 0000 0067 // Input/Output Ports initialization
                 ; 0000 0068 // Port A initialization
                 ; 0000 0069 // Func7=In Func6=Out Func5=Out Func4=Out Func3=Out Func2=Out Func1=Out Func0=Out
                 ; 0000 006A // State7=T State6=0 State5=0 State4=0 State3=0 State2=0 State1=0 State0=0
                 ; 0000 006B PORTA=0x00;
                 ;	key -> R17
0000f7 e0e0      	LDI  R30,LOW(0)
0000f8 bbeb      	OUT  0x1B,R30
                 ; 0000 006C DDRA=0x7F;
0000f9 e7ef      	LDI  R30,LOW(127)
0000fa bbea      	OUT  0x1A,R30
                 ; 0000 006D 
                 ; 0000 006E // Port B initialization
                 ; 0000 006F // Func7=In Func6=In Func5=In Func4=In Func3=In Func2=In Func1=In Func0=In
                 ; 0000 0070 // State7=T State6=T State5=T State4=T State3=T State2=T State1=T State0=T
                 ; 0000 0071 PORTB=0x00;
0000fb e0e0      	LDI  R30,LOW(0)
0000fc bbe8      	OUT  0x18,R30
                 ; 0000 0072 DDRB=0x00;
0000fd bbe7      	OUT  0x17,R30
                 ; 0000 0073 
                 ; 0000 0074 // Port C initialization
                 ; 0000 0075 // Func7=In Func6=In Func5=In Func4=In Func3=In Func2=In Func1=In Func0=In
                 ; 0000 0076 // State7=T State6=T State5=T State4=T State3=T State2=T State1=T State0=T
                 ; 0000 0077 PORTC=0x00;
0000fe bbe5      	OUT  0x15,R30
                 ; 0000 0078 DDRC=0b00001111;
0000ff e0ef      	LDI  R30,LOW(15)
000100 bbe4      	OUT  0x14,R30
                 ; 0000 0079 
                 ; 0000 007A // Port D initialization
                 ; 0000 007B // Func7=In Func6=In Func5=In Func4=In Func3=Out Func2=Out Func1=Out Func0=Out
                 ; 0000 007C // State7=P State6=P State5=P State4=P State3=1 State2=1 State1=1 State0=1
                 ; 0000 007D PORTD=0xFF;
000101 efef      	LDI  R30,LOW(255)
000102 bbe2      	OUT  0x12,R30
                 ; 0000 007E DDRD=0x0F;
000103 e0ef      	LDI  R30,LOW(15)
000104 bbe1      	OUT  0x11,R30
                 ; 0000 007F 
                 ; 0000 0080 // Timer/Counter 0 initialization
                 ; 0000 0081 // Clock source: System Clock
                 ; 0000 0082 // Clock value: Timer 0 Stopped
                 ; 0000 0083 // Mode: Normal top=0xFF
                 ; 0000 0084 // OC0 output: Disconnected
                 ; 0000 0085 TCCR0=0x00;
000105 e0e0      	LDI  R30,LOW(0)
000106 bfe3      	OUT  0x33,R30
                 ; 0000 0086 TCNT0=0x00;
000107 bfe2      	OUT  0x32,R30
                 ; 0000 0087 OCR0=0x00;
000108 bfec      	OUT  0x3C,R30
                 ; 0000 0088 
                 ; 0000 0089 // Timer/Counter 1 initialization
                 ; 0000 008A // Clock source: System Clock
                 ; 0000 008B // Clock value: Timer1 Stopped
                 ; 0000 008C // Mode: Normal top=0xFFFF
                 ; 0000 008D // OC1A output: Discon.
                 ; 0000 008E // OC1B output: Discon.
                 ; 0000 008F // Noise Canceler: Off
                 ; 0000 0090 // Input Capture on Falling Edge
                 ; 0000 0091 // Timer1 Overflow Interrupt: Off
                 ; 0000 0092 // Input Capture Interrupt: Off
                 ; 0000 0093 // Compare A Match Interrupt: Off
                 ; 0000 0094 // Compare B Match Interrupt: Off
                 ; 0000 0095 TCCR1A=0x00;
000109 bdef      	OUT  0x2F,R30
                 ; 0000 0096 TCCR1B=0x00;
00010a bdee      	OUT  0x2E,R30
                 ; 0000 0097 TCNT1H=0x00;
00010b bded      	OUT  0x2D,R30
                 ; 0000 0098 TCNT1L=0x00;
00010c bdec      	OUT  0x2C,R30
                 ; 0000 0099 ICR1H=0x00;
00010d bde7      	OUT  0x27,R30
                 ; 0000 009A ICR1L=0x00;
00010e bde6      	OUT  0x26,R30
                 ; 0000 009B OCR1AH=0x00;
00010f bdeb      	OUT  0x2B,R30
                 ; 0000 009C OCR1AL=0x00;
000110 bdea      	OUT  0x2A,R30
                 ; 0000 009D OCR1BH=0x00;
000111 bde9      	OUT  0x29,R30
                 ; 0000 009E OCR1BL=0x00;
000112 bde8      	OUT  0x28,R30
                 ; 0000 009F 
                 ; 0000 00A0 // Timer/Counter 2 initialization
                 ; 0000 00A1 // Clock source: System Clock
                 ; 0000 00A2 // Clock value: Timer2 Stopped
                 ; 0000 00A3 // Mode: Normal top=0xFF
                 ; 0000 00A4 // OC2 output: Disconnected
                 ; 0000 00A5 ASSR=0x00;
000113 bde2      	OUT  0x22,R30
                 ; 0000 00A6 TCCR2=0x00;
000114 bde5      	OUT  0x25,R30
                 ; 0000 00A7 TCNT2=0x00;
000115 bde4      	OUT  0x24,R30
                 ; 0000 00A8 OCR2=0x00;
000116 bde3      	OUT  0x23,R30
                 ; 0000 00A9 
                 ; 0000 00AA // External Interrupt(s) initialization
                 ; 0000 00AB // INT0: Off
                 ; 0000 00AC // INT1: Off
                 ; 0000 00AD // INT2: Off
                 ; 0000 00AE MCUCR=0x00;
000117 bfe5      	OUT  0x35,R30
                 ; 0000 00AF MCUCSR=0x00;
000118 bfe4      	OUT  0x34,R30
                 ; 0000 00B0 
                 ; 0000 00B1 // Timer(s)/Counter(s) Interrupt(s) initialization
                 ; 0000 00B2 TIMSK=0x00;
000119 bfe9      	OUT  0x39,R30
                 ; 0000 00B3 
                 ; 0000 00B4 // USART initialization
                 ; 0000 00B5 // USART disabled
                 ; 0000 00B6 UCSRB=0x00;
00011a b9ea      	OUT  0xA,R30
                 ; 0000 00B7 
                 ; 0000 00B8 // Analog Comparator initialization
                 ; 0000 00B9 // Analog Comparator: Off
                 ; 0000 00BA // Analog Comparator Input Capture by Timer/Counter 1: Off
                 ; 0000 00BB ACSR=0x80;
00011b e8e0      	LDI  R30,LOW(128)
00011c b9e8      	OUT  0x8,R30
                 ; 0000 00BC SFIOR=0x00;
00011d e0e0      	LDI  R30,LOW(0)
00011e bfe0      	OUT  0x30,R30
                 ; 0000 00BD 
                 ; 0000 00BE // ADC initialization
                 ; 0000 00BF // ADC disabled
                 ; 0000 00C0 ADCSRA=0x00;
00011f b9e6      	OUT  0x6,R30
                 ; 0000 00C1 
                 ; 0000 00C2 // SPI initialization
                 ; 0000 00C3 // SPI disabled
                 ; 0000 00C4 SPCR=0x00;
000120 b9ed      	OUT  0xD,R30
                 ; 0000 00C5 
                 ; 0000 00C6 // TWI initialization
                 ; 0000 00C7 // TWI disabled
                 ; 0000 00C8 TWCR=0x00;
000121 bfe6      	OUT  0x36,R30
                 ; 0000 00C9 
                 ; 0000 00CA while(1)
                 _0x33:
                 ; 0000 00CB  {
                 ; 0000 00CC       int i;
                 ; 0000 00CD       key=KEY4x4_Getkey();
000122 9722      	SBIW R28,2
                 ;	i -> Y+0
000123 df9c      	RCALL _KEY4x4_Getkey
000124 2f1e      	MOV  R17,R30
                 ; 0000 00CE       if(key){
000125 3010      	CPI  R17,0
000126 f139      	BREQ _0x36
                 ; 0000 00CF 		   for(i=0;i<3;i++)
000127 e0e0      	LDI  R30,LOW(0)
000128 83e8      	STD  Y+0,R30
000129 83e9      	STD  Y+0+1,R30
                 _0x38:
00012a 81a8      	LD   R26,Y
00012b 81b9      	LDD  R27,Y+1
00012c 9713      	SBIW R26,3
00012d f4d4      	BRGE _0x39
                 ; 0000 00D0 		   hien[i]=hien[i+1];
00012e 81e8      	LD   R30,Y
00012f 81f9      	LDD  R31,Y+1
000130 e6a0      	LDI  R26,LOW(_hien)
000131 e0b1      	LDI  R27,HIGH(_hien)
000132 0fee      	LSL  R30
000133 1fff      	ROL  R31
000134 0fea      	ADD  R30,R26
000135 1ffb      	ADC  R31,R27
000136 010f      	MOVW R0,R30
000137 81a8      	LD   R26,Y
000138 81b9      	LDD  R27,Y+1
000139 0faa      	LSL  R26
00013a 1fbb      	ROL  R27
                +
00013b 59ae     +SUBI R26 , LOW ( - _hien - ( 2 ) )
00013c 4fbe     +SBCI R27 , HIGH ( - _hien - ( 2 ) )
                 	__ADDW2MN _hien,2
00013d 940e 016a 	CALL __GETW1P
00013f 01d0      	MOVW R26,R0
000140 93ed      	ST   X+,R30
000141 93fc      	ST   X,R31
000142 81e8      	LD   R30,Y
000143 81f9      	LDD  R31,Y+1
000144 9631      	ADIW R30,1
000145 83e8      	ST   Y,R30
000146 83f9      	STD  Y+1,R31
000147 cfe2      	RJMP _0x38
                 _0x39:
                 ; 0000 00D1 hien[3]=key;
                +
000148 e6a6     +LDI R26 , LOW ( _hien + ( 6 ) )
000149 e0b1     +LDI R27 , HIGH ( _hien + ( 6 ) )
                 	__POINTW2MN _hien,6
00014a 2fe1      	MOV  R30,R17
00014b e0f0      	LDI  R31,0
00014c 93ed      	ST   X+,R30
00014d 93fc      	ST   X,R31
                 ; 0000 00D2            }
                 ; 0000 00D3            quetled();
                 _0x36:
00014e df17      	RCALL _quetled
                 ; 0000 00D4 
                 ; 0000 00D5  }
00014f 9622      	ADIW R28,2
000150 cfd1      	RJMP _0x33
                 ; 0000 00D6 
                 ; 0000 00D7 }
                 _0x3A:
000151 cfff      	RJMP _0x3A
                 
                 	.DSEG
                 _hien:
000160           	.BYTE 0x8
                 _KEY_4x4_G000:
000168           	.BYTE 0x10
                 
                 	.CSEG
                 ;OPTIMIZER ADDED SUBROUTINE, CALLED 4 TIMES, CODE SIZE REDUCTION:15 WORDS
                 SUBOPT_0x0:
000152 2fe1      	MOV  R30,R17
000153 e6a8      	LDI  R26,LOW(_KEY_4x4_G000)
000154 e0b1      	LDI  R27,HIGH(_KEY_4x4_G000)
000155 e0f0      	LDI  R31,0
000156 940e 0165 	CALL __LSLW2
000158 9508      	RET
                 
                 
                 	.CSEG
                 _delay_ms:
000159 91e9      	ld   r30,y+
00015a 91f9      	ld   r31,y+
00015b 9630      	adiw r30,0
00015c f039      	breq __delay_ms1
                 __delay_ms0:
                +
00015d ea80     +LDI R24 , LOW ( 0xFA0 )
00015e e09f     +LDI R25 , HIGH ( 0xFA0 )
                +__DELAY_USW_LOOP :
00015f 9701     +SBIW R24 , 1
000160 f7f1     +BRNE __DELAY_USW_LOOP
                 	__DELAY_USW 0xFA0
000161 95a8      	wdr
000162 9731      	sbiw r30,1
000163 f7c9      	brne __delay_ms0
                 __delay_ms1:
000164 9508      	ret
                 
                 __LSLW2:
000165 0fee      	LSL  R30
000166 1fff      	ROL  R31
000167 0fee      	LSL  R30
000168 1fff      	ROL  R31
000169 9508      	RET
                 
                 __GETW1P:
00016a 91ed      	LD   R30,X+
00016b 91fc      	LD   R31,X
00016c 9711      	SBIW R26,1
00016d 9508      	RET
                 
                 __SAVELOCR4:
00016e 933a      	ST   -Y,R19
                 __SAVELOCR3:
00016f 932a      	ST   -Y,R18
                 __SAVELOCR2:
000170 931a      	ST   -Y,R17
000171 930a      	ST   -Y,R16
000172 9508      	RET
                 
                 __LOADLOCR4:
000173 813b      	LDD  R19,Y+3
                 __LOADLOCR3:
000174 812a      	LDD  R18,Y+2
                 __LOADLOCR2:
000175 8119      	LDD  R17,Y+1
000176 8108      	LD   R16,Y
000177 9508      	RET
                 
                 ;END OF CODE MARKER
                 __END_OF_CODE:


RESOURCE USE INFORMATION
------------------------

Notice:
The register and instruction counts are symbol table hit counts,
and hence implicitly used resources are not counted, eg, the
'lpm' instruction without operands implicitly uses r0 and z,
none of which are counted.

x,y,z are separate entities in the symbol table and are
counted separately from r26..r31 here.

.dseg memory usage only counts static data declared with .byte

ATmega16 register use summary:
r0 :   6 r1 :   1 r2 :   0 r3 :   0 r4 :   0 r5 :   0 r6 :   0 r7 :   0 
r8 :   0 r9 :   0 r10:   0 r11:   0 r12:   0 r13:   0 r14:   0 r15:   0 
r16:   6 r17:  15 r18:   6 r19:   3 r20:   0 r21:   0 r22:   2 r23:   0 
r24:   9 r25:   3 r26:  38 r27:  16 r28:   5 r29:   1 r30: 111 r31:  29 
x  :  11 y  :  33 z  :  10 
Registers used: 18 out of 35 (51.4%)

ATmega16 instruction use summary:
.lds  :   0 .lds.l:   0 .sts  :   0 .sts.l:   0 adc   :   6 add   :   6 
adiw  :   6 and   :   0 andi  :   0 asr   :   1 bclr  :   0 bld   :   0 
brbc  :   0 brbs  :   0 brcc  :   0 brcs  :   0 break :   0 breq  :   8 
brge  :   2 brhc  :   0 brhs  :   0 brid  :   0 brie  :   0 brlo  :   0 
brlt  :   0 brmi  :   0 brne  :  10 brpl  :   0 brsh  :   1 brtc  :   0 
brts  :   0 brvc  :   0 brvs  :   0 bset  :   0 bst   :   0 call  :   6 
cbi   :   8 cbr   :   0 clc   :   0 clh   :   0 cli   :   1 cln   :   0 
clr   :   2 cls   :   0 clt   :   0 clv   :   0 clz   :   0 com   :   0 
cp    :   0 cpc   :   1 cpi   :  13 cpse  :   0 dec   :   1 des   :   0 
eor   :   0 fmul  :   0 fmuls :   0 fmulsu:   0 icall :   0 ijmp  :   0 
in    :   0 inc   :   0 jmp   :  22 ld    :  16 ldd   :  10 ldi   :  57 
lds   :   0 lpm   :   7 lsl   :   5 lsr   :   0 mov   :   3 movw  :   8 
mul   :   0 muls  :   0 mulsu :   0 neg   :   0 nop   :   0 or    :   0 
ori   :   0 out   :  45 pop   :   0 push  :   0 rcall :   9 ret   :  12 
reti  :   0 rjmp  :  17 rol   :   5 ror   :   1 sbc   :   0 sbci  :   2 
sbi   :   4 sbic  :   8 sbis  :   0 sbiw  :   8 sbr   :   0 sbrc  :   0 
sbrs  :   0 sec   :   0 seh   :   0 sei   :   0 sen   :   0 ser   :   0 
ses   :   0 set   :   0 sev   :   0 sez   :   0 sleep :   0 spm   :   0 
st    :  18 std   :   3 sts   :   0 sub   :   0 subi  :   3 swap  :   0 
tst   :   0 wdr   :   1 
Instructions used: 37 out of 116 (31.9%)

ATmega16 memory use summary [bytes]:
Segment   Begin    End      Code   Data   Used    Size   Use%
---------------------------------------------------------------
[.cseg] 0x000000 0x0002f0    728     24    752   16384   4.6%
[.dseg] 0x000060 0x000178      0     24     24    1119   2.1%
[.eseg] 0x000000 0x000000      0      0      0     512   0.0%

Assembly complete, 0 errors, 0 warnings
