
AVRASM ver. 2.1.30  D:\AVR\ltavr\k38\List\h.asm Sat Jan 09 01:40:15 2016

                 
                 
                 ;CodeVisionAVR C Compiler V2.05.0 Professional
                 ;(C) Copyright 1998-2010 Pavel Haiduc, HP InfoTech s.r.l.
                 ;http://www.hpinfotech.com
                 
                 ;Chip type                : ATmega16
                 ;Program type             : Application
                 ;Clock frequency          : 16.000000 MHz
                 ;Memory model             : Small
                 ;Optimize for             : Size
                 ;(s)printf features       : int, width
                 ;(s)scanf features        : int, width
                 ;External RAM size        : 0
                 ;Data Stack size          : 256 byte(s)
                 ;Heap size                : 0 byte(s)
                 ;Promote 'char' to 'int'  : Yes
                 ;'char' is unsigned       : Yes
                 ;8 bit enums              : Yes
                 ;global 'const' stored in FLASH: No
                 ;Enhanced core instructions    : On
                 ;Smart register allocation     : On
                 ;Automatic register allocation : On
                 
                 	#pragma AVRPART ADMIN PART_NAME ATmega16
                 	#pragma AVRPART MEMORY PROG_FLASH 16384
                 	#pragma AVRPART MEMORY EEPROM 512
                 	#pragma AVRPART MEMORY INT_SRAM SIZE 1119
                 	#pragma AVRPART MEMORY INT_SRAM START_ADDR 0x60
                 
                 	#define CALL_SUPPORTED 1
                 
                 	.LISTMAC
                 	.EQU UDRE=0x5
                 	.EQU RXC=0x7
                 	.EQU USR=0xB
                 	.EQU UDR=0xC
                 	.EQU SPSR=0xE
                 	.EQU SPDR=0xF
                 	.EQU EERE=0x0
                 	.EQU EEWE=0x1
                 	.EQU EEMWE=0x2
                 	.EQU EECR=0x1C
                 	.EQU EEDR=0x1D
                 	.EQU EEARL=0x1E
                 	.EQU EEARH=0x1F
                 	.EQU WDTCR=0x21
                 	.EQU MCUCR=0x35
                 	.EQU GICR=0x3B
                 	.EQU SPL=0x3D
                 	.EQU SPH=0x3E
                 	.EQU SREG=0x3F
                 
                 	.DEF R0X0=R0
                 	.DEF R0X1=R1
                 	.DEF R0X2=R2
                 	.DEF R0X3=R3
                 	.DEF R0X4=R4
                 	.DEF R0X5=R5
                 	.DEF R0X6=R6
                 	.DEF R0X7=R7
                 	.DEF R0X8=R8
                 	.DEF R0X9=R9
                 	.DEF R0XA=R10
                 	.DEF R0XB=R11
                 	.DEF R0XC=R12
                 	.DEF R0XD=R13
                 	.DEF R0XE=R14
                 	.DEF R0XF=R15
                 	.DEF R0X10=R16
                 	.DEF R0X11=R17
                 	.DEF R0X12=R18
                 	.DEF R0X13=R19
                 	.DEF R0X14=R20
                 	.DEF R0X15=R21
                 	.DEF R0X16=R22
                 	.DEF R0X17=R23
                 	.DEF R0X18=R24
                 	.DEF R0X19=R25
                 	.DEF R0X1A=R26
                 	.DEF R0X1B=R27
                 	.DEF R0X1C=R28
                 	.DEF R0X1D=R29
                 	.DEF R0X1E=R30
                 	.DEF R0X1F=R31
                 
                 	.EQU __SRAM_START=0x0060
                 	.EQU __SRAM_END=0x045F
                 	.EQU __DSTACK_SIZE=0x0100
                 	.EQU __HEAP_SIZE=0x0000
                 	.EQU __CLEAR_SRAM_SIZE=__SRAM_END-__SRAM_START+1
                 
                 	.MACRO __CPD1N
                 	CPI  R30,LOW(@0)
                 	LDI  R26,HIGH(@0)
                 	CPC  R31,R26
                 	LDI  R26,BYTE3(@0)
                 	CPC  R22,R26
                 	LDI  R26,BYTE4(@0)
                 	CPC  R23,R26
                 	.ENDM
                 
                 	.MACRO __CPD2N
                 	CPI  R26,LOW(@0)
                 	LDI  R30,HIGH(@0)
                 	CPC  R27,R30
                 	LDI  R30,BYTE3(@0)
                 	CPC  R24,R30
                 	LDI  R30,BYTE4(@0)
                 	CPC  R25,R30
                 	.ENDM
                 
                 	.MACRO __CPWRR
                 	CP   R@0,R@2
                 	CPC  R@1,R@3
                 	.ENDM
                 
                 	.MACRO __CPWRN
                 	CPI  R@0,LOW(@2)
                 	LDI  R30,HIGH(@2)
                 	CPC  R@1,R30
                 	.ENDM
                 
                 	.MACRO __ADDB1MN
                 	SUBI R30,LOW(-@0-(@1))
                 	.ENDM
                 
                 	.MACRO __ADDB2MN
                 	SUBI R26,LOW(-@0-(@1))
                 	.ENDM
                 
                 	.MACRO __ADDW1MN
                 	SUBI R30,LOW(-@0-(@1))
                 	SBCI R31,HIGH(-@0-(@1))
                 	.ENDM
                 
                 	.MACRO __ADDW2MN
                 	SUBI R26,LOW(-@0-(@1))
                 	SBCI R27,HIGH(-@0-(@1))
                 	.ENDM
                 
                 	.MACRO __ADDW1FN
                 	SUBI R30,LOW(-2*@0-(@1))
                 	SBCI R31,HIGH(-2*@0-(@1))
                 	.ENDM
                 
                 	.MACRO __ADDD1FN
                 	SUBI R30,LOW(-2*@0-(@1))
                 	SBCI R31,HIGH(-2*@0-(@1))
                 	SBCI R22,BYTE3(-2*@0-(@1))
                 	.ENDM
                 
                 	.MACRO __ADDD1N
                 	SUBI R30,LOW(-@0)
                 	SBCI R31,HIGH(-@0)
                 	SBCI R22,BYTE3(-@0)
                 	SBCI R23,BYTE4(-@0)
                 	.ENDM
                 
                 	.MACRO __ADDD2N
                 	SUBI R26,LOW(-@0)
                 	SBCI R27,HIGH(-@0)
                 	SBCI R24,BYTE3(-@0)
                 	SBCI R25,BYTE4(-@0)
                 	.ENDM
                 
                 	.MACRO __SUBD1N
                 	SUBI R30,LOW(@0)
                 	SBCI R31,HIGH(@0)
                 	SBCI R22,BYTE3(@0)
                 	SBCI R23,BYTE4(@0)
                 	.ENDM
                 
                 	.MACRO __SUBD2N
                 	SUBI R26,LOW(@0)
                 	SBCI R27,HIGH(@0)
                 	SBCI R24,BYTE3(@0)
                 	SBCI R25,BYTE4(@0)
                 	.ENDM
                 
                 	.MACRO __ANDBMNN
                 	LDS  R30,@0+(@1)
                 	ANDI R30,LOW(@2)
                 	STS  @0+(@1),R30
                 	.ENDM
                 
                 	.MACRO __ANDWMNN
                 	LDS  R30,@0+(@1)
                 	ANDI R30,LOW(@2)
                 	STS  @0+(@1),R30
                 	LDS  R30,@0+(@1)+1
                 	ANDI R30,HIGH(@2)
                 	STS  @0+(@1)+1,R30
                 	.ENDM
                 
                 	.MACRO __ANDD1N
                 	ANDI R30,LOW(@0)
                 	ANDI R31,HIGH(@0)
                 	ANDI R22,BYTE3(@0)
                 	ANDI R23,BYTE4(@0)
                 	.ENDM
                 
                 	.MACRO __ANDD2N
                 	ANDI R26,LOW(@0)
                 	ANDI R27,HIGH(@0)
                 	ANDI R24,BYTE3(@0)
                 	ANDI R25,BYTE4(@0)
                 	.ENDM
                 
                 	.MACRO __ORBMNN
                 	LDS  R30,@0+(@1)
                 	ORI  R30,LOW(@2)
                 	STS  @0+(@1),R30
                 	.ENDM
                 
                 	.MACRO __ORWMNN
                 	LDS  R30,@0+(@1)
                 	ORI  R30,LOW(@2)
                 	STS  @0+(@1),R30
                 	LDS  R30,@0+(@1)+1
                 	ORI  R30,HIGH(@2)
                 	STS  @0+(@1)+1,R30
                 	.ENDM
                 
                 	.MACRO __ORD1N
                 	ORI  R30,LOW(@0)
                 	ORI  R31,HIGH(@0)
                 	ORI  R22,BYTE3(@0)
                 	ORI  R23,BYTE4(@0)
                 	.ENDM
                 
                 	.MACRO __ORD2N
                 	ORI  R26,LOW(@0)
                 	ORI  R27,HIGH(@0)
                 	ORI  R24,BYTE3(@0)
                 	ORI  R25,BYTE4(@0)
                 	.ENDM
                 
                 	.MACRO __DELAY_USB
                 	LDI  R24,LOW(@0)
                 __DELAY_USB_LOOP:
                 	DEC  R24
                 	BRNE __DELAY_USB_LOOP
                 	.ENDM
                 
                 	.MACRO __DELAY_USW
                 	LDI  R24,LOW(@0)
                 	LDI  R25,HIGH(@0)
                 __DELAY_USW_LOOP:
                 	SBIW R24,1
                 	BRNE __DELAY_USW_LOOP
                 	.ENDM
                 
                 	.MACRO __GETD1S
                 	LDD  R30,Y+@0
                 	LDD  R31,Y+@0+1
                 	LDD  R22,Y+@0+2
                 	LDD  R23,Y+@0+3
                 	.ENDM
                 
                 	.MACRO __GETD2S
                 	LDD  R26,Y+@0
                 	LDD  R27,Y+@0+1
                 	LDD  R24,Y+@0+2
                 	LDD  R25,Y+@0+3
                 	.ENDM
                 
                 	.MACRO __PUTD1S
                 	STD  Y+@0,R30
                 	STD  Y+@0+1,R31
                 	STD  Y+@0+2,R22
                 	STD  Y+@0+3,R23
                 	.ENDM
                 
                 	.MACRO __PUTD2S
                 	STD  Y+@0,R26
                 	STD  Y+@0+1,R27
                 	STD  Y+@0+2,R24
                 	STD  Y+@0+3,R25
                 	.ENDM
                 
                 	.MACRO __PUTDZ2
                 	STD  Z+@0,R26
                 	STD  Z+@0+1,R27
                 	STD  Z+@0+2,R24
                 	STD  Z+@0+3,R25
                 	.ENDM
                 
                 	.MACRO __CLRD1S
                 	STD  Y+@0,R30
                 	STD  Y+@0+1,R30
                 	STD  Y+@0+2,R30
                 	STD  Y+@0+3,R30
                 	.ENDM
                 
                 	.MACRO __POINTB1MN
                 	LDI  R30,LOW(@0+(@1))
                 	.ENDM
                 
                 	.MACRO __POINTW1MN
                 	LDI  R30,LOW(@0+(@1))
                 	LDI  R31,HIGH(@0+(@1))
                 	.ENDM
                 
                 	.MACRO __POINTD1M
                 	LDI  R30,LOW(@0)
                 	LDI  R31,HIGH(@0)
                 	LDI  R22,BYTE3(@0)
                 	LDI  R23,BYTE4(@0)
                 	.ENDM
                 
                 	.MACRO __POINTW1FN
                 	LDI  R30,LOW(2*@0+(@1))
                 	LDI  R31,HIGH(2*@0+(@1))
                 	.ENDM
                 
                 	.MACRO __POINTD1FN
                 	LDI  R30,LOW(2*@0+(@1))
                 	LDI  R31,HIGH(2*@0+(@1))
                 	LDI  R22,BYTE3(2*@0+(@1))
                 	LDI  R23,BYTE4(2*@0+(@1))
                 	.ENDM
                 
                 	.MACRO __POINTB2MN
                 	LDI  R26,LOW(@0+(@1))
                 	.ENDM
                 
                 	.MACRO __POINTW2MN
                 	LDI  R26,LOW(@0+(@1))
                 	LDI  R27,HIGH(@0+(@1))
                 	.ENDM
                 
                 	.MACRO __POINTBRM
                 	LDI  R@0,LOW(@1)
                 	.ENDM
                 
                 	.MACRO __POINTWRM
                 	LDI  R@0,LOW(@2)
                 	LDI  R@1,HIGH(@2)
                 	.ENDM
                 
                 	.MACRO __POINTBRMN
                 	LDI  R@0,LOW(@1+(@2))
                 	.ENDM
                 
                 	.MACRO __POINTWRMN
                 	LDI  R@0,LOW(@2+(@3))
                 	LDI  R@1,HIGH(@2+(@3))
                 	.ENDM
                 
                 	.MACRO __POINTWRFN
                 	LDI  R@0,LOW(@2*2+(@3))
                 	LDI  R@1,HIGH(@2*2+(@3))
                 	.ENDM
                 
                 	.MACRO __GETD1N
                 	LDI  R30,LOW(@0)
                 	LDI  R31,HIGH(@0)
                 	LDI  R22,BYTE3(@0)
                 	LDI  R23,BYTE4(@0)
                 	.ENDM
                 
                 	.MACRO __GETD2N
                 	LDI  R26,LOW(@0)
                 	LDI  R27,HIGH(@0)
                 	LDI  R24,BYTE3(@0)
                 	LDI  R25,BYTE4(@0)
                 	.ENDM
                 
                 	.MACRO __GETB1MN
                 	LDS  R30,@0+(@1)
                 	.ENDM
                 
                 	.MACRO __GETB1HMN
                 	LDS  R31,@0+(@1)
                 	.ENDM
                 
                 	.MACRO __GETW1MN
                 	LDS  R30,@0+(@1)
                 	LDS  R31,@0+(@1)+1
                 	.ENDM
                 
                 	.MACRO __GETD1MN
                 	LDS  R30,@0+(@1)
                 	LDS  R31,@0+(@1)+1
                 	LDS  R22,@0+(@1)+2
                 	LDS  R23,@0+(@1)+3
                 	.ENDM
                 
                 	.MACRO __GETBRMN
                 	LDS  R@0,@1+(@2)
                 	.ENDM
                 
                 	.MACRO __GETWRMN
                 	LDS  R@0,@2+(@3)
                 	LDS  R@1,@2+(@3)+1
                 	.ENDM
                 
                 	.MACRO __GETWRZ
                 	LDD  R@0,Z+@2
                 	LDD  R@1,Z+@2+1
                 	.ENDM
                 
                 	.MACRO __GETD2Z
                 	LDD  R26,Z+@0
                 	LDD  R27,Z+@0+1
                 	LDD  R24,Z+@0+2
                 	LDD  R25,Z+@0+3
                 	.ENDM
                 
                 	.MACRO __GETB2MN
                 	LDS  R26,@0+(@1)
                 	.ENDM
                 
                 	.MACRO __GETW2MN
                 	LDS  R26,@0+(@1)
                 	LDS  R27,@0+(@1)+1
                 	.ENDM
                 
                 	.MACRO __GETD2MN
                 	LDS  R26,@0+(@1)
                 	LDS  R27,@0+(@1)+1
                 	LDS  R24,@0+(@1)+2
                 	LDS  R25,@0+(@1)+3
                 	.ENDM
                 
                 	.MACRO __PUTB1MN
                 	STS  @0+(@1),R30
                 	.ENDM
                 
                 	.MACRO __PUTW1MN
                 	STS  @0+(@1),R30
                 	STS  @0+(@1)+1,R31
                 	.ENDM
                 
                 	.MACRO __PUTD1MN
                 	STS  @0+(@1),R30
                 	STS  @0+(@1)+1,R31
                 	STS  @0+(@1)+2,R22
                 	STS  @0+(@1)+3,R23
                 	.ENDM
                 
                 	.MACRO __PUTB1EN
                 	LDI  R26,LOW(@0+(@1))
                 	LDI  R27,HIGH(@0+(@1))
                 	CALL __EEPROMWRB
                 	.ENDM
                 
                 	.MACRO __PUTW1EN
                 	LDI  R26,LOW(@0+(@1))
                 	LDI  R27,HIGH(@0+(@1))
                 	CALL __EEPROMWRW
                 	.ENDM
                 
                 	.MACRO __PUTD1EN
                 	LDI  R26,LOW(@0+(@1))
                 	LDI  R27,HIGH(@0+(@1))
                 	CALL __EEPROMWRD
                 	.ENDM
                 
                 	.MACRO __PUTBR0MN
                 	STS  @0+(@1),R0
                 	.ENDM
                 
                 	.MACRO __PUTBMRN
                 	STS  @0+(@1),R@2
                 	.ENDM
                 
                 	.MACRO __PUTWMRN
                 	STS  @0+(@1),R@2
                 	STS  @0+(@1)+1,R@3
                 	.ENDM
                 
                 	.MACRO __PUTBZR
                 	STD  Z+@1,R@0
                 	.ENDM
                 
                 	.MACRO __PUTWZR
                 	STD  Z+@2,R@0
                 	STD  Z+@2+1,R@1
                 	.ENDM
                 
                 	.MACRO __GETW1R
                 	MOV  R30,R@0
                 	MOV  R31,R@1
                 	.ENDM
                 
                 	.MACRO __GETW2R
                 	MOV  R26,R@0
                 	MOV  R27,R@1
                 	.ENDM
                 
                 	.MACRO __GETWRN
                 	LDI  R@0,LOW(@2)
                 	LDI  R@1,HIGH(@2)
                 	.ENDM
                 
                 	.MACRO __PUTW1R
                 	MOV  R@0,R30
                 	MOV  R@1,R31
                 	.ENDM
                 
                 	.MACRO __PUTW2R
                 	MOV  R@0,R26
                 	MOV  R@1,R27
                 	.ENDM
                 
                 	.MACRO __ADDWRN
                 	SUBI R@0,LOW(-@2)
                 	SBCI R@1,HIGH(-@2)
                 	.ENDM
                 
                 	.MACRO __ADDWRR
                 	ADD  R@0,R@2
                 	ADC  R@1,R@3
                 	.ENDM
                 
                 	.MACRO __SUBWRN
                 	SUBI R@0,LOW(@2)
                 	SBCI R@1,HIGH(@2)
                 	.ENDM
                 
                 	.MACRO __SUBWRR
                 	SUB  R@0,R@2
                 	SBC  R@1,R@3
                 	.ENDM
                 
                 	.MACRO __ANDWRN
                 	ANDI R@0,LOW(@2)
                 	ANDI R@1,HIGH(@2)
                 	.ENDM
                 
                 	.MACRO __ANDWRR
                 	AND  R@0,R@2
                 	AND  R@1,R@3
                 	.ENDM
                 
                 	.MACRO __ORWRN
                 	ORI  R@0,LOW(@2)
                 	ORI  R@1,HIGH(@2)
                 	.ENDM
                 
                 	.MACRO __ORWRR
                 	OR   R@0,R@2
                 	OR   R@1,R@3
                 	.ENDM
                 
                 	.MACRO __EORWRR
                 	EOR  R@0,R@2
                 	EOR  R@1,R@3
                 	.ENDM
                 
                 	.MACRO __GETWRS
                 	LDD  R@0,Y+@2
                 	LDD  R@1,Y+@2+1
                 	.ENDM
                 
                 	.MACRO __PUTBSR
                 	STD  Y+@1,R@0
                 	.ENDM
                 
                 	.MACRO __PUTWSR
                 	STD  Y+@2,R@0
                 	STD  Y+@2+1,R@1
                 	.ENDM
                 
                 	.MACRO __MOVEWRR
                 	MOV  R@0,R@2
                 	MOV  R@1,R@3
                 	.ENDM
                 
                 	.MACRO __INWR
                 	IN   R@0,@2
                 	IN   R@1,@2+1
                 	.ENDM
                 
                 	.MACRO __OUTWR
                 	OUT  @2+1,R@1
                 	OUT  @2,R@0
                 	.ENDM
                 
                 	.MACRO __CALL1MN
                 	LDS  R30,@0+(@1)
                 	LDS  R31,@0+(@1)+1
                 	ICALL
                 	.ENDM
                 
                 	.MACRO __CALL1FN
                 	LDI  R30,LOW(2*@0+(@1))
                 	LDI  R31,HIGH(2*@0+(@1))
                 	CALL __GETW1PF
                 	ICALL
                 	.ENDM
                 
                 	.MACRO __CALL2EN
                 	LDI  R26,LOW(@0+(@1))
                 	LDI  R27,HIGH(@0+(@1))
                 	CALL __EEPROMRDW
                 	ICALL
                 	.ENDM
                 
                 	.MACRO __GETW1STACK
                 	IN   R26,SPL
                 	IN   R27,SPH
                 	ADIW R26,@0+1
                 	LD   R30,X+
                 	LD   R31,X
                 	.ENDM
                 
                 	.MACRO __GETD1STACK
                 	IN   R26,SPL
                 	IN   R27,SPH
                 	ADIW R26,@0+1
                 	LD   R30,X+
                 	LD   R31,X+
                 	LD   R22,X
                 	.ENDM
                 
                 	.MACRO __NBST
                 	BST  R@0,@1
                 	IN   R30,SREG
                 	LDI  R31,0x40
                 	EOR  R30,R31
                 	OUT  SREG,R30
                 	.ENDM
                 
                 
                 	.MACRO __PUTB1SN
                 	LDD  R26,Y+@0
                 	LDD  R27,Y+@0+1
                 	SUBI R26,LOW(-@1)
                 	SBCI R27,HIGH(-@1)
                 	ST   X,R30
                 	.ENDM
                 
                 	.MACRO __PUTW1SN
                 	LDD  R26,Y+@0
                 	LDD  R27,Y+@0+1
                 	SUBI R26,LOW(-@1)
                 	SBCI R27,HIGH(-@1)
                 	ST   X+,R30
                 	ST   X,R31
                 	.ENDM
                 
                 	.MACRO __PUTD1SN
                 	LDD  R26,Y+@0
                 	LDD  R27,Y+@0+1
                 	SUBI R26,LOW(-@1)
                 	SBCI R27,HIGH(-@1)
                 	CALL __PUTDP1
                 	.ENDM
                 
                 	.MACRO __PUTB1SNS
                 	LDD  R26,Y+@0
                 	LDD  R27,Y+@0+1
                 	ADIW R26,@1
                 	ST   X,R30
                 	.ENDM
                 
                 	.MACRO __PUTW1SNS
                 	LDD  R26,Y+@0
                 	LDD  R27,Y+@0+1
                 	ADIW R26,@1
                 	ST   X+,R30
                 	ST   X,R31
                 	.ENDM
                 
                 	.MACRO __PUTD1SNS
                 	LDD  R26,Y+@0
                 	LDD  R27,Y+@0+1
                 	ADIW R26,@1
                 	CALL __PUTDP1
                 	.ENDM
                 
                 	.MACRO __PUTB1PMN
                 	LDS  R26,@0
                 	LDS  R27,@0+1
                 	SUBI R26,LOW(-@1)
                 	SBCI R27,HIGH(-@1)
                 	ST   X,R30
                 	.ENDM
                 
                 	.MACRO __PUTW1PMN
                 	LDS  R26,@0
                 	LDS  R27,@0+1
                 	SUBI R26,LOW(-@1)
                 	SBCI R27,HIGH(-@1)
                 	ST   X+,R30
                 	ST   X,R31
                 	.ENDM
                 
                 	.MACRO __PUTD1PMN
                 	LDS  R26,@0
                 	LDS  R27,@0+1
                 	SUBI R26,LOW(-@1)
                 	SBCI R27,HIGH(-@1)
                 	CALL __PUTDP1
                 	.ENDM
                 
                 	.MACRO __PUTB1PMNS
                 	LDS  R26,@0
                 	LDS  R27,@0+1
                 	ADIW R26,@1
                 	ST   X,R30
                 	.ENDM
                 
                 	.MACRO __PUTW1PMNS
                 	LDS  R26,@0
                 	LDS  R27,@0+1
                 	ADIW R26,@1
                 	ST   X+,R30
                 	ST   X,R31
                 	.ENDM
                 
                 	.MACRO __PUTD1PMNS
                 	LDS  R26,@0
                 	LDS  R27,@0+1
                 	ADIW R26,@1
                 	CALL __PUTDP1
                 	.ENDM
                 
                 	.MACRO __PUTB1RN
                 	MOVW R26,R@0
                 	SUBI R26,LOW(-@1)
                 	SBCI R27,HIGH(-@1)
                 	ST   X,R30
                 	.ENDM
                 
                 	.MACRO __PUTW1RN
                 	MOVW R26,R@0
                 	SUBI R26,LOW(-@1)
                 	SBCI R27,HIGH(-@1)
                 	ST   X+,R30
                 	ST   X,R31
                 	.ENDM
                 
                 	.MACRO __PUTD1RN
                 	MOVW R26,R@0
                 	SUBI R26,LOW(-@1)
                 	SBCI R27,HIGH(-@1)
                 	CALL __PUTDP1
                 	.ENDM
                 
                 	.MACRO __PUTB1RNS
                 	MOVW R26,R@0
                 	ADIW R26,@1
                 	ST   X,R30
                 	.ENDM
                 
                 	.MACRO __PUTW1RNS
                 	MOVW R26,R@0
                 	ADIW R26,@1
                 	ST   X+,R30
                 	ST   X,R31
                 	.ENDM
                 
                 	.MACRO __PUTD1RNS
                 	MOVW R26,R@0
                 	ADIW R26,@1
                 	CALL __PUTDP1
                 	.ENDM
                 
                 	.MACRO __PUTB1RON
                 	MOV  R26,R@0
                 	MOV  R27,R@1
                 	SUBI R26,LOW(-@2)
                 	SBCI R27,HIGH(-@2)
                 	ST   X,R30
                 	.ENDM
                 
                 	.MACRO __PUTW1RON
                 	MOV  R26,R@0
                 	MOV  R27,R@1
                 	SUBI R26,LOW(-@2)
                 	SBCI R27,HIGH(-@2)
                 	ST   X+,R30
                 	ST   X,R31
                 	.ENDM
                 
                 	.MACRO __PUTD1RON
                 	MOV  R26,R@0
                 	MOV  R27,R@1
                 	SUBI R26,LOW(-@2)
                 	SBCI R27,HIGH(-@2)
                 	CALL __PUTDP1
                 	.ENDM
                 
                 	.MACRO __PUTB1RONS
                 	MOV  R26,R@0
                 	MOV  R27,R@1
                 	ADIW R26,@2
                 	ST   X,R30
                 	.ENDM
                 
                 	.MACRO __PUTW1RONS
                 	MOV  R26,R@0
                 	MOV  R27,R@1
                 	ADIW R26,@2
                 	ST   X+,R30
                 	ST   X,R31
                 	.ENDM
                 
                 	.MACRO __PUTD1RONS
                 	MOV  R26,R@0
                 	MOV  R27,R@1
                 	ADIW R26,@2
                 	CALL __PUTDP1
                 	.ENDM
                 
                 
                 	.MACRO __GETB1SX
                 	MOVW R30,R28
                 	SUBI R30,LOW(-@0)
                 	SBCI R31,HIGH(-@0)
                 	LD   R30,Z
                 	.ENDM
                 
                 	.MACRO __GETB1HSX
                 	MOVW R30,R28
                 	SUBI R30,LOW(-@0)
                 	SBCI R31,HIGH(-@0)
                 	LD   R31,Z
                 	.ENDM
                 
                 	.MACRO __GETW1SX
                 	MOVW R30,R28
                 	SUBI R30,LOW(-@0)
                 	SBCI R31,HIGH(-@0)
                 	LD   R0,Z+
                 	LD   R31,Z
                 	MOV  R30,R0
                 	.ENDM
                 
                 	.MACRO __GETD1SX
                 	MOVW R30,R28
                 	SUBI R30,LOW(-@0)
                 	SBCI R31,HIGH(-@0)
                 	LD   R0,Z+
                 	LD   R1,Z+
                 	LD   R22,Z+
                 	LD   R23,Z
                 	MOVW R30,R0
                 	.ENDM
                 
                 	.MACRO __GETB2SX
                 	MOVW R26,R28
                 	SUBI R26,LOW(-@0)
                 	SBCI R27,HIGH(-@0)
                 	LD   R26,X
                 	.ENDM
                 
                 	.MACRO __GETW2SX
                 	MOVW R26,R28
                 	SUBI R26,LOW(-@0)
                 	SBCI R27,HIGH(-@0)
                 	LD   R0,X+
                 	LD   R27,X
                 	MOV  R26,R0
                 	.ENDM
                 
                 	.MACRO __GETD2SX
                 	MOVW R26,R28
                 	SUBI R26,LOW(-@0)
                 	SBCI R27,HIGH(-@0)
                 	LD   R0,X+
                 	LD   R1,X+
                 	LD   R24,X+
                 	LD   R25,X
                 	MOVW R26,R0
                 	.ENDM
                 
                 	.MACRO __GETBRSX
                 	MOVW R30,R28
                 	SUBI R30,LOW(-@1)
                 	SBCI R31,HIGH(-@1)
                 	LD   R@0,Z
                 	.ENDM
                 
                 	.MACRO __GETWRSX
                 	MOVW R30,R28
                 	SUBI R30,LOW(-@2)
                 	SBCI R31,HIGH(-@2)
                 	LD   R@0,Z+
                 	LD   R@1,Z
                 	.ENDM
                 
                 	.MACRO __GETBRSX2
                 	MOVW R26,R28
                 	SUBI R26,LOW(-@1)
                 	SBCI R27,HIGH(-@1)
                 	LD   R@0,X
                 	.ENDM
                 
                 	.MACRO __GETWRSX2
                 	MOVW R26,R28
                 	SUBI R26,LOW(-@2)
                 	SBCI R27,HIGH(-@2)
                 	LD   R@0,X+
                 	LD   R@1,X
                 	.ENDM
                 
                 	.MACRO __LSLW8SX
                 	MOVW R30,R28
                 	SUBI R30,LOW(-@0)
                 	SBCI R31,HIGH(-@0)
                 	LD   R31,Z
                 	CLR  R30
                 	.ENDM
                 
                 	.MACRO __PUTB1SX
                 	MOVW R26,R28
                 	SUBI R26,LOW(-@0)
                 	SBCI R27,HIGH(-@0)
                 	ST   X,R30
                 	.ENDM
                 
                 	.MACRO __PUTW1SX
                 	MOVW R26,R28
                 	SUBI R26,LOW(-@0)
                 	SBCI R27,HIGH(-@0)
                 	ST   X+,R30
                 	ST   X,R31
                 	.ENDM
                 
                 	.MACRO __PUTD1SX
                 	MOVW R26,R28
                 	SUBI R26,LOW(-@0)
                 	SBCI R27,HIGH(-@0)
                 	ST   X+,R30
                 	ST   X+,R31
                 	ST   X+,R22
                 	ST   X,R23
                 	.ENDM
                 
                 	.MACRO __CLRW1SX
                 	MOVW R26,R28
                 	SUBI R26,LOW(-@0)
                 	SBCI R27,HIGH(-@0)
                 	ST   X+,R30
                 	ST   X,R30
                 	.ENDM
                 
                 	.MACRO __CLRD1SX
                 	MOVW R26,R28
                 	SUBI R26,LOW(-@0)
                 	SBCI R27,HIGH(-@0)
                 	ST   X+,R30
                 	ST   X+,R30
                 	ST   X+,R30
                 	ST   X,R30
                 	.ENDM
                 
                 	.MACRO __PUTB2SX
                 	MOVW R30,R28
                 	SUBI R30,LOW(-@0)
                 	SBCI R31,HIGH(-@0)
                 	ST   Z,R26
                 	.ENDM
                 
                 	.MACRO __PUTW2SX
                 	MOVW R30,R28
                 	SUBI R30,LOW(-@0)
                 	SBCI R31,HIGH(-@0)
                 	ST   Z+,R26
                 	ST   Z,R27
                 	.ENDM
                 
                 	.MACRO __PUTD2SX
                 	MOVW R30,R28
                 	SUBI R30,LOW(-@0)
                 	SBCI R31,HIGH(-@0)
                 	ST   Z+,R26
                 	ST   Z+,R27
                 	ST   Z+,R24
                 	ST   Z,R25
                 	.ENDM
                 
                 	.MACRO __PUTBSRX
                 	MOVW R30,R28
                 	SUBI R30,LOW(-@1)
                 	SBCI R31,HIGH(-@1)
                 	ST   Z,R@0
                 	.ENDM
                 
                 	.MACRO __PUTWSRX
                 	MOVW R30,R28
                 	SUBI R30,LOW(-@2)
                 	SBCI R31,HIGH(-@2)
                 	ST   Z+,R@0
                 	ST   Z,R@1
                 	.ENDM
                 
                 	.MACRO __PUTB1SNX
                 	MOVW R26,R28
                 	SUBI R26,LOW(-@0)
                 	SBCI R27,HIGH(-@0)
                 	LD   R0,X+
                 	LD   R27,X
                 	MOV  R26,R0
                 	SUBI R26,LOW(-@1)
                 	SBCI R27,HIGH(-@1)
                 	ST   X,R30
                 	.ENDM
                 
                 	.MACRO __PUTW1SNX
                 	MOVW R26,R28
                 	SUBI R26,LOW(-@0)
                 	SBCI R27,HIGH(-@0)
                 	LD   R0,X+
                 	LD   R27,X
                 	MOV  R26,R0
                 	SUBI R26,LOW(-@1)
                 	SBCI R27,HIGH(-@1)
                 	ST   X+,R30
                 	ST   X,R31
                 	.ENDM
                 
                 	.MACRO __PUTD1SNX
                 	MOVW R26,R28
                 	SUBI R26,LOW(-@0)
                 	SBCI R27,HIGH(-@0)
                 	LD   R0,X+
                 	LD   R27,X
                 	MOV  R26,R0
                 	SUBI R26,LOW(-@1)
                 	SBCI R27,HIGH(-@1)
                 	ST   X+,R30
                 	ST   X+,R31
                 	ST   X+,R22
                 	ST   X,R23
                 	.ENDM
                 
                 	.MACRO __MULBRR
                 	MULS R@0,R@1
                 	MOVW R30,R0
                 	.ENDM
                 
                 	.MACRO __MULBRRU
                 	MUL  R@0,R@1
                 	MOVW R30,R0
                 	.ENDM
                 
                 	.MACRO __MULBRR0
                 	MULS R@0,R@1
                 	.ENDM
                 
                 	.MACRO __MULBRRU0
                 	MUL  R@0,R@1
                 	.ENDM
                 
                 	.MACRO __MULBNWRU
                 	LDI  R26,@2
                 	MUL  R26,R@0
                 	MOVW R30,R0
                 	MUL  R26,R@1
                 	ADD  R31,R0
                 	.ENDM
                 
                 	.CSEG
                 	.ORG 0x00
                 
                 ;START OF CODE MARKER
                 __START_OF_CODE:
                 
                 ;INTERRUPT VECTORS
000000 940c 003e 	JMP  __RESET
000002 940c 0000 	JMP  0x00
000004 940c 0000 	JMP  0x00
000006 940c 0000 	JMP  0x00
000008 940c 0000 	JMP  0x00
00000a 940c 0000 	JMP  0x00
00000c 940c 0000 	JMP  0x00
00000e 940c 0000 	JMP  0x00
000010 940c 0000 	JMP  0x00
000012 940c 0000 	JMP  0x00
000014 940c 0000 	JMP  0x00
000016 940c 0000 	JMP  0x00
000018 940c 0000 	JMP  0x00
00001a 940c 0000 	JMP  0x00
00001c 940c 0000 	JMP  0x00
00001e 940c 0000 	JMP  0x00
000020 940c 0000 	JMP  0x00
000022 940c 0000 	JMP  0x00
000024 940c 0000 	JMP  0x00
000026 940c 0000 	JMP  0x00
000028 940c 0000 	JMP  0x00
                 
                 _0x3:
00002a 063f
00002b 4f5b
00002c 6d66
00002d 077d      	.DB  0x3F,0x6,0x5B,0x4F,0x66,0x6D,0x7D,0x7
00002e 6f7f      	.DB  0x7F,0x6F
                 _0x22:
00002f 0201
000030 0403
000031 0605
000032 0807      	.DB  0x1,0x2,0x3,0x4,0x5,0x6,0x7,0x8
000033 0109
000034 0201
000035 0403
000036 0605      	.DB  0x9,0x1,0x1,0x2,0x3,0x4,0x5,0x6
                 
                 __GLOBAL_INI_TBL:
000037 000a      	.DW  0x0A
000038 0160      	.DW  _led_7_G000
000039 0054      	.DW  _0x3*2
                 
00003a 0010      	.DW  0x10
00003b 016a      	.DW  _KEY_4x4_G000
00003c 005e      	.DW  _0x22*2
                 
                 _0xFFFFFFFF:
00003d 0000      	.DW  0
                 
                 __RESET:
00003e 94f8      	CLI
00003f 27ee      	CLR  R30
000040 bbec      	OUT  EECR,R30
                 
                 ;INTERRUPT VECTORS ARE PLACED
                 ;AT THE START OF FLASH
000041 e0f1      	LDI  R31,1
000042 bffb      	OUT  GICR,R31
000043 bfeb      	OUT  GICR,R30
000044 bfe5      	OUT  MCUCR,R30
                 
                 ;DISABLE WATCHDOG
000045 e1f8      	LDI  R31,0x18
000046 bdf1      	OUT  WDTCR,R31
000047 bde1      	OUT  WDTCR,R30
                 
                 ;CLEAR R2-R14
000048 e08d      	LDI  R24,(14-2)+1
000049 e0a2      	LDI  R26,2
00004a 27bb      	CLR  R27
                 __CLEAR_REG:
00004b 93ed      	ST   X+,R30
00004c 958a      	DEC  R24
00004d f7e9      	BRNE __CLEAR_REG
                 
                 ;CLEAR SRAM
00004e e080      	LDI  R24,LOW(__CLEAR_SRAM_SIZE)
00004f e094      	LDI  R25,HIGH(__CLEAR_SRAM_SIZE)
000050 e6a0      	LDI  R26,__SRAM_START
                 __CLEAR_SRAM:
000051 93ed      	ST   X+,R30
000052 9701      	SBIW R24,1
000053 f7e9      	BRNE __CLEAR_SRAM
                 
                 ;GLOBAL VARIABLES INITIALIZATION
000054 e6ee      	LDI  R30,LOW(__GLOBAL_INI_TBL*2)
000055 e0f0      	LDI  R31,HIGH(__GLOBAL_INI_TBL*2)
                 __GLOBAL_INI_NEXT:
000056 9185      	LPM  R24,Z+
000057 9195      	LPM  R25,Z+
000058 9700      	SBIW R24,0
000059 f061      	BREQ __GLOBAL_INI_END
00005a 91a5      	LPM  R26,Z+
00005b 91b5      	LPM  R27,Z+
00005c 9005      	LPM  R0,Z+
00005d 9015      	LPM  R1,Z+
00005e 01bf      	MOVW R22,R30
00005f 01f0      	MOVW R30,R0
                 __GLOBAL_INI_LOOP:
000060 9005      	LPM  R0,Z+
000061 920d      	ST   X+,R0
000062 9701      	SBIW R24,1
000063 f7e1      	BRNE __GLOBAL_INI_LOOP
000064 01fb      	MOVW R30,R22
000065 cff0      	RJMP __GLOBAL_INI_NEXT
                 __GLOBAL_INI_END:
                 
                 ;HARDWARE STACK POINTER INITIALIZATION
000066 e5ef      	LDI  R30,LOW(__SRAM_END-__HEAP_SIZE)
000067 bfed      	OUT  SPL,R30
000068 e0e4      	LDI  R30,HIGH(__SRAM_END-__HEAP_SIZE)
000069 bfee      	OUT  SPH,R30
                 
                 ;DATA STACK POINTER INITIALIZATION
00006a e6c0      	LDI  R28,LOW(__SRAM_START+__DSTACK_SIZE)
00006b e0d1      	LDI  R29,HIGH(__SRAM_START+__DSTACK_SIZE)
                 
00006c 940c 0137 	JMP  _main
                 
                 	.ESEG
                 	.ORG 0
                 
                 	.DSEG
                 	.ORG 0x160
                 
                 	.CSEG
                 ;/*****************************************************
                 ;This program was produced by the
                 ;CodeWizardAVR V2.05.0 Professional
                 ;Automatic Program Generator
                 ;© Copyright 1998-2010 Pavel Haiduc, HP InfoTech s.r.l.
                 ;http://www.hpinfotech.com
                 ;
                 ;Project :
                 ;Version :
                 ;Date    : 9/20/2015
                 ;Author  : NeVaDa
                 ;Company :
                 ;Comments:
                 ;
                 ;
                 ;Chip type               : ATmega16
                 ;Program type            : Application
                 ;AVR Core Clock frequency: 16.000000 MHz
                 ;Memory model            : Small
                 ;External RAM size       : 0
                 ;Data Stack size         : 256
                 ;*****************************************************/
                 ;
                 ;#include <mega16.h>
                 	#ifndef __SLEEP_DEFINED__
                 	#define __SLEEP_DEFINED__
                 	.EQU __se_bit=0x40
                 	.EQU __sm_mask=0xB0
                 	.EQU __sm_powerdown=0x20
                 	.EQU __sm_powersave=0x30
                 	.EQU __sm_standby=0xA0
                 	.EQU __sm_ext_standby=0xB0
                 	.EQU __sm_adc_noise_red=0x10
                 	.SET power_ctrl_reg=mcucr
                 	#endif
                 ;#include <delay.h>
                 ;
                 ;
                 ;
                 ;
                 ;#define KEY4x4_COL1 PIND.4
                 ;#define KEY4x4_COL2 PIND.5
                 ;#define KEY4x4_COL3 PIND.6
                 ;#define KEY4x4_COL4 PIND.7
                 ;
                 ;#define KEY4x4_ROW1 PORTD.3
                 ;#define KEY4x4_ROW2 PORTD.2
                 ;#define KEY4x4_ROW3 PORTD.1
                 ;#define KEY4x4_ROW4 PORTD.0
                 ;
                 ;
                 ;static unsigned char led_7[10]={0b00111111,0b00000110,0b01011011,0b01001111,0b01100110,0b01101101,0b01111101,0b00000111,0b01111111,0b01101111};
                 
                 	.DSEG
                 ;
                 ;
                 ;//ham dem so chu so
                 ;
                 ;int dem_chuso(int number){
                 ; 0000 002E int dem_chuso(int number){
                 
                 	.CSEG
                 _dem_chuso:
                 ; 0000 002F     int dem=0;
                 ; 0000 0030     while(number){
00006e 931a      	ST   -Y,R17
00006f 930a      	ST   -Y,R16
                 ;	number -> Y+2
                 ;	dem -> R16,R17
                +
000070 e000     +LDI R16 , LOW ( 0 )
000071 e010     +LDI R17 , HIGH ( 0 )
                 	__GETWRN 16,17,0
                 _0x4:
000072 81ea      	LDD  R30,Y+2
000073 81fb      	LDD  R31,Y+2+1
000074 9730      	SBIW R30,0
000075 f059      	BREQ _0x6
                 ; 0000 0031         number=number/10;
000076 81aa      	LDD  R26,Y+2
000077 81bb      	LDD  R27,Y+2+1
000078 e0ea      	LDI  R30,LOW(10)
000079 e0f0      	LDI  R31,HIGH(10)
00007a 940e 01d7 	CALL __DIVW21
00007c 83ea      	STD  Y+2,R30
00007d 83fb      	STD  Y+2+1,R31
                 ; 0000 0032         dem=dem+1;
                +
00007e 5f0f     +SUBI R16 , LOW ( - 1 )
00007f 4f1f     +SBCI R17 , HIGH ( - 1 )
                 	__ADDWRN 16,17,1
                 ; 0000 0033     }
000080 cff1      	RJMP _0x4
                 _0x6:
                 ; 0000 0034     return dem;
000081 01f8      	MOVW R30,R16
000082 8119      	LDD  R17,Y+1
000083 8108      	LDD  R16,Y+0
000084 9624      	ADIW R28,4
000085 9508      	RET
                 ; 0000 0035 }
                 ;
                 ;void show_led7(unsigned int number){
                 ; 0000 0037 void show_led7(unsigned int number){
                 _show_led7:
                 ; 0000 0038 int i;
                 ; 0000 0039 int a;
                 ; 0000 003A int x=0b00001110;
                 ; 0000 003B int b=number;
                 ; 0000 003C for(i=0;i<dem_chuso(number);i++){
000086 9722      	SBIW R28,2
000087 940e 01fc 	CALL __SAVELOCR6
                 ;	number -> Y+8
                 ;	i -> R16,R17
                 ;	a -> R18,R19
                 ;	x -> R20,R21
                 ;	b -> Y+6
                +
000089 e04e     +LDI R20 , LOW ( 14 )
00008a e050     +LDI R21 , HIGH ( 14 )
                 	__GETWRN 20,21,14
00008b 85e8      	LDD  R30,Y+8
00008c 85f9      	LDD  R31,Y+8+1
00008d 83ee      	STD  Y+6,R30
00008e 83ff      	STD  Y+6+1,R31
                +
00008f e000     +LDI R16 , LOW ( 0 )
000090 e010     +LDI R17 , HIGH ( 0 )
                 	__GETWRN 16,17,0
                 _0x8:
000091 85e8      	LDD  R30,Y+8
000092 85f9      	LDD  R31,Y+8+1
000093 93fa      	ST   -Y,R31
000094 93ea      	ST   -Y,R30
000095 dfd8      	RCALL _dem_chuso
000096 170e      	CP   R16,R30
000097 071f      	CPC  R17,R31
000098 f534      	BRGE _0x9
                 ; 0000 003D        PORTC=0b00001111;
000099 e0ef      	LDI  R30,LOW(15)
00009a bbe5      	OUT  0x15,R30
                 ; 0000 003E        PORTC=x;
00009b bb45      	OUT  0x15,R20
                 ; 0000 003F        a=b%10;
00009c 81ae      	LDD  R26,Y+6
00009d 81bf      	LDD  R27,Y+6+1
00009e e0ea      	LDI  R30,LOW(10)
00009f e0f0      	LDI  R31,HIGH(10)
0000a0 940e 01dc 	CALL __MODW21
0000a2 019f      	MOVW R18,R30
                 ; 0000 0040        PORTA=led_7[a];
0000a3 e6a0      	LDI  R26,LOW(_led_7_G000)
0000a4 e0b1      	LDI  R27,HIGH(_led_7_G000)
0000a5 0fa2      	ADD  R26,R18
0000a6 1fb3      	ADC  R27,R19
0000a7 91ec      	LD   R30,X
0000a8 bbeb      	OUT  0x1B,R30
                 ; 0000 0041        delay_ms(1);
0000a9 e0e1      	LDI  R30,LOW(1)
0000aa e0f0      	LDI  R31,HIGH(1)
0000ab 93fa      	ST   -Y,R31
0000ac 93ea      	ST   -Y,R30
0000ad 940e 01aa 	CALL _delay_ms
                 ; 0000 0042 
                 ; 0000 0043        b=b/10;
0000af 81ae      	LDD  R26,Y+6
0000b0 81bf      	LDD  R27,Y+6+1
0000b1 e0ea      	LDI  R30,LOW(10)
0000b2 e0f0      	LDI  R31,HIGH(10)
0000b3 940e 01d7 	CALL __DIVW21
0000b5 83ee      	STD  Y+6,R30
0000b6 83ff      	STD  Y+6+1,R31
                 ; 0000 0044        x=(x<<1)+0b00000001;
0000b7 01fa      	MOVW R30,R20
0000b8 0fee      	LSL  R30
0000b9 1fff      	ROL  R31
0000ba 9631      	ADIW R30,1
0000bb 01af      	MOVW R20,R30
                 ; 0000 0045 
                 ; 0000 0046 }
                +
0000bc 5f0f     +SUBI R16 , LOW ( - 1 )
0000bd 4f1f     +SBCI R17 , HIGH ( - 1 )
                 	__ADDWRN 16,17,1
0000be cfd2      	RJMP _0x8
                 _0x9:
                 ; 0000 0047 }
0000bf 940e 0203 	CALL __LOADLOCR6
0000c1 962a      	ADIW R28,10
0000c2 9508      	RET
                 ;
                 ;
                 ;unsigned char KEY4x4_Ispush(void){
                 ; 0000 004A unsigned char KEY4x4_Ispush(void){
                 _KEY4x4_Ispush:
                 ; 0000 004B if((KEY4x4_COL1==0)|(KEY4x4_COL2==0)|(KEY4x4_COL3==0)|(KEY4x4_COL4==0))
0000c3 e0a0      	LDI  R26,0
0000c4 9984      	SBIC 0x10,4
0000c5 e0a1      	LDI  R26,1
0000c6 e0e0      	LDI  R30,LOW(0)
0000c7 940e 01bf 	CALL __EQB12
0000c9 2e0e      	MOV  R0,R30
0000ca e0a0      	LDI  R26,0
0000cb 9985      	SBIC 0x10,5
0000cc e0a1      	LDI  R26,1
0000cd e0e0      	LDI  R30,LOW(0)
0000ce 940e 01bf 	CALL __EQB12
0000d0 2a0e      	OR   R0,R30
0000d1 e0a0      	LDI  R26,0
0000d2 9986      	SBIC 0x10,6
0000d3 e0a1      	LDI  R26,1
0000d4 e0e0      	LDI  R30,LOW(0)
0000d5 940e 01bf 	CALL __EQB12
0000d7 2a0e      	OR   R0,R30
0000d8 e0a0      	LDI  R26,0
0000d9 9987      	SBIC 0x10,7
0000da e0a1      	LDI  R26,1
0000db e0e0      	LDI  R30,LOW(0)
0000dc 940e 01bf 	CALL __EQB12
0000de 29e0      	OR   R30,R0
0000df f011      	BREQ _0xA
                 ; 0000 004C return 1;
0000e0 e0e1      	LDI  R30,LOW(1)
0000e1 9508      	RET
                 ; 0000 004D else return 0;
                 _0xA:
0000e2 e0e0      	LDI  R30,LOW(0)
0000e3 9508      	RET
                 ; 0000 004E }
0000e4 9508      	RET
                 ;void KEY4x4_checkROW(unsigned char i){
                 ; 0000 004F void KEY4x4_checkROW(unsigned char i){
                 _KEY4x4_checkROW:
                 ; 0000 0050 KEY4x4_ROW1 =KEY4x4_ROW2 =KEY4x4_ROW3 =KEY4x4_ROW4 =1;
                 ;	i -> Y+0
0000e5 9a90      	SBI  0x12,0
0000e6 9a91      	SBI  0x12,1
0000e7 9a92      	SBI  0x12,2
0000e8 9a93      	SBI  0x12,3
                 ; 0000 0051 if(i==0){
0000e9 81e8      	LD   R30,Y
0000ea 30e0      	CPI  R30,0
0000eb f411      	BRNE _0x14
                 ; 0000 0052     KEY4x4_ROW1=0;
0000ec 9893      	CBI  0x12,3
                 ; 0000 0053 }
                 ; 0000 0054 else if(i==1){
0000ed c00b      	RJMP _0x17
                 _0x14:
0000ee 81a8      	LD   R26,Y
0000ef 30a1      	CPI  R26,LOW(0x1)
0000f0 f411      	BRNE _0x18
                 ; 0000 0055     KEY4x4_ROW2=0;
0000f1 9892      	CBI  0x12,2
                 ; 0000 0056 }
                 ; 0000 0057 else if(i==2){
0000f2 c006      	RJMP _0x1B
                 _0x18:
0000f3 81a8      	LD   R26,Y
0000f4 30a2      	CPI  R26,LOW(0x2)
0000f5 f411      	BRNE _0x1C
                 ; 0000 0058     KEY4x4_ROW3=0;
0000f6 9891      	CBI  0x12,1
                 ; 0000 0059 }
                 ; 0000 005A else{
0000f7 c001      	RJMP _0x1F
                 _0x1C:
                 ; 0000 005B     KEY4x4_ROW4=0;
0000f8 9890      	CBI  0x12,0
                 ; 0000 005C }
                 _0x1F:
                 _0x1B:
                 _0x17:
                 ; 0000 005D }
0000f9 9621      	ADIW R28,1
0000fa 9508      	RET
                 ;static unsigned char KEY_4x4[4][4]={1,2,3,4,
                 ;                                    5,6,7,8,
                 ;                                    9,1,1,2,
                 ;                                    3,4,5,6};
                 
                 	.DSEG
                 ;unsigned int KEY4x4_Getkey(void){
                 ; 0000 0062 unsigned int KEY4x4_Getkey(void){
                 
                 	.CSEG
                 _KEY4x4_Getkey:
                 ; 0000 0063 unsigned char i;
                 ; 0000 0064 KEY4x4_ROW1=0;
0000fb 931a      	ST   -Y,R17
                 ;	i -> R17
0000fc 9893      	CBI  0x12,3
                 ; 0000 0065 KEY4x4_ROW2=0;
0000fd 9892      	CBI  0x12,2
                 ; 0000 0066 KEY4x4_ROW3=0;
0000fe 9891      	CBI  0x12,1
                 ; 0000 0067 KEY4x4_ROW4=0;
0000ff 9890      	CBI  0x12,0
                 ; 0000 0068 if(KEY4x4_Ispush()){
000100 dfc2      	RCALL _KEY4x4_Ispush
000101 30e0      	CPI  R30,0
000102 f181      	BREQ _0x2B
                 ; 0000 0069 delay_ms(5);
000103 e0e5      	LDI  R30,LOW(5)
000104 e0f0      	LDI  R31,HIGH(5)
000105 93fa      	ST   -Y,R31
000106 93ea      	ST   -Y,R30
000107 940e 01aa 	CALL _delay_ms
                 ; 0000 006A if(KEY4x4_Ispush()){
000109 dfb9      	RCALL _KEY4x4_Ispush
00010a 30e0      	CPI  R30,0
00010b f139      	BREQ _0x2C
                 ; 0000 006B for(i=0;i<4;i++){
00010c e010      	LDI  R17,LOW(0)
                 _0x2E:
00010d 3014      	CPI  R17,4
00010e f520      	BRSH _0x2F
                 ; 0000 006C KEY4x4_checkROW(i);
00010f 931a      	ST   -Y,R17
000110 dfd4      	RCALL _KEY4x4_checkROW
                 ; 0000 006D if(!KEY4x4_COL1) return KEY_4x4[i][0];
000111 9984      	SBIC 0x10,4
000112 c006      	RJMP _0x30
000113 d08f      	RCALL SUBOPT_0x0
000114 0fae      	ADD  R26,R30
000115 1fbf      	ADC  R27,R31
000116 91ec      	LD   R30,X
000117 e0f0      	LDI  R31,0
000118 c01c      	RJMP _0x2000001
                 ; 0000 006E if(!KEY4x4_COL2) return KEY_4x4[i][1];
                 _0x30:
000119 9985      	SBIC 0x10,5
00011a c006      	RJMP _0x31
00011b d087      	RCALL SUBOPT_0x0
00011c 0fea      	ADD  R30,R26
00011d 1ffb      	ADC  R31,R27
00011e 81e1      	LDD  R30,Z+1
00011f e0f0      	LDI  R31,0
000120 c014      	RJMP _0x2000001
                 ; 0000 006F if(!KEY4x4_COL3) return KEY_4x4[i][2];
                 _0x31:
000121 9986      	SBIC 0x10,6
000122 c006      	RJMP _0x32
000123 d07f      	RCALL SUBOPT_0x0
000124 0fea      	ADD  R30,R26
000125 1ffb      	ADC  R31,R27
000126 81e2      	LDD  R30,Z+2
000127 e0f0      	LDI  R31,0
000128 c00c      	RJMP _0x2000001
                 ; 0000 0070 if(!KEY4x4_COL4) return KEY_4x4[i][3];
                 _0x32:
000129 9987      	SBIC 0x10,7
00012a c006      	RJMP _0x33
00012b d077      	RCALL SUBOPT_0x0
00012c 0fea      	ADD  R30,R26
00012d 1ffb      	ADC  R31,R27
00012e 81e3      	LDD  R30,Z+3
00012f e0f0      	LDI  R31,0
000130 c004      	RJMP _0x2000001
                 ; 0000 0071 }
                 _0x33:
000131 5f1f      	SUBI R17,-1
000132 cfda      	RJMP _0x2E
                 _0x2F:
                 ; 0000 0072 }
                 ; 0000 0073 }
                 _0x2C:
                 ; 0000 0074 return 0;
                 _0x2B:
000133 e0e0      	LDI  R30,LOW(0)
000134 e0f0      	LDI  R31,HIGH(0)
                 _0x2000001:
000135 9119      	LD   R17,Y+
000136 9508      	RET
                 ; 0000 0075 }
                 ;
                 ;
                 ;// Declare your global variables here
                 ;
                 ;void main(void) {
                 ; 0000 007A void main(void) {
                 _main:
                 ; 0000 007B 
                 ; 0000 007C // Declare your local variables here
                 ; 0000 007D 
                 ; 0000 007E // Input/Output Ports initialization
                 ; 0000 007F // Port A initialization
                 ; 0000 0080 // Func7=In Func6=Out Func5=Out Func4=Out Func3=Out Func2=Out Func1=Out Func0=Out
                 ; 0000 0081 // State7=T State6=0 State5=0 State4=0 State3=0 State2=0 State1=0 State0=0
                 ; 0000 0082 PORTA=0x00;
000137 e0e0      	LDI  R30,LOW(0)
000138 bbeb      	OUT  0x1B,R30
                 ; 0000 0083 DDRA=0b11111111;
000139 efef      	LDI  R30,LOW(255)
00013a bbea      	OUT  0x1A,R30
                 ; 0000 0084 
                 ; 0000 0085 // Port B initialization
                 ; 0000 0086 // Func7=In Func6=In Func5=In Func4=In Func3=In Func2=In Func1=In Func0=In
                 ; 0000 0087 // State7=T State6=T State5=T State4=T State3=T State2=T State1=T State0=T
                 ; 0000 0088 PORTB=0x00;
00013b e0e0      	LDI  R30,LOW(0)
00013c bbe8      	OUT  0x18,R30
                 ; 0000 0089 DDRB=0x00;
00013d bbe7      	OUT  0x17,R30
                 ; 0000 008A 
                 ; 0000 008B // Port C initialization
                 ; 0000 008C // Func7=In Func6=In Func5=In Func4=In Func3=In Func2=In Func1=In Func0=In
                 ; 0000 008D // State7=T State6=T State5=T State4=T State3=T State2=T State1=T State0=T
                 ; 0000 008E PORTC=0b00001111;
00013e e0ef      	LDI  R30,LOW(15)
00013f bbe5      	OUT  0x15,R30
                 ; 0000 008F DDRC=0b00001111;
000140 bbe4      	OUT  0x14,R30
                 ; 0000 0090 
                 ; 0000 0091 // Port D initialization
                 ; 0000 0092 // Func7=In Func6=In Func5=In Func4=In Func3=Out Func2=Out Func1=Out Func0=Out
                 ; 0000 0093 // State7=P State6=P State5=P State4=P State3=1 State2=1 State1=1 State0=1
                 ; 0000 0094 PORTD=0xFF;
000141 efef      	LDI  R30,LOW(255)
000142 bbe2      	OUT  0x12,R30
                 ; 0000 0095 DDRD=0x0F;
000143 e0ef      	LDI  R30,LOW(15)
000144 bbe1      	OUT  0x11,R30
                 ; 0000 0096 
                 ; 0000 0097 // Timer/Counter 0 initialization
                 ; 0000 0098 // Clock source: System Clock
                 ; 0000 0099 // Clock value: Timer 0 Stopped
                 ; 0000 009A // Mode: Normal top=0xFF
                 ; 0000 009B // OC0 output: Disconnected
                 ; 0000 009C TCCR0=0x00;
000145 e0e0      	LDI  R30,LOW(0)
000146 bfe3      	OUT  0x33,R30
                 ; 0000 009D TCNT0=0x00;
000147 bfe2      	OUT  0x32,R30
                 ; 0000 009E OCR0=0x00;
000148 bfec      	OUT  0x3C,R30
                 ; 0000 009F 
                 ; 0000 00A0 // Timer/Counter 1 initialization
                 ; 0000 00A1 // Clock source: System Clock
                 ; 0000 00A2 // Clock value: Timer1 Stopped
                 ; 0000 00A3 // Mode: Normal top=0xFFFF
                 ; 0000 00A4 // OC1A output: Discon.
                 ; 0000 00A5 // OC1B output: Discon.
                 ; 0000 00A6 // Noise Canceler: Off
                 ; 0000 00A7 // Input Capture on Falling Edge
                 ; 0000 00A8 // Timer1 Overflow Interrupt: Off
                 ; 0000 00A9 // Input Capture Interrupt: Off
                 ; 0000 00AA // Compare A Match Interrupt: Off
                 ; 0000 00AB // Compare B Match Interrupt: Off
                 ; 0000 00AC TCCR1A=0x00;
000149 bdef      	OUT  0x2F,R30
                 ; 0000 00AD TCCR1B=0x00;
00014a bdee      	OUT  0x2E,R30
                 ; 0000 00AE TCNT1H=0x00;
00014b bded      	OUT  0x2D,R30
                 ; 0000 00AF TCNT1L=0x00;
00014c bdec      	OUT  0x2C,R30
                 ; 0000 00B0 ICR1H=0x00;
00014d bde7      	OUT  0x27,R30
                 ; 0000 00B1 ICR1L=0x00;
00014e bde6      	OUT  0x26,R30
                 ; 0000 00B2 OCR1AH=0x00;
00014f bdeb      	OUT  0x2B,R30
                 ; 0000 00B3 OCR1AL=0x00;
000150 bdea      	OUT  0x2A,R30
                 ; 0000 00B4 OCR1BH=0x00;
000151 bde9      	OUT  0x29,R30
                 ; 0000 00B5 OCR1BL=0x00;
000152 bde8      	OUT  0x28,R30
                 ; 0000 00B6 
                 ; 0000 00B7 // Timer/Counter 2 initialization
                 ; 0000 00B8 // Clock source: System Clock
                 ; 0000 00B9 // Clock value: Timer2 Stopped
                 ; 0000 00BA // Mode: Normal top=0xFF
                 ; 0000 00BB // OC2 output: Disconnected
                 ; 0000 00BC ASSR=0x00;
000153 bde2      	OUT  0x22,R30
                 ; 0000 00BD TCCR2=0x00;
000154 bde5      	OUT  0x25,R30
                 ; 0000 00BE TCNT2=0x00;
000155 bde4      	OUT  0x24,R30
                 ; 0000 00BF OCR2=0x00;
000156 bde3      	OUT  0x23,R30
                 ; 0000 00C0 
                 ; 0000 00C1 // External Interrupt(s) initialization
                 ; 0000 00C2 // INT0: Off
                 ; 0000 00C3 // INT1: Off
                 ; 0000 00C4 // INT2: Off
                 ; 0000 00C5 MCUCR=0x00;
000157 bfe5      	OUT  0x35,R30
                 ; 0000 00C6 MCUCSR=0x00;
000158 bfe4      	OUT  0x34,R30
                 ; 0000 00C7 
                 ; 0000 00C8 // Timer(s)/Counter(s) Interrupt(s) initialization
                 ; 0000 00C9 TIMSK=0x00;
000159 bfe9      	OUT  0x39,R30
                 ; 0000 00CA 
                 ; 0000 00CB // USART initialization
                 ; 0000 00CC // USART disabled
                 ; 0000 00CD UCSRB=0x00;
00015a b9ea      	OUT  0xA,R30
                 ; 0000 00CE 
                 ; 0000 00CF // Analog Comparator initialization
                 ; 0000 00D0 // Analog Comparator: Off
                 ; 0000 00D1 // Analog Comparator Input Capture by Timer/Counter 1: Off
                 ; 0000 00D2 ACSR=0x80;
00015b e8e0      	LDI  R30,LOW(128)
00015c b9e8      	OUT  0x8,R30
                 ; 0000 00D3 SFIOR=0x00;
00015d e0e0      	LDI  R30,LOW(0)
00015e bfe0      	OUT  0x30,R30
                 ; 0000 00D4 
                 ; 0000 00D5 // ADC initialization
                 ; 0000 00D6 // ADC disabled
                 ; 0000 00D7 ADCSRA=0x00;
00015f b9e6      	OUT  0x6,R30
                 ; 0000 00D8 
                 ; 0000 00D9 // SPI initialization
                 ; 0000 00DA // SPI disabled
                 ; 0000 00DB SPCR=0x00;
000160 b9ed      	OUT  0xD,R30
                 ; 0000 00DC 
                 ; 0000 00DD // TWI initialization
                 ; 0000 00DE // TWI disabled
                 ; 0000 00DF TWCR=0x00;
000161 bfe6      	OUT  0x36,R30
                 ; 0000 00E0 
                 ; 0000 00E1 while (1)
                 _0x34:
                 ; 0000 00E2       {
                 ; 0000 00E3       int x;
                 ; 0000 00E4       int key;
                 ; 0000 00E5       int hien[4]={0,0,0,0};
                 ; 0000 00E6       key= KEY4x4_Getkey();
000162 972c      	SBIW R28,12
000163 e0e0      	LDI  R30,LOW(0)
000164 83e8      	ST   Y,R30
000165 83e9      	STD  Y+1,R30
000166 83ea      	STD  Y+2,R30
000167 83eb      	STD  Y+3,R30
000168 83ec      	STD  Y+4,R30
000169 83ed      	STD  Y+5,R30
00016a 83ee      	STD  Y+6,R30
00016b 83ef      	STD  Y+7,R30
                 ;	x -> Y+10
                 ;	key -> Y+8
                 ;	hien -> Y+0
00016c df8e      	RCALL _KEY4x4_Getkey
00016d 87e8      	STD  Y+8,R30
00016e 87f9      	STD  Y+8+1,R31
                 ; 0000 00E7       if(key)
00016f 9730      	SBIW R30,0
000170 f151      	BREQ _0x37
                 ; 0000 00E8        {
                 ; 0000 00E9         for(x=0;x<3;x++)
000171 e0e0      	LDI  R30,LOW(0)
000172 87ea      	STD  Y+10,R30
000173 87eb      	STD  Y+10+1,R30
                 _0x39:
000174 85aa      	LDD  R26,Y+10
000175 85bb      	LDD  R27,Y+10+1
000176 9713      	SBIW R26,3
000177 f4dc      	BRGE _0x3A
                 ; 0000 00EA         hien[x]=hien[x+1];
000178 85ea      	LDD  R30,Y+10
000179 85fb      	LDD  R31,Y+10+1
00017a 01de      	MOVW R26,R28
00017b 0fee      	LSL  R30
00017c 1fff      	ROL  R31
00017d 0fea      	ADD  R30,R26
00017e 1ffb      	ADC  R31,R27
00017f 010f      	MOVW R0,R30
000180 85ea      	LDD  R30,Y+10
000181 85fb      	LDD  R31,Y+10+1
000182 9631      	ADIW R30,1
000183 01de      	MOVW R26,R28
000184 0fee      	LSL  R30
000185 1fff      	ROL  R31
000186 0fae      	ADD  R26,R30
000187 1fbf      	ADC  R27,R31
000188 940e 01f8 	CALL __GETW1P
00018a 01d0      	MOVW R26,R0
00018b 93ed      	ST   X+,R30
00018c 93fc      	ST   X,R31
00018d 85ea      	LDD  R30,Y+10
00018e 85fb      	LDD  R31,Y+10+1
00018f 9631      	ADIW R30,1
000190 87ea      	STD  Y+10,R30
000191 87fb      	STD  Y+10+1,R31
000192 cfe1      	RJMP _0x39
                 _0x3A:
                 ; 0000 00EB hien[3]=led_7[key];
000193 85e8      	LDD  R30,Y+8
000194 85f9      	LDD  R31,Y+8+1
000195 5ae0      	SUBI R30,LOW(-_led_7_G000)
000196 4ffe      	SBCI R31,HIGH(-_led_7_G000)
000197 81e0      	LD   R30,Z
000198 e0f0      	LDI  R31,0
000199 83ee      	STD  Y+6,R30
00019a 83ff      	STD  Y+6+1,R31
                 ; 0000 00EC 
                 ; 0000 00ED        }
                 ; 0000 00EE         show_led7(hien[3]);
                 _0x37:
00019b 81ee      	LDD  R30,Y+6
00019c 81ff      	LDD  R31,Y+6+1
00019d 93fa      	ST   -Y,R31
00019e 93ea      	ST   -Y,R30
00019f dee6      	RCALL _show_led7
                 ; 0000 00EF       }
0001a0 962c      	ADIW R28,12
0001a1 cfc0      	RJMP _0x34
                 ; 0000 00F0 
                 ; 0000 00F1 
                 ; 0000 00F2   }
                 _0x3B:
0001a2 cfff      	RJMP _0x3B
                 ;
                 
                 	.DSEG
                 _led_7_G000:
000160           	.BYTE 0xA
                 _KEY_4x4_G000:
00016a           	.BYTE 0x10
                 
                 	.CSEG
                 ;OPTIMIZER ADDED SUBROUTINE, CALLED 4 TIMES, CODE SIZE REDUCTION:15 WORDS
                 SUBOPT_0x0:
0001a3 2fe1      	MOV  R30,R17
0001a4 e6aa      	LDI  R26,LOW(_KEY_4x4_G000)
0001a5 e0b1      	LDI  R27,HIGH(_KEY_4x4_G000)
0001a6 e0f0      	LDI  R31,0
0001a7 940e 01ba 	CALL __LSLW2
0001a9 9508      	RET
                 
                 
                 	.CSEG
                 _delay_ms:
0001aa 91e9      	ld   r30,y+
0001ab 91f9      	ld   r31,y+
0001ac 9630      	adiw r30,0
0001ad f039      	breq __delay_ms1
                 __delay_ms0:
                +
0001ae ea80     +LDI R24 , LOW ( 0xFA0 )
0001af e09f     +LDI R25 , HIGH ( 0xFA0 )
                +__DELAY_USW_LOOP :
0001b0 9701     +SBIW R24 , 1
0001b1 f7f1     +BRNE __DELAY_USW_LOOP
                 	__DELAY_USW 0xFA0
0001b2 95a8      	wdr
0001b3 9731      	sbiw r30,1
0001b4 f7c9      	brne __delay_ms0
                 __delay_ms1:
0001b5 9508      	ret
                 
                 __ANEGW1:
0001b6 95f1      	NEG  R31
0001b7 95e1      	NEG  R30
0001b8 40f0      	SBCI R31,0
0001b9 9508      	RET
                 
                 __LSLW2:
0001ba 0fee      	LSL  R30
0001bb 1fff      	ROL  R31
0001bc 0fee      	LSL  R30
0001bd 1fff      	ROL  R31
0001be 9508      	RET
                 
                 __EQB12:
0001bf 17ea      	CP   R30,R26
0001c0 e0e1      	LDI  R30,1
0001c1 f009      	BREQ __EQB12T
0001c2 27ee      	CLR  R30
                 __EQB12T:
0001c3 9508      	RET
                 
                 __DIVW21U:
0001c4 2400      	CLR  R0
0001c5 2411      	CLR  R1
0001c6 e190      	LDI  R25,16
                 __DIVW21U1:
0001c7 0faa      	LSL  R26
0001c8 1fbb      	ROL  R27
0001c9 1c00      	ROL  R0
0001ca 1c11      	ROL  R1
0001cb 1a0e      	SUB  R0,R30
0001cc 0a1f      	SBC  R1,R31
0001cd f418      	BRCC __DIVW21U2
0001ce 0e0e      	ADD  R0,R30
0001cf 1e1f      	ADC  R1,R31
0001d0 c001      	RJMP __DIVW21U3
                 __DIVW21U2:
0001d1 60a1      	SBR  R26,1
                 __DIVW21U3:
0001d2 959a      	DEC  R25
0001d3 f799      	BRNE __DIVW21U1
0001d4 01fd      	MOVW R30,R26
0001d5 01d0      	MOVW R26,R0
0001d6 9508      	RET
                 
                 __DIVW21:
0001d7 d012      	RCALL __CHKSIGNW
0001d8 dfeb      	RCALL __DIVW21U
0001d9 f40e      	BRTC __DIVW211
0001da dfdb      	RCALL __ANEGW1
                 __DIVW211:
0001db 9508      	RET
                 
                 __MODW21:
0001dc 94e8      	CLT
0001dd ffb7      	SBRS R27,7
0001de c004      	RJMP __MODW211
0001df 95a0      	COM  R26
0001e0 95b0      	COM  R27
0001e1 9611      	ADIW R26,1
0001e2 9468      	SET
                 __MODW211:
0001e3 fdf7      	SBRC R31,7
0001e4 dfd1      	RCALL __ANEGW1
0001e5 dfde      	RCALL __DIVW21U
0001e6 01fd      	MOVW R30,R26
0001e7 f40e      	BRTC __MODW212
0001e8 dfcd      	RCALL __ANEGW1
                 __MODW212:
0001e9 9508      	RET
                 
                 __CHKSIGNW:
0001ea 94e8      	CLT
0001eb fff7      	SBRS R31,7
0001ec c002      	RJMP __CHKSW1
0001ed dfc8      	RCALL __ANEGW1
0001ee 9468      	SET
                 __CHKSW1:
0001ef ffb7      	SBRS R27,7
0001f0 c006      	RJMP __CHKSW2
0001f1 95a0      	COM  R26
0001f2 95b0      	COM  R27
0001f3 9611      	ADIW R26,1
0001f4 f800      	BLD  R0,0
0001f5 9403      	INC  R0
0001f6 fa00      	BST  R0,0
                 __CHKSW2:
0001f7 9508      	RET
                 
                 __GETW1P:
0001f8 91ed      	LD   R30,X+
0001f9 91fc      	LD   R31,X
0001fa 9711      	SBIW R26,1
0001fb 9508      	RET
                 
                 __SAVELOCR6:
0001fc 935a      	ST   -Y,R21
                 __SAVELOCR5:
0001fd 934a      	ST   -Y,R20
                 __SAVELOCR4:
0001fe 933a      	ST   -Y,R19
                 __SAVELOCR3:
0001ff 932a      	ST   -Y,R18
                 __SAVELOCR2:
000200 931a      	ST   -Y,R17
000201 930a      	ST   -Y,R16
000202 9508      	RET
                 
                 __LOADLOCR6:
000203 815d      	LDD  R21,Y+5
                 __LOADLOCR5:
000204 814c      	LDD  R20,Y+4
                 __LOADLOCR4:
000205 813b      	LDD  R19,Y+3
                 __LOADLOCR3:
000206 812a      	LDD  R18,Y+2
                 __LOADLOCR2:
000207 8119      	LDD  R17,Y+1
000208 8108      	LD   R16,Y
000209 9508      	RET
                 
                 ;END OF CODE MARKER
                 __END_OF_CODE:


RESOURCE USE INFORMATION
------------------------

Notice:
The register and instruction counts are symbol table hit counts,
and hence implicitly used resources are not counted, eg, the
'lpm' instruction without operands implicitly uses r0 and z,
none of which are counted.

x,y,z are separate entities in the symbol table and are
counted separately from r26..r31 here.

.dseg memory usage only counts static data declared with .byte

ATmega16 register use summary:
r0 :  18 r1 :   5 r2 :   0 r3 :   0 r4 :   0 r5 :   0 r6 :   0 r7 :   0 
r8 :   0 r9 :   0 r10:   0 r11:   0 r12:   0 r13:   0 r14:   0 r15:   0 
r16:  10 r17:  16 r18:   4 r19:   3 r20:   6 r21:   3 r22:   2 r23:   0 
r24:   9 r25:   5 r26:  43 r27:  20 r28:   9 r29:   1 r30: 154 r31:  57 
x  :   9 y  :  78 z  :  11 
Registers used: 20 out of 35 (57.1%)

ATmega16 instruction use summary:
.lds  :   0 .lds.l:   0 .sts  :   0 .sts.l:   0 adc   :   8 add   :   8 
adiw  :  10 and   :   0 andi  :   0 asr   :   0 bclr  :   0 bld   :   1 
brbc  :   0 brbs  :   0 brcc  :   1 brcs  :   0 break :   0 breq  :   8 
brge  :   2 brhc  :   0 brhs  :   0 brid  :   0 brie  :   0 brlo  :   0 
brlt  :   0 brmi  :   0 brne  :   9 brpl  :   0 brsh  :   1 brtc  :   2 
brts  :   0 brvc  :   0 brvs  :   0 bset  :   0 bst   :   1 call  :  13 
cbi   :   8 cbr   :   0 clc   :   0 clh   :   0 cli   :   1 cln   :   0 
clr   :   5 cls   :   0 clt   :   2 clv   :   0 clz   :   0 com   :   4 
cp    :   2 cpc   :   1 cpi   :   6 cpse  :   0 dec   :   2 des   :   0 
eor   :   0 fmul  :   0 fmuls :   0 fmulsu:   0 icall :   0 ijmp  :   0 
in    :   0 inc   :   1 jmp   :  22 ld    :  12 ldd   :  34 ldi   :  72 
lds   :   0 lpm   :   7 lsl   :   6 lsr   :   0 mov   :   2 movw  :  14 
mul   :   0 muls  :   0 mulsu :   0 neg   :   2 nop   :   0 or    :   3 
ori   :   0 out   :  45 pop   :   0 push  :   0 rcall :  17 ret   :  19 
reti  :   0 rjmp  :  22 rol   :   8 ror   :   0 sbc   :   1 sbci  :   4 
sbi   :   4 sbic  :   8 sbis  :   0 sbiw  :  11 sbr   :   1 sbrc  :   1 
sbrs  :   3 sec   :   0 seh   :   0 sei   :   0 sen   :   0 ser   :   0 
ses   :   0 set   :   2 sev   :   0 sez   :   0 sleep :   0 spm   :   0 
st    :  24 std   :  21 sts   :   0 sub   :   1 subi  :   4 swap  :   0 
tst   :   0 wdr   :   1 
Instructions used: 51 out of 116 (44.0%)

ATmega16 memory use summary [bytes]:
Segment   Begin    End      Code   Data   Used    Size   Use%
---------------------------------------------------------------
[.cseg] 0x000000 0x000414   1004     40   1044   16384   6.4%
[.dseg] 0x000060 0x00017a      0     26     26    1119   2.3%
[.eseg] 0x000000 0x000000      0      0      0     512   0.0%

Assembly complete, 0 errors, 0 warnings
